<?xml version="1.0" encoding="UTF-8"?>
<coverage generated="1778815904709" clover="3.2.0">
  <project timestamp="1778815904709" name="All files">
    <metrics statements="725" coveredstatements="610" conditionals="478" coveredconditionals="366" methods="159" coveredmethods="127" elements="1362" coveredelements="1103" complexity="0" loc="725" ncloc="725" packages="4" files="22" classes="22"/>
    <package name="models">
      <metrics statements="61" coveredstatements="61" conditionals="29" coveredconditionals="29" methods="27" coveredmethods="27"/>
      <file name="commentModel.js" path="/Users/sambigham/Documents/GitHub/GrinCode/models/commentModel.js">
        <metrics statements="5" coveredstatements="5" conditionals="2" coveredconditionals="2" methods="2" coveredmethods="2"/>
        <line num="15" count="1" type="stmt"/>
        <line num="24" count="1" type="stmt"/>
        <line num="37" count="1" type="stmt"/>
        <line num="43" count="1" type="stmt"/>
        <line num="58" count="1" type="stmt"/>
      </file>
      <file name="marketModel.js" path="/Users/sambigham/Documents/GitHub/GrinCode/models/marketModel.js">
        <metrics statements="13" coveredstatements="13" conditionals="6" coveredconditionals="6" methods="6" coveredmethods="6"/>
        <line num="21" count="1" type="stmt"/>
        <line num="38" count="1" type="stmt"/>
        <line num="51" count="1" type="stmt"/>
        <line num="57" count="1" type="stmt"/>
        <line num="70" count="1" type="stmt"/>
        <line num="76" count="1" type="stmt"/>
        <line num="89" count="1" type="stmt"/>
        <line num="95" count="1" type="stmt"/>
        <line num="105" count="1" type="stmt"/>
        <line num="110" count="1" type="stmt"/>
        <line num="120" count="1" type="stmt"/>
        <line num="127" count="1" type="stmt"/>
        <line num="138" count="1" type="stmt"/>
      </file>
      <file name="outcomeModel.js" path="/Users/sambigham/Documents/GitHub/GrinCode/models/outcomeModel.js">
        <metrics statements="10" coveredstatements="10" conditionals="5" coveredconditionals="5" methods="5" coveredmethods="5"/>
        <line num="11" count="1" type="stmt"/>
        <line num="16" count="1" type="stmt"/>
        <line num="27" count="1" type="stmt"/>
        <line num="33" count="1" type="stmt"/>
        <line num="44" count="1" type="stmt"/>
        <line num="50" count="1" type="stmt"/>
        <line num="61" count="1" type="stmt"/>
        <line num="67" count="1" type="stmt"/>
        <line num="80" count="1" type="stmt"/>
        <line num="90" count="1" type="stmt"/>
      </file>
      <file name="transactionModel.js" path="/Users/sambigham/Documents/GitHub/GrinCode/models/transactionModel.js">
        <metrics statements="5" coveredstatements="5" conditionals="3" coveredconditionals="3" methods="2" coveredmethods="2"/>
        <line num="12" count="1" type="stmt"/>
        <line num="25" count="1" type="stmt"/>
        <line num="36" count="1" type="stmt"/>
        <line num="41" count="1" type="stmt"/>
        <line num="53" count="1" type="stmt"/>
      </file>
      <file name="userModel.js" path="/Users/sambigham/Documents/GitHub/GrinCode/models/userModel.js">
        <metrics statements="14" coveredstatements="14" conditionals="7" coveredconditionals="7" methods="6" coveredmethods="6"/>
        <line num="12" count="1" type="stmt"/>
        <line num="14" count="1" type="stmt"/>
        <line num="18" count="1" type="stmt"/>
        <line num="29" count="1" type="stmt"/>
        <line num="34" count="1" type="stmt"/>
        <line num="44" count="1" type="stmt"/>
        <line num="50" count="1" type="stmt"/>
        <line num="60" count="1" type="stmt"/>
        <line num="66" count="1" type="stmt"/>
        <line num="78" count="1" type="stmt"/>
        <line num="83" count="1" type="stmt"/>
        <line num="95" count="1" type="stmt"/>
        <line num="101" count="1" type="stmt"/>
        <line num="112" count="1" type="stmt"/>
      </file>
      <file name="voteModel.js" path="/Users/sambigham/Documents/GitHub/GrinCode/models/voteModel.js">
        <metrics statements="7" coveredstatements="7" conditionals="3" coveredconditionals="3" methods="3" coveredmethods="3"/>
        <line num="5" count="1" type="stmt"/>
        <line num="9" count="1" type="stmt"/>
        <line num="20" count="1" type="stmt"/>
        <line num="25" count="1" type="stmt"/>
        <line num="36" count="1" type="stmt"/>
        <line num="41" count="1" type="stmt"/>
        <line num="54" count="1" type="stmt"/>
      </file>
      <file name="wagerModel.js" path="/Users/sambigham/Documents/GitHub/GrinCode/models/wagerModel.js">
        <metrics statements="7" coveredstatements="7" conditionals="3" coveredconditionals="3" methods="3" coveredmethods="3"/>
        <line num="5" count="1" type="stmt"/>
        <line num="9" count="1" type="stmt"/>
        <line num="20" count="1" type="stmt"/>
        <line num="26" count="1" type="stmt"/>
        <line num="46" count="1" type="stmt"/>
        <line num="51" count="1" type="stmt"/>
        <line num="63" count="1" type="stmt"/>
      </file>
    </package>
    <package name="services">
      <metrics statements="213" coveredstatements="206" conditionals="121" coveredconditionals="113" methods="22" coveredmethods="22"/>
      <file name="authService.js" path="/Users/sambigham/Documents/GitHub/GrinCode/services/authService.js">
        <metrics statements="57" coveredstatements="54" conditionals="32" coveredconditionals="30" methods="9" coveredmethods="9"/>
        <line num="31" count="5" type="stmt"/>
        <line num="32" count="5" type="stmt"/>
        <line num="33" count="5" type="stmt"/>
        <line num="38" count="6" type="stmt"/>
        <line num="45" count="2" type="stmt"/>
        <line num="47" count="2" type="stmt"/>
        <line num="49" count="2" type="stmt"/>
        <line num="55" count="1" type="stmt"/>
        <line num="58" count="1" type="cond" truecount="3" falsecount="1"/>
        <line num="59" count="0" type="stmt"/>
        <line num="63" count="1" type="stmt"/>
        <line num="65" count="1" type="stmt"/>
        <line num="74" count="2" type="stmt"/>
        <line num="76" count="2" type="stmt"/>
        <line num="87" count="2" type="stmt"/>
        <line num="93" count="5" type="stmt"/>
        <line num="95" count="5" type="cond" truecount="2" falsecount="0"/>
        <line num="98" count="5" type="cond" truecount="5" falsecount="0"/>
        <line num="99" count="1" type="stmt"/>
        <line num="103" count="4" type="cond" truecount="2" falsecount="0"/>
        <line num="104" count="1" type="stmt"/>
        <line num="108" count="3" type="stmt"/>
        <line num="110" count="3" type="cond" truecount="2" falsecount="0"/>
        <line num="111" count="1" type="stmt"/>
        <line num="116" count="2" type="stmt"/>
        <line num="118" count="2" type="stmt"/>
        <line num="120" count="2" type="stmt"/>
        <line num="123" count="2" type="stmt"/>
        <line num="131" count="1" type="stmt"/>
        <line num="134" count="1" type="stmt"/>
        <line num="137" count="1" type="stmt"/>
        <line num="140" count="1" type="stmt"/>
        <line num="141" count="1" type="stmt"/>
        <line num="144" count="2" type="stmt"/>
        <line num="151" count="3" type="cond" truecount="2" falsecount="0"/>
        <line num="154" count="3" type="cond" truecount="4" falsecount="0"/>
        <line num="155" count="1" type="stmt"/>
        <line num="159" count="2" type="stmt"/>
        <line num="162" count="2" type="cond" truecount="4" falsecount="0"/>
        <line num="163" count="1" type="stmt"/>
        <line num="167" count="1" type="stmt"/>
        <line num="169" count="1" type="stmt"/>
        <line num="171" count="1" type="stmt"/>
        <line num="174" count="1" type="stmt"/>
        <line num="176" count="1" type="stmt"/>
        <line num="179" count="1" type="stmt"/>
        <line num="182" count="1" type="stmt"/>
        <line num="185" count="0" type="stmt"/>
        <line num="186" count="0" type="stmt"/>
        <line num="189" count="1" type="stmt"/>
        <line num="196" count="2" type="cond" truecount="2" falsecount="0"/>
        <line num="197" count="1" type="stmt"/>
        <line num="201" count="1" type="stmt"/>
        <line num="216" count="1" type="cond" truecount="1" falsecount="1"/>
        <line num="222" count="2" type="cond" truecount="2" falsecount="0"/>
        <line num="223" count="1" type="stmt"/>
        <line num="227" count="1" type="stmt"/>
      </file>
      <file name="bettingService.js" path="/Users/sambigham/Documents/GitHub/GrinCode/services/bettingService.js">
        <metrics statements="36" coveredstatements="36" conditionals="23" coveredconditionals="22" methods="2" coveredmethods="2"/>
        <line num="24" count="7" type="stmt"/>
        <line num="25" count="7" type="stmt"/>
        <line num="26" count="7" type="stmt"/>
        <line num="32" count="9" type="stmt"/>
        <line num="35" count="9" type="cond" truecount="5" falsecount="0"/>
        <line num="36" count="1" type="stmt"/>
        <line num="40" count="8" type="cond" truecount="4" falsecount="0"/>
        <line num="41" count="1" type="stmt"/>
        <line num="45" count="7" type="stmt"/>
        <line num="47" count="7" type="stmt"/>
        <line num="49" count="7" type="stmt"/>
        <line num="52" count="7" type="stmt"/>
        <line num="64" count="7" type="stmt"/>
        <line num="67" count="7" type="cond" truecount="2" falsecount="0"/>
        <line num="68" count="1" type="stmt"/>
        <line num="72" count="6" type="cond" truecount="2" falsecount="0"/>
        <line num="73" count="1" type="stmt"/>
        <line num="77" count="5" type="cond" truecount="4" falsecount="0"/>
        <line num="78" count="1" type="stmt"/>
        <line num="82" count="4" type="stmt"/>
        <line num="95" count="4" type="stmt"/>
        <line num="98" count="4" type="cond" truecount="2" falsecount="0"/>
        <line num="99" count="1" type="stmt"/>
        <line num="103" count="3" type="cond" truecount="2" falsecount="0"/>
        <line num="104" count="1" type="stmt"/>
        <line num="108" count="2" type="stmt"/>
        <line num="127" count="2" type="stmt"/>
        <line num="132" count="2" type="cond" truecount="1" falsecount="1"/>
        <line num="137" count="9" type="stmt"/>
        <line num="140" count="9" type="stmt"/>
        <line num="142" count="2" type="stmt"/>
        <line num="149" count="2" type="stmt"/>
        <line num="152" count="2" type="stmt"/>
        <line num="158" count="5" type="stmt"/>
        <line num="159" count="5" type="stmt"/>
        <line num="162" count="7" type="stmt"/>
      </file>
      <file name="commentService.js" path="/Users/sambigham/Documents/GitHub/GrinCode/services/commentService.js">
        <metrics statements="22" coveredstatements="22" conditionals="10" coveredconditionals="10" methods="3" coveredmethods="3"/>
        <line num="8" count="4" type="stmt"/>
        <line num="9" count="4" type="stmt"/>
        <line num="10" count="4" type="stmt"/>
        <line num="16" count="2" type="cond" truecount="2" falsecount="0"/>
        <line num="17" count="1" type="stmt"/>
        <line num="21" count="1" type="stmt"/>
        <line num="27" count="4" type="cond" truecount="2" falsecount="0"/>
        <line num="28" count="1" type="stmt"/>
        <line num="32" count="3" type="cond" truecount="4" falsecount="0"/>
        <line num="33" count="1" type="stmt"/>
        <line num="37" count="2" type="stmt"/>
        <line num="39" count="2" type="stmt"/>
        <line num="41" count="2" type="stmt"/>
        <line num="44" count="2" type="stmt"/>
        <line num="47" count="2" type="cond" truecount="2" falsecount="0"/>
        <line num="48" count="1" type="stmt"/>
        <line num="52" count="1" type="stmt"/>
        <line num="55" count="1" type="stmt"/>
        <line num="58" count="1" type="stmt"/>
        <line num="61" count="1" type="stmt"/>
        <line num="62" count="1" type="stmt"/>
        <line num="65" count="2" type="stmt"/>
      </file>
      <file name="marketService.js" path="/Users/sambigham/Documents/GitHub/GrinCode/services/marketService.js">
        <metrics statements="73" coveredstatements="69" conditionals="42" coveredconditionals="37" methods="6" coveredmethods="6"/>
        <line num="35" count="5" type="stmt"/>
        <line num="36" count="5" type="stmt"/>
        <line num="37" count="5" type="stmt"/>
        <line num="43" count="3" type="stmt"/>
        <line num="46" count="3" type="cond" truecount="2" falsecount="0"/>
        <line num="47" count="1" type="stmt"/>
        <line num="51" count="2" type="cond" truecount="2" falsecount="0"/>
        <line num="52" count="1" type="stmt"/>
        <line num="56" count="1" type="stmt"/>
        <line num="62" count="1" type="stmt"/>
        <line num="64" count="1" type="stmt"/>
        <line num="70" count="4" type="stmt"/>
        <line num="72" count="4" type="stmt"/>
        <line num="74" count="4" type="stmt"/>
        <line num="77" count="4" type="cond" truecount="8" falsecount="0"/>
        <line num="78" count="1" type="stmt"/>
        <line num="82" count="3" type="stmt"/>
        <line num="84" count="3" type="stmt"/>
        <line num="93" count="1" type="stmt"/>
        <line num="95" count="1" type="stmt"/>
        <line num="98" count="1" type="stmt"/>
        <line num="101" count="1" type="stmt"/>
        <line num="104" count="3" type="stmt"/>
        <line num="105" count="3" type="stmt"/>
        <line num="108" count="4" type="stmt"/>
        <line num="115" count="9" type="cond" truecount="4" falsecount="0"/>
        <line num="116" count="1" type="stmt"/>
        <line num="120" count="8" type="stmt"/>
        <line num="122" count="8" type="stmt"/>
        <line num="124" count="8" type="stmt"/>
        <line num="127" count="8" type="stmt"/>
        <line num="130" count="8" type="cond" truecount="2" falsecount="0"/>
        <line num="131" count="1" type="stmt"/>
        <line num="135" count="7" type="cond" truecount="2" falsecount="0"/>
        <line num="136" count="1" type="stmt"/>
        <line num="140" count="6" type="stmt"/>
        <line num="152" count="6" type="stmt"/>
        <line num="155" count="6" type="cond" truecount="1" falsecount="1"/>
        <line num="156" count="0" type="stmt"/>
        <line num="160" count="6" type="cond" truecount="4" falsecount="0"/>
        <line num="161" count="1" type="stmt"/>
        <line num="165" count="5" type="stmt"/>
        <line num="168" count="5" type="cond" truecount="4" falsecount="0"/>
        <line num="169" count="1" type="stmt"/>
        <line num="173" count="4" type="stmt"/>
        <line num="176" count="4" type="stmt"/>
        <line num="178" count="4" type="stmt"/>
        <line num="181" count="4" type="stmt"/>
        <line num="183" count="3" type="stmt"/>
        <line num="186" count="3" type="cond" truecount="2" falsecount="0"/>
        <line num="189" count="3" type="cond" truecount="2" falsecount="0"/>
        <line num="190" count="1" type="stmt"/>
        <line num="194" count="2" type="stmt"/>
        <line num="197" count="2" type="cond" truecount="2" falsecount="0"/>
        <line num="198" count="1" type="stmt"/>
        <line num="202" count="1" type="stmt"/>
        <line num="210" count="4" type="stmt"/>
        <line num="213" count="4" type="stmt"/>
        <line num="216" count="4" type="stmt"/>
        <line num="222" count="4" type="stmt"/>
        <line num="223" count="4" type="stmt"/>
        <line num="226" count="8" type="stmt"/>
        <line num="233" count="2" type="stmt"/>
        <line num="246" count="2" type="stmt"/>
        <line num="248" count="3" type="stmt"/>
        <line num="264" count="3" type="stmt"/>
        <line num="267" count="3" type="cond" truecount="2" falsecount="0"/>
        <line num="268" count="1" type="stmt"/>
        <line num="271" count="2" type="stmt"/>
        <line num="273" count="2" type="stmt"/>
        <line num="276" count="0" type="cond" truecount="0" falsecount="2"/>
        <line num="280" count="0" type="stmt"/>
        <line num="283" count="0" type="stmt"/>
      </file>
      <file name="voteService.js" path="/Users/sambigham/Documents/GitHub/GrinCode/services/voteService.js">
        <metrics statements="25" coveredstatements="25" conditionals="14" coveredconditionals="14" methods="2" coveredmethods="2"/>
        <line num="12" count="5" type="stmt"/>
        <line num="13" count="5" type="stmt"/>
        <line num="14" count="5" type="stmt"/>
        <line num="20" count="6" type="cond" truecount="4" falsecount="0"/>
        <line num="21" count="1" type="stmt"/>
        <line num="25" count="5" type="cond" truecount="4" falsecount="0"/>
        <line num="26" count="1" type="stmt"/>
        <line num="30" count="4" type="stmt"/>
        <line num="32" count="4" type="stmt"/>
        <line num="34" count="4" type="stmt"/>
        <line num="37" count="4" type="stmt"/>
        <line num="40" count="4" type="cond" truecount="2" falsecount="0"/>
        <line num="41" count="1" type="stmt"/>
        <line num="45" count="3" type="stmt"/>
        <line num="48" count="3" type="cond" truecount="2" falsecount="0"/>
        <line num="49" count="1" type="stmt"/>
        <line num="53" count="2" type="stmt"/>
        <line num="56" count="1" type="stmt"/>
        <line num="59" count="1" type="stmt"/>
        <line num="62" count="1" type="stmt"/>
        <line num="65" count="3" type="stmt"/>
        <line num="68" count="3" type="cond" truecount="2" falsecount="0"/>
        <line num="69" count="1" type="stmt"/>
        <line num="72" count="2" type="stmt"/>
        <line num="75" count="4" type="stmt"/>
      </file>
    </package>
    <package name="src">
      <metrics statements="451" coveredstatements="343" conditionals="328" coveredconditionals="224" methods="110" coveredmethods="78"/>
      <file name="App.css" path="/Users/sambigham/Documents/GitHub/GrinCode/src/App.css">
        <metrics statements="0" coveredstatements="0" conditionals="0" coveredconditionals="0" methods="0" coveredmethods="0"/>
      </file>
      <file name="App.tsx" path="/Users/sambigham/Documents/GitHub/GrinCode/src/App.tsx">
        <metrics statements="270" coveredstatements="189" conditionals="146" coveredconditionals="89" methods="64" coveredmethods="42"/>
        <line num="70" count="1" type="stmt"/>
        <line num="72" count="1" type="stmt"/>
        <line num="79" count="1" type="stmt"/>
        <line num="82" count="2" type="stmt"/>
        <line num="84" count="2" type="cond" truecount="1" falsecount="1"/>
        <line num="85" count="0" type="stmt"/>
        <line num="88" count="2" type="stmt"/>
        <line num="92" count="37" type="stmt"/>
        <line num="111" count="37" type="stmt"/>
        <line num="112" count="66" type="stmt"/>
        <line num="114" count="66" type="cond" truecount="2" falsecount="0"/>
        <line num="115" count="33" type="stmt"/>
        <line num="120" count="33" type="stmt"/>
        <line num="123" count="33" type="stmt"/>
        <line num="142" count="37" type="stmt"/>
        <line num="144" count="33" type="cond" truecount="1" falsecount="1"/>
        <line num="145" count="0" type="stmt"/>
        <line num="148" count="33" type="stmt"/>
        <line num="150" count="33" type="stmt"/>
        <line num="167" count="33" type="stmt"/>
        <line num="171" count="181" type="stmt"/>
        <line num="172" count="181" type="stmt"/>
        <line num="173" count="181" type="stmt"/>
        <line num="176" count="181" type="stmt"/>
        <line num="177" count="181" type="stmt"/>
        <line num="178" count="181" type="stmt"/>
        <line num="179" count="181" type="stmt"/>
        <line num="180" count="181" type="stmt"/>
        <line num="181" count="181" type="stmt"/>
        <line num="182" count="181" type="stmt"/>
        <line num="183" count="181" type="stmt"/>
        <line num="184" count="181" type="stmt"/>
        <line num="185" count="181" type="stmt"/>
        <line num="186" count="181" type="stmt"/>
        <line num="187" count="181" type="stmt"/>
        <line num="188" count="181" type="stmt"/>
        <line num="189" count="181" type="stmt"/>
        <line num="190" count="181" type="stmt"/>
        <line num="191" count="181" type="stmt"/>
        <line num="193" count="181" type="stmt"/>
        <line num="194" count="181" type="stmt"/>
        <line num="195" count="181" type="stmt"/>
        <line num="196" count="181" type="cond" truecount="2" falsecount="0"/>
        <line num="198" count="181" type="stmt"/>
        <line num="199" count="18" type="cond" truecount="1" falsecount="1"/>
        <line num="200" count="0" type="stmt"/>
        <line num="203" count="18" type="stmt"/>
        <line num="208" count="181" type="stmt"/>
        <line num="209" count="39" type="stmt"/>
        <line num="211" count="38" type="cond" truecount="2" falsecount="0"/>
        <line num="212" count="1" type="stmt"/>
        <line num="215" count="37" type="stmt"/>
        <line num="216" count="37" type="stmt"/>
        <line num="219" count="181" type="stmt"/>
        <line num="220" count="0" type="cond" truecount="0" falsecount="2"/>
        <line num="221" count="0" type="stmt"/>
        <line num="222" count="0" type="stmt"/>
        <line num="225" count="0" type="stmt"/>
        <line num="229" count="0" type="cond" truecount="0" falsecount="2"/>
        <line num="230" count="0" type="stmt"/>
        <line num="231" count="0" type="stmt"/>
        <line num="232" count="0" type="stmt"/>
        <line num="233" count="0" type="stmt"/>
        <line num="236" count="0" type="stmt"/>
        <line num="237" count="0" type="stmt"/>
        <line num="240" count="181" type="stmt"/>
        <line num="241" count="40" type="stmt"/>
        <line num="243" count="39" type="cond" truecount="1" falsecount="1"/>
        <line num="244" count="0" type="stmt"/>
        <line num="247" count="39" type="stmt"/>
        <line num="248" count="39" type="stmt"/>
        <line num="251" count="181" type="stmt"/>
        <line num="252" count="39" type="stmt"/>
        <line num="253" count="39" type="stmt"/>
        <line num="254" count="39" type="stmt"/>
        <line num="255" count="39" type="stmt"/>
        <line num="258" count="2" type="cond" truecount="1" falsecount="1"/>
        <line num="259" count="2" type="stmt"/>
        <line num="261" count="39" type="stmt"/>
        <line num="265" count="181" type="stmt"/>
        <line num="266" count="1" type="cond" truecount="1" falsecount="1"/>
        <line num="267" count="0" type="stmt"/>
        <line num="270" count="1" type="stmt"/>
        <line num="279" count="1" type="cond" truecount="1" falsecount="1"/>
        <line num="280" count="0" type="stmt"/>
        <line num="281" count="0" type="cond" truecount="0" falsecount="2"/>
        <line num="284" count="1" type="stmt"/>
        <line num="285" count="1" type="stmt"/>
        <line num="286" count="1" type="stmt"/>
        <line num="289" count="181" type="stmt"/>
        <line num="290" count="38" type="stmt"/>
        <line num="293" count="181" type="stmt"/>
        <line num="294" count="38" type="stmt"/>
        <line num="295" count="95" type="cond" truecount="2" falsecount="0"/>
        <line num="296" count="3" type="stmt"/>
        <line num="297" count="3" type="stmt"/>
        <line num="298" count="3" type="stmt"/>
        <line num="302" count="38" type="stmt"/>
        <line num="304" count="38" type="stmt"/>
        <line num="305" count="38" type="stmt"/>
        <line num="309" count="181" type="stmt"/>
        <line num="310" count="41" type="cond" truecount="2" falsecount="0"/>
        <line num="311" count="28" type="stmt"/>
        <line num="312" count="28" type="stmt"/>
        <line num="315" count="13" type="stmt"/>
        <line num="317" count="13" type="stmt"/>
        <line num="318" count="13" type="stmt"/>
        <line num="319" count="13" type="stmt"/>
        <line num="323" count="13" type="cond" truecount="2" falsecount="0"/>
        <line num="324" count="1" type="stmt"/>
        <line num="326" count="1" type="cond" truecount="1" falsecount="1"/>
        <line num="327" count="1" type="stmt"/>
        <line num="328" count="1" type="stmt"/>
        <line num="330" count="1" type="stmt"/>
        <line num="333" count="12" type="stmt"/>
        <line num="335" count="12" type="cond" truecount="1" falsecount="1"/>
        <line num="336" count="12" type="stmt"/>
        <line num="339" count="0" type="cond" truecount="0" falsecount="2"/>
        <line num="340" count="0" type="stmt"/>
        <line num="345" count="13" type="stmt"/>
        <line num="347" count="13" type="stmt"/>
        <line num="348" count="13" type="stmt"/>
        <line num="352" count="181" type="stmt"/>
        <line num="353" count="62" type="stmt"/>
        <line num="355" count="62" type="cond" truecount="2" falsecount="0"/>
        <line num="356" count="56" type="stmt"/>
        <line num="359" count="6" type="stmt"/>
        <line num="368" count="181" type="stmt"/>
        <line num="369" count="60" type="cond" truecount="2" falsecount="0"/>
        <line num="370" count="54" type="stmt"/>
        <line num="373" count="6" type="stmt"/>
        <line num="376" count="181" type="stmt"/>
        <line num="377" count="56" type="stmt"/>
        <line num="378" count="7" type="cond" truecount="2" falsecount="0"/>
        <line num="379" count="1" type="stmt"/>
        <line num="382" count="6" type="cond" truecount="2" falsecount="0"/>
        <line num="383" count="1" type="stmt"/>
        <line num="384" count="1" type="stmt"/>
        <line num="387" count="5" type="cond" truecount="1" falsecount="1"/>
        <line num="388" count="5" type="stmt"/>
        <line num="390" count="5" type="cond" truecount="4" falsecount="0"/>
        <line num="391" count="1" type="stmt"/>
        <line num="394" count="4" type="cond" truecount="2" falsecount="0"/>
        <line num="395" count="1" type="stmt"/>
        <line num="398" count="3" type="cond" truecount="2" falsecount="0"/>
        <line num="399" count="2" type="stmt"/>
        <line num="400" count="2" type="stmt"/>
        <line num="401" count="2" type="stmt"/>
        <line num="404" count="1" type="stmt"/>
        <line num="405" count="1" type="cond" truecount="1" falsecount="1"/>
        <line num="413" count="1" type="stmt"/>
        <line num="415" count="0" type="cond" truecount="0" falsecount="2"/>
        <line num="416" count="0" type="stmt"/>
        <line num="421" count="56" type="stmt"/>
        <line num="422" count="56" type="stmt"/>
        <line num="425" count="181" type="stmt"/>
        <line num="430" count="0" type="cond" truecount="0" falsecount="2"/>
        <line num="431" count="0" type="stmt"/>
        <line num="434" count="0" type="stmt"/>
        <line num="446" count="0" type="cond" truecount="0" falsecount="2"/>
        <line num="447" count="0" type="stmt"/>
        <line num="448" count="0" type="cond" truecount="0" falsecount="2"/>
        <line num="451" count="0" type="stmt"/>
        <line num="452" count="0" type="stmt"/>
        <line num="454" count="0" type="stmt"/>
        <line num="455" count="0" type="cond" truecount="0" falsecount="2"/>
        <line num="464" count="181" type="stmt"/>
        <line num="465" count="0" type="cond" truecount="0" falsecount="2"/>
        <line num="466" count="0" type="stmt"/>
        <line num="469" count="0" type="stmt"/>
        <line num="478" count="0" type="cond" truecount="0" falsecount="2"/>
        <line num="479" count="0" type="stmt"/>
        <line num="480" count="0" type="cond" truecount="0" falsecount="2"/>
        <line num="483" count="0" type="stmt"/>
        <line num="486" count="181" type="stmt"/>
        <line num="487" count="0" type="cond" truecount="0" falsecount="2"/>
        <line num="488" count="0" type="stmt"/>
        <line num="491" count="0" type="stmt"/>
        <line num="500" count="0" type="cond" truecount="0" falsecount="2"/>
        <line num="501" count="0" type="stmt"/>
        <line num="502" count="0" type="cond" truecount="0" falsecount="2"/>
        <line num="505" count="0" type="stmt"/>
        <line num="508" count="181" type="stmt"/>
        <line num="509" count="0" type="stmt"/>
        <line num="511" count="0" type="cond" truecount="0" falsecount="2"/>
        <line num="512" count="0" type="stmt"/>
        <line num="513" count="0" type="cond" truecount="0" falsecount="2"/>
        <line num="516" count="0" type="stmt"/>
        <line num="519" count="181" type="stmt"/>
        <line num="523" count="0" type="stmt"/>
        <line num="531" count="0" type="cond" truecount="0" falsecount="2"/>
        <line num="532" count="0" type="stmt"/>
        <line num="533" count="0" type="cond" truecount="0" falsecount="2"/>
        <line num="536" count="0" type="stmt"/>
        <line num="539" count="181" type="stmt"/>
        <line num="540" count="3" type="cond" truecount="1" falsecount="1"/>
        <line num="541" count="0" type="stmt"/>
        <line num="542" count="0" type="stmt"/>
        <line num="543" count="0" type="stmt"/>
        <line num="544" count="0" type="stmt"/>
        <line num="547" count="3" type="cond" truecount="7" falsecount="0"/>
        <line num="548" count="1" type="stmt"/>
        <line num="551" count="2" type="stmt"/>
        <line num="552" count="2" type="stmt"/>
        <line num="553" count="2" type="stmt"/>
        <line num="555" count="2" type="cond" truecount="1" falsecount="1"/>
        <line num="556" count="0" type="stmt"/>
        <line num="559" count="2" type="stmt"/>
        <line num="574" count="2" type="cond" truecount="2" falsecount="0"/>
        <line num="575" count="1" type="stmt"/>
        <line num="576" count="1" type="cond" truecount="1" falsecount="1"/>
        <line num="579" count="1" type="stmt"/>
        <line num="580" count="1" type="stmt"/>
        <line num="581" count="1" type="stmt"/>
        <line num="582" count="1" type="stmt"/>
        <line num="583" count="1" type="stmt"/>
        <line num="584" count="1" type="stmt"/>
        <line num="586" count="1" type="stmt"/>
        <line num="589" count="1" type="cond" truecount="1" falsecount="1"/>
        <line num="590" count="1" type="stmt"/>
        <line num="594" count="181" type="stmt"/>
        <line num="595" count="2" type="cond" truecount="1" falsecount="1"/>
        <line num="596" count="0" type="stmt"/>
        <line num="597" count="0" type="stmt"/>
        <line num="600" count="2" type="stmt"/>
        <line num="604" count="2" type="stmt"/>
        <line num="605" count="2" type="stmt"/>
        <line num="606" count="2" type="stmt"/>
        <line num="610" count="181" type="stmt"/>
        <line num="628" count="1" type="stmt"/>
        <line num="639" count="5" type="stmt"/>
        <line num="651" count="7" type="cond" truecount="2" falsecount="0"/>
        <line num="652" count="1" type="stmt"/>
        <line num="653" count="1" type="stmt"/>
        <line num="654" count="1" type="stmt"/>
        <line num="657" count="6" type="stmt"/>
        <line num="658" count="6" type="stmt"/>
        <line num="675" count="5" type="cond" truecount="2" falsecount="0"/>
        <line num="676" count="2" type="stmt"/>
        <line num="678" count="3" type="stmt"/>
        <line num="690" count="3" type="stmt"/>
        <line num="712" count="90" type="stmt"/>
        <line num="754" count="184" type="stmt"/>
        <line num="785" count="0" type="stmt"/>
        <line num="787" count="0" type="cond" truecount="0" falsecount="2"/>
        <line num="788" count="0" type="stmt"/>
        <line num="791" count="0" type="stmt"/>
        <line num="805" count="1" type="stmt"/>
        <line num="823" count="13" type="stmt"/>
        <line num="845" count="18" type="stmt"/>
        <line num="854" count="32" type="stmt"/>
        <line num="863" count="6" type="stmt"/>
        <line num="872" count="4" type="stmt"/>
        <line num="884" count="2" type="stmt"/>
        <line num="903" count="1" type="stmt"/>
        <line num="921" count="0" type="stmt"/>
        <line num="933" count="0" type="stmt"/>
        <line num="936" count="0" type="stmt"/>
        <line num="937" count="0" type="stmt"/>
        <line num="938" count="0" type="stmt"/>
        <line num="939" count="0" type="stmt"/>
        <line num="940" count="0" type="stmt"/>
        <line num="949" count="1" type="stmt"/>
        <line num="967" count="0" type="stmt"/>
        <line num="979" count="0" type="stmt"/>
        <line num="982" count="0" type="stmt"/>
        <line num="983" count="0" type="stmt"/>
        <line num="984" count="0" type="stmt"/>
        <line num="985" count="0" type="stmt"/>
        <line num="986" count="0" type="stmt"/>
      </file>
      <file name="Currency.tsx" path="/Users/sambigham/Documents/GitHub/GrinCode/src/Currency.tsx">
        <metrics statements="2" coveredstatements="2" conditionals="0" coveredconditionals="0" methods="1" coveredmethods="1"/>
        <line num="8" count="176" type="stmt"/>
        <line num="17" count="1" type="stmt"/>
      </file>
      <file name="Leaderboard.tsx" path="/Users/sambigham/Documents/GitHub/GrinCode/src/Leaderboard.tsx">
        <metrics statements="4" coveredstatements="4" conditionals="0" coveredconditionals="0" methods="3" coveredmethods="3"/>
        <line num="16" count="170" type="stmt"/>
        <line num="18" count="170" type="stmt"/>
        <line num="22" count="195" type="stmt"/>
        <line num="31" count="2" type="stmt"/>
      </file>
      <file name="Login.tsx" path="/Users/sambigham/Documents/GitHub/GrinCode/src/Login.tsx">
        <metrics statements="13" coveredstatements="13" conditionals="14" coveredconditionals="13" methods="3" coveredmethods="2"/>
        <line num="36" count="26" type="stmt"/>
        <line num="42" count="26" type="stmt"/>
        <line num="44" count="26" type="stmt"/>
        <line num="45" count="3" type="stmt"/>
        <line num="47" count="3" type="stmt"/>
        <line num="48" count="3" type="stmt"/>
        <line num="56" count="3" type="stmt"/>
        <line num="58" count="3" type="cond" truecount="2" falsecount="0"/>
        <line num="59" count="2" type="cond" truecount="2" falsecount="0"/>
        <line num="62" count="1" type="stmt"/>
        <line num="64" count="2" type="stmt"/>
        <line num="70" count="26" type="cond" truecount="2" falsecount="0"/>
        <line num="72" count="24" type="stmt"/>
      </file>
      <file name="Registration.tsx" path="/Users/sambigham/Documents/GitHub/GrinCode/src/Registration.tsx">
        <metrics statements="14" coveredstatements="14" conditionals="16" coveredconditionals="14" methods="3" coveredmethods="2"/>
        <line num="37" count="24" type="stmt"/>
        <line num="42" count="24" type="stmt"/>
        <line num="44" count="24" type="stmt"/>
        <line num="45" count="2" type="stmt"/>
        <line num="47" count="2" type="stmt"/>
        <line num="48" count="2" type="stmt"/>
        <line num="56" count="2" type="stmt"/>
        <line num="58" count="2" type="cond" truecount="2" falsecount="0"/>
        <line num="59" count="1" type="cond" truecount="1" falsecount="1"/>
        <line num="62" count="1" type="stmt"/>
        <line num="63" count="1" type="stmt"/>
        <line num="65" count="1" type="stmt"/>
        <line num="71" count="24" type="cond" truecount="2" falsecount="0"/>
        <line num="73" count="22" type="stmt"/>
      </file>
      <file name="TopBets.tsx" path="/Users/sambigham/Documents/GitHub/GrinCode/src/TopBets.tsx">
        <metrics statements="7" coveredstatements="7" conditionals="7" coveredconditionals="6" methods="4" coveredmethods="4"/>
        <line num="15" count="2" type="stmt"/>
        <line num="32" count="173" type="cond" truecount="1" falsecount="1"/>
        <line num="35" count="110" type="cond" truecount="2" falsecount="0"/>
        <line num="41" count="21" type="stmt"/>
        <line num="46" count="173" type="stmt"/>
        <line num="58" count="107" type="stmt"/>
        <line num="60" count="107" type="stmt"/>
      </file>
      <file name="betPost.tsx" path="/Users/sambigham/Documents/GitHub/GrinCode/src/betPost.tsx">
        <metrics statements="140" coveredstatements="113" conditionals="142" coveredconditionals="99" methods="31" coveredmethods="23"/>
        <line num="39" count="214" type="stmt"/>
        <line num="40" count="214" type="stmt"/>
        <line num="41" count="214" type="stmt"/>
        <line num="42" count="214" type="stmt"/>
        <line num="43" count="214" type="stmt"/>
        <line num="44" count="214" type="cond" truecount="1" falsecount="1"/>
        <line num="45" count="0" type="stmt"/>
        <line num="47" count="214" type="cond" truecount="2" falsecount="0"/>
        <line num="48" count="96" type="stmt"/>
        <line num="50" count="118" type="cond" truecount="1" falsecount="1"/>
        <line num="51" count="118" type="stmt"/>
        <line num="53" count="0" type="cond" truecount="0" falsecount="2"/>
        <line num="54" count="0" type="stmt"/>
        <line num="56" count="0" type="stmt"/>
        <line num="86" count="214" type="stmt"/>
        <line num="87" count="214" type="stmt"/>
        <line num="88" count="214" type="stmt"/>
        <line num="89" count="214" type="stmt"/>
        <line num="90" count="214" type="stmt"/>
        <line num="91" count="214" type="stmt"/>
        <line num="92" count="214" type="stmt"/>
        <line num="93" count="214" type="stmt"/>
        <line num="94" count="214" type="stmt"/>
        <line num="95" count="214" type="stmt"/>
        <line num="96" count="214" type="stmt"/>
        <line num="97" count="214" type="stmt"/>
        <line num="98" count="214" type="stmt"/>
        <line num="99" count="214" type="stmt"/>
        <line num="100" count="214" type="stmt"/>
        <line num="101" count="214" type="stmt"/>
        <line num="102" count="214" type="stmt"/>
        <line num="103" count="214" type="stmt"/>
        <line num="104" count="214" type="stmt"/>
        <line num="106" count="214" type="stmt"/>
        <line num="107" count="58" type="cond" truecount="5" falsecount="0"/>
        <line num="108" count="5" type="stmt"/>
        <line num="109" count="5" type="stmt"/>
        <line num="113" count="214" type="stmt"/>
        <line num="114" count="51" type="cond" truecount="1" falsecount="1"/>
        <line num="115" count="0" type="stmt"/>
        <line num="117" count="51" type="stmt"/>
        <line num="118" count="51" type="stmt"/>
        <line num="119" count="51" type="stmt"/>
        <line num="120" count="51" type="cond" truecount="1" falsecount="1"/>
        <line num="121" count="0" type="stmt"/>
        <line num="122" count="0" type="cond" truecount="0" falsecount="2"/>
        <line num="123" count="0" type="stmt"/>
        <line num="125" count="0" type="stmt"/>
        <line num="129" count="51" type="stmt"/>
        <line num="130" count="51" type="cond" truecount="1" falsecount="1"/>
        <line num="131" count="0" type="stmt"/>
        <line num="133" count="51" type="stmt"/>
        <line num="134" count="51" type="stmt"/>
        <line num="137" count="214" type="stmt"/>
        <line num="138" count="118" type="cond" truecount="4" falsecount="0"/>
        <line num="139" count="111" type="stmt"/>
        <line num="141" count="7" type="stmt"/>
        <line num="142" count="7" type="stmt"/>
        <line num="143" count="7" type="stmt"/>
        <line num="144" count="7" type="stmt"/>
        <line num="145" count="7" type="stmt"/>
        <line num="146" count="7" type="stmt"/>
        <line num="147" count="6" type="cond" truecount="1" falsecount="1"/>
        <line num="148" count="6" type="stmt"/>
        <line num="149" count="6" type="stmt"/>
        <line num="152" count="1" type="cond" truecount="1" falsecount="1"/>
        <line num="153" count="1" type="stmt"/>
        <line num="158" count="7" type="cond" truecount="1" falsecount="1"/>
        <line num="159" count="7" type="stmt"/>
        <line num="163" count="7" type="stmt"/>
        <line num="164" count="7" type="stmt"/>
        <line num="165" count="7" type="stmt"/>
        <line num="170" count="214" type="cond" truecount="2" falsecount="0"/>
        <line num="175" count="214" type="stmt"/>
        <line num="176" count="214" type="stmt"/>
        <line num="177" count="214" type="stmt"/>
        <line num="178" count="214" type="cond" truecount="1" falsecount="1"/>
        <line num="179" count="214" type="cond" truecount="1" falsecount="1"/>
        <line num="180" count="214" type="cond" truecount="3" falsecount="0"/>
        <line num="182" count="214" type="cond" truecount="2" falsecount="0"/>
        <line num="187" count="214" type="stmt"/>
        <line num="225" count="214" type="stmt"/>
        <line num="263" count="5" type="cond" truecount="1" falsecount="1"/>
        <line num="264" count="0" type="stmt"/>
        <line num="267" count="5" type="stmt"/>
        <line num="268" count="5" type="stmt"/>
        <line num="285" count="0" type="cond" truecount="0" falsecount="2"/>
        <line num="286" count="0" type="stmt"/>
        <line num="289" count="0" type="stmt"/>
        <line num="290" count="0" type="stmt"/>
        <line num="315" count="2" type="cond" truecount="1" falsecount="1"/>
        <line num="317" count="2" type="stmt"/>
        <line num="318" count="2" type="stmt"/>
        <line num="320" count="2" type="stmt"/>
        <line num="321" count="2" type="stmt"/>
        <line num="323" count="1" type="stmt"/>
        <line num="327" count="2" type="stmt"/>
        <line num="341" count="0" type="cond" truecount="0" falsecount="2"/>
        <line num="343" count="0" type="stmt"/>
        <line num="344" count="0" type="stmt"/>
        <line num="346" count="0" type="stmt"/>
        <line num="347" count="0" type="stmt"/>
        <line num="349" count="0" type="stmt"/>
        <line num="353" count="0" type="stmt"/>
        <line num="364" count="7" type="stmt"/>
        <line num="376" count="1" type="stmt"/>
        <line num="378" count="1" type="stmt"/>
        <line num="379" count="0" type="stmt"/>
        <line num="433" count="16" type="stmt"/>
        <line num="447" count="3" type="cond" truecount="4" falsecount="0"/>
        <line num="449" count="2" type="stmt"/>
        <line num="450" count="2" type="stmt"/>
        <line num="452" count="2" type="stmt"/>
        <line num="453" count="2" type="stmt"/>
        <line num="454" count="1" type="stmt"/>
        <line num="458" count="1" type="stmt"/>
        <line num="459" count="1" type="stmt"/>
        <line num="461" count="1" type="stmt"/>
        <line num="465" count="2" type="stmt"/>
        <line num="481" count="2" type="stmt"/>
        <line num="489" count="1" type="stmt"/>
        <line num="503" count="5" type="stmt"/>
        <line num="513" count="0" type="stmt"/>
        <line num="531" count="0" type="stmt"/>
        <line num="562" count="4" type="stmt"/>
        <line num="563" count="4" type="cond" truecount="1" falsecount="1"/>
        <line num="581" count="3" type="cond" truecount="2" falsecount="0"/>
        <line num="588" count="1" type="stmt"/>
        <line num="591" count="2" type="stmt"/>
        <line num="592" count="2" type="stmt"/>
        <line num="594" count="2" type="stmt"/>
        <line num="596" count="2" type="cond" truecount="1" falsecount="1"/>
        <line num="598" count="3" type="stmt"/>
        <line num="600" count="1" type="stmt"/>
        <line num="601" count="1" type="stmt"/>
        <line num="602" count="1" type="stmt"/>
        <line num="604" count="1" type="stmt"/>
        <line num="608" count="2" type="stmt"/>
        <line num="622" count="0" type="stmt"/>
        <line num="636" count="0" type="stmt"/>
      </file>
      <file name="button.tsx" path="/Users/sambigham/Documents/GitHub/GrinCode/src/button.tsx">
        <metrics statements="1" coveredstatements="1" conditionals="3" coveredconditionals="3" methods="1" coveredmethods="1"/>
        <line num="25" count="1938" type="stmt"/>
      </file>
    </package>
    <package name="src.components">
      <metrics statements="0" coveredstatements="0" conditionals="0" coveredconditionals="0" methods="0" coveredmethods="0"/>
      <file name="gambling-banner.JPG" path="/Users/sambigham/Documents/GitHub/GrinCode/src/components/gambling-banner.JPG">
        <metrics statements="0" coveredstatements="0" conditionals="0" coveredconditionals="0" methods="0" coveredmethods="0"/>
      </file>
    </package>
  </project>
</coverage>
