<?xml version="1.0" encoding="UTF-8"?>
<coverage generated="1778799680883" clover="3.2.0">
  <project timestamp="1778799680883" name="All files">
    <metrics statements="32" coveredstatements="32" conditionals="33" coveredconditionals="29" methods="10" coveredmethods="8" elements="75" coveredelements="69" complexity="0" loc="32" ncloc="32" packages="1" files="5" classes="5"/>
    <file name="App.css" path="/Users/sambigham/Documents/GitHub/GrinCode/src/App.css">
      <metrics statements="0" coveredstatements="0" conditionals="0" coveredconditionals="0" methods="0" coveredmethods="0"/>
    </file>
    <file name="Leaderboard.tsx" path="/Users/sambigham/Documents/GitHub/GrinCode/src/Leaderboard.tsx">
      <metrics statements="4" coveredstatements="4" conditionals="0" coveredconditionals="0" methods="3" coveredmethods="3"/>
      <line num="16" count="12" type="stmt"/>
      <line num="18" count="6" type="stmt"/>
      <line num="22" count="17" type="stmt"/>
      <line num="31" count="1" type="stmt"/>
    </file>
    <file name="Login.tsx" path="/Users/sambigham/Documents/GitHub/GrinCode/src/Login.tsx">
      <metrics statements="13" coveredstatements="13" conditionals="14" coveredconditionals="13" methods="3" coveredmethods="2"/>
      <line num="34" count="18" type="stmt"/>
      <line num="40" count="18" type="stmt"/>
      <line num="42" count="18" type="stmt"/>
      <line num="43" count="3" type="stmt"/>
      <line num="45" count="3" type="stmt"/>
      <line num="46" count="3" type="stmt"/>
      <line num="54" count="3" type="stmt"/>
      <line num="56" count="3" type="cond" truecount="2" falsecount="0"/>
      <line num="57" count="2" type="cond" truecount="2" falsecount="0"/>
      <line num="60" count="1" type="stmt"/>
      <line num="62" count="2" type="stmt"/>
      <line num="68" count="18" type="cond" truecount="2" falsecount="0"/>
      <line num="70" count="16" type="stmt"/>
    </file>
    <file name="Registration.tsx" path="/Users/sambigham/Documents/GitHub/GrinCode/src/Registration.tsx">
      <metrics statements="14" coveredstatements="14" conditionals="16" coveredconditionals="14" methods="3" coveredmethods="2"/>
      <line num="35" count="18" type="stmt"/>
      <line num="40" count="18" type="stmt"/>
      <line num="42" count="18" type="stmt"/>
      <line num="43" count="2" type="stmt"/>
      <line num="45" count="2" type="stmt"/>
      <line num="46" count="2" type="stmt"/>
      <line num="54" count="2" type="stmt"/>
      <line num="56" count="2" type="cond" truecount="2" falsecount="0"/>
      <line num="57" count="1" type="cond" truecount="1" falsecount="1"/>
      <line num="60" count="1" type="stmt"/>
      <line num="61" count="1" type="stmt"/>
      <line num="63" count="1" type="stmt"/>
      <line num="69" count="18" type="cond" truecount="2" falsecount="0"/>
      <line num="71" count="16" type="stmt"/>
    </file>
    <file name="button.tsx" path="/Users/sambigham/Documents/GitHub/GrinCode/src/button.tsx">
      <metrics statements="1" coveredstatements="1" conditionals="3" coveredconditionals="2" methods="1" coveredmethods="1"/>
      <line num="25" count="64" type="stmt"/>
    </file>
  </project>
</coverage>
