{"/Users/sambigham/Documents/GitHub/GrinCode/models/commentModel.js": {"path":"/Users/sambigham/Documents/GitHub/GrinCode/models/commentModel.js","statementMap":{"0":{"start":{"line":15,"column":24},"end":{"line":15,"column":57}},"1":{"start":{"line":24,"column":17},"end":{"line":34,"column":3}},"2":{"start":{"line":37,"column":2},"end":{"line":37,"column":null}},"3":{"start":{"line":43,"column":17},"end":{"line":55,"column":3}},"4":{"start":{"line":58,"column":2},"end":{"line":58,"column":null}}},"fnMap":{"0":{"name":"createComment","decl":{"start":{"line":22,"column":15},"end":{"line":22,"column":28}},"loc":{"start":{"line":22,"column":58},"end":{"line":38,"column":null}},"line":22},"1":{"name":"getCommentsByMarketId","decl":{"start":{"line":42,"column":15},"end":{"line":42,"column":36}},"loc":{"start":{"line":42,"column":60},"end":{"line":59,"column":null}},"line":42}},"branchMap":{"0":{"loc":{"start":{"line":22,"column":45},"end":{"line":22,"column":56}},"type":"default-arg","locations":[{"start":{"line":22,"column":54},"end":{"line":22,"column":56}}],"line":22},"1":{"loc":{"start":{"line":42,"column":47},"end":{"line":42,"column":58}},"type":"default-arg","locations":[{"start":{"line":42,"column":56},"end":{"line":42,"column":58}}],"line":42}},"s":{"0":1,"1":1,"2":1,"3":1,"4":1},"f":{"0":1,"1":1},"b":{"0":[1],"1":[1]},"meta":{"lastBranch":2,"lastFunction":2,"lastStatement":5,"seen":{"s:15:24:15:57":0,"f:22:15:22:28":0,"b:22:54:22:56":0,"s:24:17:34:3":1,"s:37:2:37:Infinity":2,"f:42:15:42:36":1,"b:42:56:42:58":1,"s:43:17:55:3":3,"s:58:2:58:Infinity":4}}}
,"/Users/sambigham/Documents/GitHub/GrinCode/models/marketModel.js": {"path":"/Users/sambigham/Documents/GitHub/GrinCode/models/marketModel.js","statementMap":{"0":{"start":{"line":21,"column":30},"end":{"line":30,"column":1}},"1":{"start":{"line":38,"column":17},"end":{"line":48,"column":3}},"2":{"start":{"line":51,"column":2},"end":{"line":51,"column":null}},"3":{"start":{"line":57,"column":17},"end":{"line":68,"column":3}},"4":{"start":{"line":70,"column":2},"end":{"line":70,"column":null}},"5":{"start":{"line":76,"column":17},"end":{"line":87,"column":3}},"6":{"start":{"line":89,"column":2},"end":{"line":89,"column":null}},"7":{"start":{"line":95,"column":17},"end":{"line":103,"column":3}},"8":{"start":{"line":105,"column":2},"end":{"line":105,"column":null}},"9":{"start":{"line":110,"column":17},"end":{"line":118,"column":3}},"10":{"start":{"line":120,"column":2},"end":{"line":120,"column":null}},"11":{"start":{"line":127,"column":17},"end":{"line":136,"column":3}},"12":{"start":{"line":138,"column":2},"end":{"line":138,"column":null}}},"fnMap":{"0":{"name":"createMarket","decl":{"start":{"line":37,"column":15},"end":{"line":37,"column":27}},"loc":{"start":{"line":37,"column":82},"end":{"line":52,"column":null}},"line":37},"1":{"name":"closeMarket","decl":{"start":{"line":56,"column":15},"end":{"line":56,"column":26}},"loc":{"start":{"line":56,"column":50},"end":{"line":71,"column":null}},"line":56},"2":{"name":"markMarketResolved","decl":{"start":{"line":75,"column":15},"end":{"line":75,"column":33}},"loc":{"start":{"line":75,"column":57},"end":{"line":90,"column":null}},"line":75},"3":{"name":"checkStatus","decl":{"start":{"line":94,"column":15},"end":{"line":94,"column":26}},"loc":{"start":{"line":94,"column":50},"end":{"line":106,"column":null}},"line":94},"4":{"name":"getMarketById","decl":{"start":{"line":109,"column":15},"end":{"line":109,"column":28}},"loc":{"start":{"line":109,"column":52},"end":{"line":121,"column":null}},"line":109},"5":{"name":"getMarketByQuestion","decl":{"start":{"line":126,"column":15},"end":{"line":126,"column":34}},"loc":{"start":{"line":126,"column":58},"end":{"line":139,"column":null}},"line":126}},"branchMap":{"0":{"loc":{"start":{"line":37,"column":69},"end":{"line":37,"column":80}},"type":"default-arg","locations":[{"start":{"line":37,"column":78},"end":{"line":37,"column":80}}],"line":37},"1":{"loc":{"start":{"line":56,"column":37},"end":{"line":56,"column":48}},"type":"default-arg","locations":[{"start":{"line":56,"column":46},"end":{"line":56,"column":48}}],"line":56},"2":{"loc":{"start":{"line":75,"column":44},"end":{"line":75,"column":55}},"type":"default-arg","locations":[{"start":{"line":75,"column":53},"end":{"line":75,"column":55}}],"line":75},"3":{"loc":{"start":{"line":94,"column":37},"end":{"line":94,"column":48}},"type":"default-arg","locations":[{"start":{"line":94,"column":46},"end":{"line":94,"column":48}}],"line":94},"4":{"loc":{"start":{"line":109,"column":39},"end":{"line":109,"column":50}},"type":"default-arg","locations":[{"start":{"line":109,"column":48},"end":{"line":109,"column":50}}],"line":109},"5":{"loc":{"start":{"line":126,"column":45},"end":{"line":126,"column":56}},"type":"default-arg","locations":[{"start":{"line":126,"column":54},"end":{"line":126,"column":56}}],"line":126}},"s":{"0":1,"1":1,"2":1,"3":1,"4":1,"5":1,"6":1,"7":1,"8":1,"9":1,"10":1,"11":1,"12":1},"f":{"0":1,"1":1,"2":1,"3":1,"4":1,"5":1},"b":{"0":[1],"1":[1],"2":[1],"3":[1],"4":[1],"5":[1]},"meta":{"lastBranch":6,"lastFunction":6,"lastStatement":13,"seen":{"s:21:30:30:1":0,"f:37:15:37:27":0,"b:37:78:37:80":0,"s:38:17:48:3":1,"s:51:2:51:Infinity":2,"f:56:15:56:26":1,"b:56:46:56:48":1,"s:57:17:68:3":3,"s:70:2:70:Infinity":4,"f:75:15:75:33":2,"b:75:53:75:55":2,"s:76:17:87:3":5,"s:89:2:89:Infinity":6,"f:94:15:94:26":3,"b:94:46:94:48":3,"s:95:17:103:3":7,"s:105:2:105:Infinity":8,"f:109:15:109:28":4,"b:109:48:109:50":4,"s:110:17:118:3":9,"s:120:2:120:Infinity":10,"f:126:15:126:34":5,"b:126:54:126:56":5,"s:127:17:136:3":11,"s:138:2:138:Infinity":12}}}
,"/Users/sambigham/Documents/GitHub/GrinCode/models/outcomeModel.js": {"path":"/Users/sambigham/Documents/GitHub/GrinCode/models/outcomeModel.js","statementMap":{"0":{"start":{"line":11,"column":24},"end":{"line":11,"column":63}},"1":{"start":{"line":16,"column":17},"end":{"line":25,"column":3}},"2":{"start":{"line":27,"column":2},"end":{"line":27,"column":null}},"3":{"start":{"line":33,"column":17},"end":{"line":42,"column":3}},"4":{"start":{"line":44,"column":2},"end":{"line":44,"column":null}},"5":{"start":{"line":50,"column":17},"end":{"line":59,"column":3}},"6":{"start":{"line":61,"column":2},"end":{"line":61,"column":null}},"7":{"start":{"line":67,"column":2},"end":{"line":75,"column":null}},"8":{"start":{"line":80,"column":17},"end":{"line":88,"column":3}},"9":{"start":{"line":90,"column":2},"end":{"line":90,"column":null}}},"fnMap":{"0":{"name":"createOutcome","decl":{"start":{"line":15,"column":15},"end":{"line":15,"column":28}},"loc":{"start":{"line":15,"column":59},"end":{"line":28,"column":null}},"line":15},"1":{"name":"changeOdds","decl":{"start":{"line":32,"column":15},"end":{"line":32,"column":25}},"loc":{"start":{"line":32,"column":59},"end":{"line":45,"column":null}},"line":32},"2":{"name":"setWinner","decl":{"start":{"line":49,"column":15},"end":{"line":49,"column":24}},"loc":{"start":{"line":49,"column":49},"end":{"line":62,"column":null}},"line":49},"3":{"name":"clearWinnersForMarket","decl":{"start":{"line":66,"column":15},"end":{"line":66,"column":36}},"loc":{"start":{"line":66,"column":60},"end":{"line":76,"column":null}},"line":66},"4":{"name":"getOutcomeById","decl":{"start":{"line":79,"column":15},"end":{"line":79,"column":29}},"loc":{"start":{"line":79,"column":54},"end":{"line":91,"column":null}},"line":79}},"branchMap":{"0":{"loc":{"start":{"line":15,"column":46},"end":{"line":15,"column":57}},"type":"default-arg","locations":[{"start":{"line":15,"column":55},"end":{"line":15,"column":57}}],"line":15},"1":{"loc":{"start":{"line":32,"column":46},"end":{"line":32,"column":57}},"type":"default-arg","locations":[{"start":{"line":32,"column":55},"end":{"line":32,"column":57}}],"line":32},"2":{"loc":{"start":{"line":49,"column":36},"end":{"line":49,"column":47}},"type":"default-arg","locations":[{"start":{"line":49,"column":45},"end":{"line":49,"column":47}}],"line":49},"3":{"loc":{"start":{"line":66,"column":47},"end":{"line":66,"column":58}},"type":"default-arg","locations":[{"start":{"line":66,"column":56},"end":{"line":66,"column":58}}],"line":66},"4":{"loc":{"start":{"line":79,"column":41},"end":{"line":79,"column":52}},"type":"default-arg","locations":[{"start":{"line":79,"column":50},"end":{"line":79,"column":52}}],"line":79}},"s":{"0":1,"1":1,"2":1,"3":1,"4":1,"5":1,"6":1,"7":1,"8":1,"9":1},"f":{"0":1,"1":1,"2":1,"3":1,"4":1},"b":{"0":[1],"1":[1],"2":[1],"3":[1],"4":[1]},"meta":{"lastBranch":5,"lastFunction":5,"lastStatement":10,"seen":{"s:11:24:11:63":0,"f:15:15:15:28":0,"b:15:55:15:57":0,"s:16:17:25:3":1,"s:27:2:27:Infinity":2,"f:32:15:32:25":1,"b:32:55:32:57":1,"s:33:17:42:3":3,"s:44:2:44:Infinity":4,"f:49:15:49:24":2,"b:49:45:49:47":2,"s:50:17:59:3":5,"s:61:2:61:Infinity":6,"f:66:15:66:36":3,"b:66:56:66:58":3,"s:67:2:75:Infinity":7,"f:79:15:79:29":4,"b:79:50:79:52":4,"s:80:17:88:3":8,"s:90:2:90:Infinity":9}}}
,"/Users/sambigham/Documents/GitHub/GrinCode/models/transactionModel.js": {"path":"/Users/sambigham/Documents/GitHub/GrinCode/models/transactionModel.js","statementMap":{"0":{"start":{"line":12,"column":28},"end":{"line":19,"column":1}},"1":{"start":{"line":25,"column":17},"end":{"line":34,"column":3}},"2":{"start":{"line":36,"column":2},"end":{"line":36,"column":null}},"3":{"start":{"line":41,"column":17},"end":{"line":51,"column":3}},"4":{"start":{"line":53,"column":2},"end":{"line":53,"column":null}}},"fnMap":{"0":{"name":"createTransaction","decl":{"start":{"line":24,"column":15},"end":{"line":24,"column":32}},"loc":{"start":{"line":24,"column":88},"end":{"line":37,"column":null}},"line":24},"1":{"name":"listTransactionsByUserId","decl":{"start":{"line":40,"column":15},"end":{"line":40,"column":39}},"loc":{"start":{"line":40,"column":61},"end":{"line":54,"column":null}},"line":40}},"branchMap":{"0":{"loc":{"start":{"line":24,"column":55},"end":{"line":24,"column":73}},"type":"default-arg","locations":[{"start":{"line":24,"column":69},"end":{"line":24,"column":73}}],"line":24},"1":{"loc":{"start":{"line":24,"column":75},"end":{"line":24,"column":86}},"type":"default-arg","locations":[{"start":{"line":24,"column":84},"end":{"line":24,"column":86}}],"line":24},"2":{"loc":{"start":{"line":40,"column":48},"end":{"line":40,"column":59}},"type":"default-arg","locations":[{"start":{"line":40,"column":57},"end":{"line":40,"column":59}}],"line":40}},"s":{"0":1,"1":1,"2":1,"3":1,"4":1},"f":{"0":1,"1":1},"b":{"0":[1],"1":[1],"2":[1]},"meta":{"lastBranch":3,"lastFunction":2,"lastStatement":5,"seen":{"s:12:28:19:1":0,"f:24:15:24:32":0,"b:24:69:24:73":0,"b:24:84:24:86":1,"s:25:17:34:3":1,"s:36:2:36:Infinity":2,"f:40:15:40:39":1,"b:40:57:40:59":2,"s:41:17:51:3":3,"s:53:2:53:Infinity":4}}}
,"/Users/sambigham/Documents/GitHub/GrinCode/models/userModel.js": {"path":"/Users/sambigham/Documents/GitHub/GrinCode/models/userModel.js","statementMap":{"0":{"start":{"line":12,"column":26},"end":{"line":12,"column":68}},"1":{"start":{"line":14,"column":26},"end":{"line":14,"column":83}},"2":{"start":{"line":18,"column":17},"end":{"line":27,"column":3}},"3":{"start":{"line":29,"column":2},"end":{"line":29,"column":null}},"4":{"start":{"line":34,"column":17},"end":{"line":42,"column":3}},"5":{"start":{"line":44,"column":2},"end":{"line":44,"column":null}},"6":{"start":{"line":50,"column":17},"end":{"line":58,"column":3}},"7":{"start":{"line":60,"column":2},"end":{"line":60,"column":null}},"8":{"start":{"line":66,"column":17},"end":{"line":76,"column":3}},"9":{"start":{"line":78,"column":2},"end":{"line":78,"column":null}},"10":{"start":{"line":83,"column":17},"end":{"line":93,"column":3}},"11":{"start":{"line":95,"column":2},"end":{"line":95,"column":null}},"12":{"start":{"line":101,"column":17},"end":{"line":110,"column":3}},"13":{"start":{"line":112,"column":2},"end":{"line":112,"column":null}}},"fnMap":{"0":{"name":"createUser","decl":{"start":{"line":17,"column":15},"end":{"line":17,"column":25}},"loc":{"start":{"line":17,"column":70},"end":{"line":30,"column":null}},"line":17},"1":{"name":"getUserById","decl":{"start":{"line":33,"column":15},"end":{"line":33,"column":26}},"loc":{"start":{"line":33,"column":48},"end":{"line":45,"column":null}},"line":33},"2":{"name":"getUserByEmail","decl":{"start":{"line":49,"column":15},"end":{"line":49,"column":29}},"loc":{"start":{"line":49,"column":50},"end":{"line":61,"column":null}},"line":49},"3":{"name":"updateBalance","decl":{"start":{"line":65,"column":15},"end":{"line":65,"column":28}},"loc":{"start":{"line":65,"column":62},"end":{"line":79,"column":null}},"line":65},"4":{"name":"getTopUsersByBalance","decl":{"start":{"line":82,"column":15},"end":{"line":82,"column":35}},"loc":{"start":{"line":82,"column":61},"end":{"line":96,"column":null}},"line":82},"5":{"name":"deleteUser","decl":{"start":{"line":100,"column":15},"end":{"line":100,"column":25}},"loc":{"start":{"line":100,"column":47},"end":{"line":113,"column":null}},"line":100}},"branchMap":{"0":{"loc":{"start":{"line":17,"column":57},"end":{"line":17,"column":68}},"type":"default-arg","locations":[{"start":{"line":17,"column":66},"end":{"line":17,"column":68}}],"line":17},"1":{"loc":{"start":{"line":33,"column":35},"end":{"line":33,"column":46}},"type":"default-arg","locations":[{"start":{"line":33,"column":44},"end":{"line":33,"column":46}}],"line":33},"2":{"loc":{"start":{"line":49,"column":37},"end":{"line":49,"column":48}},"type":"default-arg","locations":[{"start":{"line":49,"column":46},"end":{"line":49,"column":48}}],"line":49},"3":{"loc":{"start":{"line":65,"column":49},"end":{"line":65,"column":60}},"type":"default-arg","locations":[{"start":{"line":65,"column":58},"end":{"line":65,"column":60}}],"line":65},"4":{"loc":{"start":{"line":82,"column":36},"end":{"line":82,"column":46}},"type":"default-arg","locations":[{"start":{"line":82,"column":44},"end":{"line":82,"column":46}}],"line":82},"5":{"loc":{"start":{"line":82,"column":48},"end":{"line":82,"column":59}},"type":"default-arg","locations":[{"start":{"line":82,"column":57},"end":{"line":82,"column":59}}],"line":82},"6":{"loc":{"start":{"line":100,"column":34},"end":{"line":100,"column":45}},"type":"default-arg","locations":[{"start":{"line":100,"column":43},"end":{"line":100,"column":45}}],"line":100}},"s":{"0":1,"1":1,"2":1,"3":1,"4":1,"5":1,"6":1,"7":1,"8":1,"9":1,"10":1,"11":1,"12":1,"13":1},"f":{"0":1,"1":1,"2":1,"3":1,"4":1,"5":1},"b":{"0":[1],"1":[1],"2":[1],"3":[1],"4":[1],"5":[1],"6":[1]},"meta":{"lastBranch":7,"lastFunction":6,"lastStatement":14,"seen":{"s:12:26:12:68":0,"s:14:26:14:83":1,"f:17:15:17:25":0,"b:17:66:17:68":0,"s:18:17:27:3":2,"s:29:2:29:Infinity":3,"f:33:15:33:26":1,"b:33:44:33:46":1,"s:34:17:42:3":4,"s:44:2:44:Infinity":5,"f:49:15:49:29":2,"b:49:46:49:48":2,"s:50:17:58:3":6,"s:60:2:60:Infinity":7,"f:65:15:65:28":3,"b:65:58:65:60":3,"s:66:17:76:3":8,"s:78:2:78:Infinity":9,"f:82:15:82:35":4,"b:82:44:82:46":4,"b:82:57:82:59":5,"s:83:17:93:3":10,"s:95:2:95:Infinity":11,"f:100:15:100:25":5,"b:100:43:100:45":6,"s:101:17:110:3":12,"s:112:2:112:Infinity":13}}}
,"/Users/sambigham/Documents/GitHub/GrinCode/models/voteModel.js": {"path":"/Users/sambigham/Documents/GitHub/GrinCode/models/voteModel.js","statementMap":{"0":{"start":{"line":5,"column":21},"end":{"line":5,"column":68}},"1":{"start":{"line":9,"column":17},"end":{"line":18,"column":3}},"2":{"start":{"line":20,"column":2},"end":{"line":20,"column":null}},"3":{"start":{"line":25,"column":17},"end":{"line":34,"column":3}},"4":{"start":{"line":36,"column":2},"end":{"line":36,"column":null}},"5":{"start":{"line":41,"column":17},"end":{"line":52,"column":3}},"6":{"start":{"line":54,"column":2},"end":{"line":54,"column":null}}},"fnMap":{"0":{"name":"createVote","decl":{"start":{"line":8,"column":15},"end":{"line":8,"column":25}},"loc":{"start":{"line":8,"column":67},"end":{"line":21,"column":null}},"line":8},"1":{"name":"getVoteByMarketAndUserId","decl":{"start":{"line":24,"column":15},"end":{"line":24,"column":39}},"loc":{"start":{"line":24,"column":71},"end":{"line":37,"column":null}},"line":24},"2":{"name":"getVoteTotalsByMarketId","decl":{"start":{"line":40,"column":15},"end":{"line":40,"column":38}},"loc":{"start":{"line":40,"column":62},"end":{"line":55,"column":null}},"line":40}},"branchMap":{"0":{"loc":{"start":{"line":8,"column":54},"end":{"line":8,"column":65}},"type":"default-arg","locations":[{"start":{"line":8,"column":63},"end":{"line":8,"column":65}}],"line":8},"1":{"loc":{"start":{"line":24,"column":58},"end":{"line":24,"column":69}},"type":"default-arg","locations":[{"start":{"line":24,"column":67},"end":{"line":24,"column":69}}],"line":24},"2":{"loc":{"start":{"line":40,"column":49},"end":{"line":40,"column":60}},"type":"default-arg","locations":[{"start":{"line":40,"column":58},"end":{"line":40,"column":60}}],"line":40}},"s":{"0":1,"1":1,"2":1,"3":1,"4":1,"5":1,"6":1},"f":{"0":1,"1":1,"2":1},"b":{"0":[1],"1":[1],"2":[1]},"meta":{"lastBranch":3,"lastFunction":3,"lastStatement":7,"seen":{"s:5:21:5:68":0,"f:8:15:8:25":0,"b:8:63:8:65":0,"s:9:17:18:3":1,"s:20:2:20:Infinity":2,"f:24:15:24:39":1,"b:24:67:24:69":1,"s:25:17:34:3":3,"s:36:2:36:Infinity":4,"f:40:15:40:38":2,"b:40:58:40:60":2,"s:41:17:52:3":5,"s:54:2:54:Infinity":6}}}
,"/Users/sambigham/Documents/GitHub/GrinCode/models/wagerModel.js": {"path":"/Users/sambigham/Documents/GitHub/GrinCode/models/wagerModel.js","statementMap":{"0":{"start":{"line":5,"column":22},"end":{"line":5,"column":88}},"1":{"start":{"line":9,"column":17},"end":{"line":18,"column":3}},"2":{"start":{"line":20,"column":2},"end":{"line":20,"column":null}},"3":{"start":{"line":26,"column":17},"end":{"line":44,"column":3}},"4":{"start":{"line":46,"column":2},"end":{"line":46,"column":null}},"5":{"start":{"line":51,"column":17},"end":{"line":61,"column":3}},"6":{"start":{"line":63,"column":2},"end":{"line":63,"column":null}}},"fnMap":{"0":{"name":"createWager","decl":{"start":{"line":8,"column":15},"end":{"line":8,"column":26}},"loc":{"start":{"line":8,"column":78},"end":{"line":21,"column":null}},"line":8},"1":{"name":"listWagersForMarket","decl":{"start":{"line":25,"column":15},"end":{"line":25,"column":34}},"loc":{"start":{"line":25,"column":58},"end":{"line":47,"column":null}},"line":25},"2":{"name":"updateWagerStatus","decl":{"start":{"line":50,"column":15},"end":{"line":50,"column":32}},"loc":{"start":{"line":50,"column":63},"end":{"line":64,"column":null}},"line":50}},"branchMap":{"0":{"loc":{"start":{"line":8,"column":65},"end":{"line":8,"column":76}},"type":"default-arg","locations":[{"start":{"line":8,"column":74},"end":{"line":8,"column":76}}],"line":8},"1":{"loc":{"start":{"line":25,"column":45},"end":{"line":25,"column":56}},"type":"default-arg","locations":[{"start":{"line":25,"column":54},"end":{"line":25,"column":56}}],"line":25},"2":{"loc":{"start":{"line":50,"column":50},"end":{"line":50,"column":61}},"type":"default-arg","locations":[{"start":{"line":50,"column":59},"end":{"line":50,"column":61}}],"line":50}},"s":{"0":1,"1":1,"2":1,"3":1,"4":1,"5":1,"6":1},"f":{"0":1,"1":1,"2":1},"b":{"0":[1],"1":[1],"2":[1]},"meta":{"lastBranch":3,"lastFunction":3,"lastStatement":7,"seen":{"s:5:22:5:88":0,"f:8:15:8:26":0,"b:8:74:8:76":0,"s:9:17:18:3":1,"s:20:2:20:Infinity":2,"f:25:15:25:34":1,"b:25:54:25:56":1,"s:26:17:44:3":3,"s:46:2:46:Infinity":4,"f:50:15:50:32":2,"b:50:59:50:61":2,"s:51:17:61:3":5,"s:63:2:63:Infinity":6}}}
,"/Users/sambigham/Documents/GitHub/GrinCode/services/authService.js": {"path":"/Users/sambigham/Documents/GitHub/GrinCode/services/authService.js","statementMap":{"0":{"start":{"line":31,"column":16},"end":{"line":31,"column":34}},"1":{"start":{"line":32,"column":2},"end":{"line":32,"column":null}},"2":{"start":{"line":33,"column":2},"end":{"line":33,"column":null}},"3":{"start":{"line":38,"column":2},"end":{"line":38,"column":null}},"4":{"start":{"line":45,"column":15},"end":{"line":45,"column":53}},"5":{"start":{"line":47,"column":21},"end":{"line":47,"column":74}},"6":{"start":{"line":49,"column":2},"end":{"line":49,"column":null}},"7":{"start":{"line":55,"column":30},"end":{"line":55,"column":51}},"8":{"start":{"line":58,"column":2},"end":{"line":60,"column":null}},"9":{"start":{"line":59,"column":4},"end":{"line":59,"column":null}},"10":{"start":{"line":63,"column":21},"end":{"line":63,"column":74}},"11":{"start":{"line":65,"column":2},"end":{"line":68,"column":null}},"12":{"start":{"line":74,"column":16},"end":{"line":74,"column":54}},"13":{"start":{"line":76,"column":17},"end":{"line":85,"column":3}},"14":{"start":{"line":87,"column":2},"end":{"line":87,"column":null}},"15":{"start":{"line":93,"column":26},"end":{"line":93,"column":42}},"16":{"start":{"line":95,"column":26},"end":{"line":95,"column":60}},"17":{"start":{"line":98,"column":2},"end":{"line":100,"column":null}},"18":{"start":{"line":99,"column":4},"end":{"line":99,"column":null}},"19":{"start":{"line":103,"column":2},"end":{"line":105,"column":null}},"20":{"start":{"line":104,"column":4},"end":{"line":104,"column":null}},"21":{"start":{"line":108,"column":23},"end":{"line":108,"column":60}},"22":{"start":{"line":110,"column":2},"end":{"line":112,"column":null}},"23":{"start":{"line":111,"column":4},"end":{"line":111,"column":null}},"24":{"start":{"line":116,"column":17},"end":{"line":116,"column":35}},"25":{"start":{"line":118,"column":2},"end":{"line":145,"column":null}},"26":{"start":{"line":120,"column":4},"end":{"line":120,"column":null}},"27":{"start":{"line":123,"column":17},"end":{"line":128,"column":5}},"28":{"start":{"line":131,"column":18},"end":{"line":131,"column":54}},"29":{"start":{"line":134,"column":4},"end":{"line":134,"column":null}},"30":{"start":{"line":137,"column":4},"end":{"line":137,"column":null}},"31":{"start":{"line":140,"column":4},"end":{"line":140,"column":null}},"32":{"start":{"line":141,"column":4},"end":{"line":141,"column":null}},"33":{"start":{"line":144,"column":4},"end":{"line":144,"column":null}},"34":{"start":{"line":151,"column":26},"end":{"line":151,"column":60}},"35":{"start":{"line":154,"column":2},"end":{"line":156,"column":null}},"36":{"start":{"line":155,"column":4},"end":{"line":155,"column":null}},"37":{"start":{"line":159,"column":15},"end":{"line":159,"column":52}},"38":{"start":{"line":162,"column":2},"end":{"line":164,"column":null}},"39":{"start":{"line":163,"column":4},"end":{"line":163,"column":null}},"40":{"start":{"line":167,"column":17},"end":{"line":167,"column":35}},"41":{"start":{"line":169,"column":2},"end":{"line":190,"column":null}},"42":{"start":{"line":171,"column":4},"end":{"line":171,"column":null}},"43":{"start":{"line":174,"column":18},"end":{"line":174,"column":54}},"44":{"start":{"line":176,"column":21},"end":{"line":176,"column":55}},"45":{"start":{"line":179,"column":4},"end":{"line":179,"column":null}},"46":{"start":{"line":182,"column":4},"end":{"line":182,"column":null}},"47":{"start":{"line":185,"column":4},"end":{"line":185,"column":null}},"48":{"start":{"line":186,"column":4},"end":{"line":186,"column":null}},"49":{"start":{"line":189,"column":4},"end":{"line":189,"column":null}},"50":{"start":{"line":196,"column":2},"end":{"line":198,"column":null}},"51":{"start":{"line":197,"column":4},"end":{"line":197,"column":null}},"52":{"start":{"line":201,"column":17},"end":{"line":213,"column":3}},"53":{"start":{"line":216,"column":2},"end":{"line":216,"column":null}},"54":{"start":{"line":222,"column":2},"end":{"line":224,"column":null}},"55":{"start":{"line":223,"column":4},"end":{"line":223,"column":null}},"56":{"start":{"line":227,"column":2},"end":{"line":227,"column":null}}},"fnMap":{"0":{"name":"createError","decl":{"start":{"line":30,"column":9},"end":{"line":30,"column":20}},"loc":{"start":{"line":30,"column":42},"end":{"line":34,"column":null}},"line":30},"1":{"name":"normalizeEmail","decl":{"start":{"line":37,"column":9},"end":{"line":37,"column":23}},"loc":{"start":{"line":37,"column":31},"end":{"line":39,"column":null}},"line":37},"2":{"name":"hashPassword","decl":{"start":{"line":43,"column":9},"end":{"line":43,"column":21}},"loc":{"start":{"line":43,"column":32},"end":{"line":50,"column":null}},"line":43},"3":{"name":"verifyPassword","decl":{"start":{"line":53,"column":9},"end":{"line":53,"column":23}},"loc":{"start":{"line":53,"column":46},"end":{"line":69,"column":null}},"line":53},"4":{"name":"createSession","decl":{"start":{"line":72,"column":15},"end":{"line":72,"column":28}},"loc":{"start":{"line":72,"column":50},"end":{"line":88,"column":null}},"line":72},"5":{"name":"registerUser","decl":{"start":{"line":91,"column":15},"end":{"line":91,"column":27}},"loc":{"start":{"line":91,"column":55},"end":{"line":146,"column":null}},"line":91},"6":{"name":"loginUser","decl":{"start":{"line":149,"column":15},"end":{"line":149,"column":24}},"loc":{"start":{"line":149,"column":42},"end":{"line":191,"column":null}},"line":149},"7":{"name":"getUserBySessionToken","decl":{"start":{"line":194,"column":15},"end":{"line":194,"column":36}},"loc":{"start":{"line":194,"column":44},"end":{"line":217,"column":null}},"line":194},"8":{"name":"logoutUser","decl":{"start":{"line":220,"column":15},"end":{"line":220,"column":25}},"loc":{"start":{"line":220,"column":33},"end":{"line":228,"column":null}},"line":220}},"branchMap":{"0":{"loc":{"start":{"line":58,"column":2},"end":{"line":60,"column":null}},"type":"if","locations":[{"start":{"line":58,"column":2},"end":{"line":60,"column":null}},{"start":{},"end":{}}],"line":58},"1":{"loc":{"start":{"line":58,"column":6},"end":{"line":58,"column":27}},"type":"binary-expr","locations":[{"start":{"line":58,"column":6},"end":{"line":58,"column":11}},{"start":{"line":58,"column":15},"end":{"line":58,"column":27}}],"line":58},"2":{"loc":{"start":{"line":72,"column":37},"end":{"line":72,"column":48}},"type":"default-arg","locations":[{"start":{"line":72,"column":46},"end":{"line":72,"column":48}}],"line":72},"3":{"loc":{"start":{"line":95,"column":26},"end":{"line":95,"column":60}},"type":"cond-expr","locations":[{"start":{"line":95,"column":34},"end":{"line":95,"column":55}},{"start":{"line":95,"column":58},"end":{"line":95,"column":60}}],"line":95},"4":{"loc":{"start":{"line":98,"column":2},"end":{"line":100,"column":null}},"type":"if","locations":[{"start":{"line":98,"column":2},"end":{"line":100,"column":null}},{"start":{},"end":{}}],"line":98},"5":{"loc":{"start":{"line":98,"column":6},"end":{"line":98,"column":55}},"type":"binary-expr","locations":[{"start":{"line":98,"column":6},"end":{"line":98,"column":22}},{"start":{"line":98,"column":26},"end":{"line":98,"column":42}},{"start":{"line":98,"column":46},"end":{"line":98,"column":55}}],"line":98},"6":{"loc":{"start":{"line":103,"column":2},"end":{"line":105,"column":null}},"type":"if","locations":[{"start":{"line":103,"column":2},"end":{"line":105,"column":null}},{"start":{},"end":{}}],"line":103},"7":{"loc":{"start":{"line":110,"column":2},"end":{"line":112,"column":null}},"type":"if","locations":[{"start":{"line":110,"column":2},"end":{"line":112,"column":null}},{"start":{},"end":{}}],"line":110},"8":{"loc":{"start":{"line":151,"column":26},"end":{"line":151,"column":60}},"type":"cond-expr","locations":[{"start":{"line":151,"column":34},"end":{"line":151,"column":55}},{"start":{"line":151,"column":58},"end":{"line":151,"column":60}}],"line":151},"9":{"loc":{"start":{"line":154,"column":2},"end":{"line":156,"column":null}},"type":"if","locations":[{"start":{"line":154,"column":2},"end":{"line":156,"column":null}},{"start":{},"end":{}}],"line":154},"10":{"loc":{"start":{"line":154,"column":6},"end":{"line":154,"column":35}},"type":"binary-expr","locations":[{"start":{"line":154,"column":6},"end":{"line":154,"column":22}},{"start":{"line":154,"column":26},"end":{"line":154,"column":35}}],"line":154},"11":{"loc":{"start":{"line":162,"column":2},"end":{"line":164,"column":null}},"type":"if","locations":[{"start":{"line":162,"column":2},"end":{"line":164,"column":null}},{"start":{},"end":{}}],"line":162},"12":{"loc":{"start":{"line":162,"column":6},"end":{"line":162,"column":60}},"type":"binary-expr","locations":[{"start":{"line":162,"column":6},"end":{"line":162,"column":11}},{"start":{"line":162,"column":15},"end":{"line":162,"column":60}}],"line":162},"13":{"loc":{"start":{"line":196,"column":2},"end":{"line":198,"column":null}},"type":"if","locations":[{"start":{"line":196,"column":2},"end":{"line":198,"column":null}},{"start":{},"end":{}}],"line":196},"14":{"loc":{"start":{"line":216,"column":9},"end":{"line":216,"column":31}},"type":"binary-expr","locations":[{"start":{"line":216,"column":9},"end":{"line":216,"column":23}},{"start":{"line":216,"column":27},"end":{"line":216,"column":31}}],"line":216},"15":{"loc":{"start":{"line":222,"column":2},"end":{"line":224,"column":null}},"type":"if","locations":[{"start":{"line":222,"column":2},"end":{"line":224,"column":null}},{"start":{},"end":{}}],"line":222}},"s":{"0":5,"1":5,"2":5,"3":6,"4":2,"5":2,"6":2,"7":1,"8":1,"9":0,"10":1,"11":1,"12":2,"13":2,"14":2,"15":5,"16":5,"17":5,"18":1,"19":4,"20":1,"21":3,"22":3,"23":1,"24":2,"25":2,"26":2,"27":2,"28":1,"29":1,"30":1,"31":1,"32":1,"33":2,"34":3,"35":3,"36":1,"37":2,"38":2,"39":1,"40":1,"41":1,"42":1,"43":1,"44":1,"45":1,"46":1,"47":0,"48":0,"49":1,"50":2,"51":1,"52":1,"53":1,"54":2,"55":1,"56":1},"f":{"0":5,"1":6,"2":2,"3":1,"4":2,"5":5,"6":3,"7":2,"8":2},"b":{"0":[0,1],"1":[1,1],"2":[2],"3":[4,1],"4":[1,4],"5":[5,4,4],"6":[1,3],"7":[1,2],"8":[2,1],"9":[1,2],"10":[3,2],"11":[1,1],"12":[2,1],"13":[1,1],"14":[1,0],"15":[1,1]},"meta":{"lastBranch":16,"lastFunction":9,"lastStatement":57,"seen":{"f:30:9:30:20":0,"s:31:16:31:34":0,"s:32:2:32:Infinity":1,"s:33:2:33:Infinity":2,"f:37:9:37:23":1,"s:38:2:38:Infinity":3,"f:43:9:43:21":2,"s:45:15:45:53":4,"s:47:21:47:74":5,"s:49:2:49:Infinity":6,"f:53:9:53:23":3,"s:55:30:55:51":7,"b:58:2:60:Infinity:undefined:undefined:undefined:undefined":0,"s:58:2:60:Infinity":8,"b:58:6:58:11:58:15:58:27":1,"s:59:4:59:Infinity":9,"s:63:21:63:74":10,"s:65:2:68:Infinity":11,"f:72:15:72:28":4,"b:72:46:72:48":2,"s:74:16:74:54":12,"s:76:17:85:3":13,"s:87:2:87:Infinity":14,"f:91:15:91:27":5,"s:93:26:93:42":15,"s:95:26:95:60":16,"b:95:34:95:55:95:58:95:60":3,"b:98:2:100:Infinity:undefined:undefined:undefined:undefined":4,"s:98:2:100:Infinity":17,"b:98:6:98:22:98:26:98:42:98:46:98:55":5,"s:99:4:99:Infinity":18,"b:103:2:105:Infinity:undefined:undefined:undefined:undefined":6,"s:103:2:105:Infinity":19,"s:104:4:104:Infinity":20,"s:108:23:108:60":21,"b:110:2:112:Infinity:undefined:undefined:undefined:undefined":7,"s:110:2:112:Infinity":22,"s:111:4:111:Infinity":23,"s:116:17:116:35":24,"s:118:2:145:Infinity":25,"s:120:4:120:Infinity":26,"s:123:17:128:5":27,"s:131:18:131:54":28,"s:134:4:134:Infinity":29,"s:137:4:137:Infinity":30,"s:140:4:140:Infinity":31,"s:141:4:141:Infinity":32,"s:144:4:144:Infinity":33,"f:149:15:149:24":6,"s:151:26:151:60":34,"b:151:34:151:55:151:58:151:60":8,"b:154:2:156:Infinity:undefined:undefined:undefined:undefined":9,"s:154:2:156:Infinity":35,"b:154:6:154:22:154:26:154:35":10,"s:155:4:155:Infinity":36,"s:159:15:159:52":37,"b:162:2:164:Infinity:undefined:undefined:undefined:undefined":11,"s:162:2:164:Infinity":38,"b:162:6:162:11:162:15:162:60":12,"s:163:4:163:Infinity":39,"s:167:17:167:35":40,"s:169:2:190:Infinity":41,"s:171:4:171:Infinity":42,"s:174:18:174:54":43,"s:176:21:176:55":44,"s:179:4:179:Infinity":45,"s:182:4:182:Infinity":46,"s:185:4:185:Infinity":47,"s:186:4:186:Infinity":48,"s:189:4:189:Infinity":49,"f:194:15:194:36":7,"b:196:2:198:Infinity:undefined:undefined:undefined:undefined":13,"s:196:2:198:Infinity":50,"s:197:4:197:Infinity":51,"s:201:17:213:3":52,"s:216:2:216:Infinity":53,"b:216:9:216:23:216:27:216:31":14,"f:220:15:220:25":8,"b:222:2:224:Infinity:undefined:undefined:undefined:undefined":15,"s:222:2:224:Infinity":54,"s:223:4:223:Infinity":55,"s:227:2:227:Infinity":56}}}
,"/Users/sambigham/Documents/GitHub/GrinCode/services/bettingService.js": {"path":"/Users/sambigham/Documents/GitHub/GrinCode/services/bettingService.js","statementMap":{"0":{"start":{"line":24,"column":16},"end":{"line":24,"column":34}},"1":{"start":{"line":25,"column":2},"end":{"line":25,"column":null}},"2":{"start":{"line":26,"column":2},"end":{"line":26,"column":null}},"3":{"start":{"line":32,"column":24},"end":{"line":32,"column":38}},"4":{"start":{"line":35,"column":2},"end":{"line":37,"column":null}},"5":{"start":{"line":36,"column":4},"end":{"line":36,"column":null}},"6":{"start":{"line":40,"column":2},"end":{"line":42,"column":null}},"7":{"start":{"line":41,"column":4},"end":{"line":41,"column":null}},"8":{"start":{"line":45,"column":17},"end":{"line":45,"column":35}},"9":{"start":{"line":47,"column":2},"end":{"line":163,"column":null}},"10":{"start":{"line":49,"column":4},"end":{"line":49,"column":null}},"11":{"start":{"line":52,"column":26},"end":{"line":61,"column":5}},"12":{"start":{"line":64,"column":20},"end":{"line":64,"column":41}},"13":{"start":{"line":67,"column":4},"end":{"line":69,"column":null}},"14":{"start":{"line":68,"column":6},"end":{"line":68,"column":null}},"15":{"start":{"line":72,"column":4},"end":{"line":74,"column":null}},"16":{"start":{"line":73,"column":6},"end":{"line":73,"column":null}},"17":{"start":{"line":77,"column":4},"end":{"line":79,"column":null}},"18":{"start":{"line":78,"column":6},"end":{"line":78,"column":null}},"19":{"start":{"line":82,"column":23},"end":{"line":92,"column":5}},"20":{"start":{"line":95,"column":17},"end":{"line":95,"column":35}},"21":{"start":{"line":98,"column":4},"end":{"line":100,"column":null}},"22":{"start":{"line":99,"column":6},"end":{"line":99,"column":null}},"23":{"start":{"line":103,"column":4},"end":{"line":105,"column":null}},"24":{"start":{"line":104,"column":6},"end":{"line":104,"column":null}},"25":{"start":{"line":108,"column":25},"end":{"line":124,"column":5}},"26":{"start":{"line":127,"column":71},"end":{"line":127,"column":91}},"27":{"start":{"line":132,"column":6},"end":{"line":134,"column":96}},"28":{"start":{"line":137,"column":22},"end":{"line":137,"column":57}},"29":{"start":{"line":140,"column":18},"end":{"line":140,"column":88}},"30":{"start":{"line":142,"column":24},"end":{"line":146,"column":5}},"31":{"start":{"line":149,"column":4},"end":{"line":149,"column":null}},"32":{"start":{"line":152,"column":4},"end":{"line":155,"column":null}},"33":{"start":{"line":158,"column":4},"end":{"line":158,"column":null}},"34":{"start":{"line":159,"column":4},"end":{"line":159,"column":null}},"35":{"start":{"line":162,"column":4},"end":{"line":162,"column":null}}},"fnMap":{"0":{"name":"createError","decl":{"start":{"line":23,"column":9},"end":{"line":23,"column":20}},"loc":{"start":{"line":23,"column":42},"end":{"line":27,"column":null}},"line":23},"1":{"name":"placeBet","decl":{"start":{"line":30,"column":15},"end":{"line":30,"column":23}},"loc":{"start":{"line":30,"column":61},"end":{"line":164,"column":null}},"line":30}},"branchMap":{"0":{"loc":{"start":{"line":35,"column":2},"end":{"line":37,"column":null}},"type":"if","locations":[{"start":{"line":35,"column":2},"end":{"line":37,"column":null}},{"start":{},"end":{}}],"line":35},"1":{"loc":{"start":{"line":35,"column":6},"end":{"line":35,"column":40}},"type":"binary-expr","locations":[{"start":{"line":35,"column":6},"end":{"line":35,"column":13}},{"start":{"line":35,"column":17},"end":{"line":35,"column":26}},{"start":{"line":35,"column":30},"end":{"line":35,"column":40}}],"line":35},"2":{"loc":{"start":{"line":40,"column":2},"end":{"line":42,"column":null}},"type":"if","locations":[{"start":{"line":40,"column":2},"end":{"line":42,"column":null}},{"start":{},"end":{}}],"line":40},"3":{"loc":{"start":{"line":40,"column":6},"end":{"line":40,"column":59}},"type":"binary-expr","locations":[{"start":{"line":40,"column":6},"end":{"line":40,"column":37}},{"start":{"line":40,"column":41},"end":{"line":40,"column":59}}],"line":40},"4":{"loc":{"start":{"line":67,"column":4},"end":{"line":69,"column":null}},"type":"if","locations":[{"start":{"line":67,"column":4},"end":{"line":69,"column":null}},{"start":{},"end":{}}],"line":67},"5":{"loc":{"start":{"line":72,"column":4},"end":{"line":74,"column":null}},"type":"if","locations":[{"start":{"line":72,"column":4},"end":{"line":74,"column":null}},{"start":{},"end":{}}],"line":72},"6":{"loc":{"start":{"line":77,"column":4},"end":{"line":79,"column":null}},"type":"if","locations":[{"start":{"line":77,"column":4},"end":{"line":79,"column":null}},{"start":{},"end":{}}],"line":77},"7":{"loc":{"start":{"line":77,"column":8},"end":{"line":77,"column":80}},"type":"binary-expr","locations":[{"start":{"line":77,"column":8},"end":{"line":77,"column":25}},{"start":{"line":77,"column":29},"end":{"line":77,"column":80}}],"line":77},"8":{"loc":{"start":{"line":98,"column":4},"end":{"line":100,"column":null}},"type":"if","locations":[{"start":{"line":98,"column":4},"end":{"line":100,"column":null}},{"start":{},"end":{}}],"line":98},"9":{"loc":{"start":{"line":103,"column":4},"end":{"line":105,"column":null}},"type":"if","locations":[{"start":{"line":103,"column":4},"end":{"line":105,"column":null}},{"start":{},"end":{}}],"line":103},"10":{"loc":{"start":{"line":132,"column":6},"end":{"line":134,"column":96}},"type":"cond-expr","locations":[{"start":{"line":133,"column":10},"end":{"line":133,"column":null}},{"start":{"line":134,"column":10},"end":{"line":134,"column":96}}],"line":132}},"s":{"0":7,"1":7,"2":7,"3":9,"4":9,"5":1,"6":8,"7":1,"8":7,"9":7,"10":7,"11":7,"12":7,"13":7,"14":1,"15":6,"16":1,"17":5,"18":1,"19":4,"20":4,"21":4,"22":1,"23":3,"24":1,"25":2,"26":2,"27":2,"28":9,"29":9,"30":2,"31":2,"32":2,"33":5,"34":5,"35":7},"f":{"0":7,"1":9},"b":{"0":[1,8],"1":[9,8,8],"2":[1,7],"3":[8,8],"4":[1,6],"5":[1,5],"6":[1,4],"7":[5,1],"8":[1,3],"9":[1,2],"10":[0,2]},"meta":{"lastBranch":11,"lastFunction":2,"lastStatement":36,"seen":{"f:23:9:23:20":0,"s:24:16:24:34":0,"s:25:2:25:Infinity":1,"s:26:2:26:Infinity":2,"f:30:15:30:23":1,"s:32:24:32:38":3,"b:35:2:37:Infinity:undefined:undefined:undefined:undefined":0,"s:35:2:37:Infinity":4,"b:35:6:35:13:35:17:35:26:35:30:35:40":1,"s:36:4:36:Infinity":5,"b:40:2:42:Infinity:undefined:undefined:undefined:undefined":2,"s:40:2:42:Infinity":6,"b:40:6:40:37:40:41:40:59":3,"s:41:4:41:Infinity":7,"s:45:17:45:35":8,"s:47:2:163:Infinity":9,"s:49:4:49:Infinity":10,"s:52:26:61:5":11,"s:64:20:64:41":12,"b:67:4:69:Infinity:undefined:undefined:undefined:undefined":4,"s:67:4:69:Infinity":13,"s:68:6:68:Infinity":14,"b:72:4:74:Infinity:undefined:undefined:undefined:undefined":5,"s:72:4:74:Infinity":15,"s:73:6:73:Infinity":16,"b:77:4:79:Infinity:undefined:undefined:undefined:undefined":6,"s:77:4:79:Infinity":17,"b:77:8:77:25:77:29:77:80":7,"s:78:6:78:Infinity":18,"s:82:23:92:5":19,"s:95:17:95:35":20,"b:98:4:100:Infinity:undefined:undefined:undefined:undefined":8,"s:98:4:100:Infinity":21,"s:99:6:99:Infinity":22,"b:103:4:105:Infinity:undefined:undefined:undefined:undefined":9,"s:103:4:105:Infinity":23,"s:104:6:104:Infinity":24,"s:108:25:124:5":25,"s:127:71:127:91":26,"s:132:6:134:96":27,"b:133:10:133:Infinity:134:10:134:96":10,"s:137:22:137:57":28,"s:140:18:140:88":29,"s:142:24:146:5":30,"s:149:4:149:Infinity":31,"s:152:4:155:Infinity":32,"s:158:4:158:Infinity":33,"s:159:4:159:Infinity":34,"s:162:4:162:Infinity":35}}}
,"/Users/sambigham/Documents/GitHub/GrinCode/services/commentService.js": {"path":"/Users/sambigham/Documents/GitHub/GrinCode/services/commentService.js","statementMap":{"0":{"start":{"line":8,"column":16},"end":{"line":8,"column":34}},"1":{"start":{"line":9,"column":2},"end":{"line":9,"column":null}},"2":{"start":{"line":10,"column":2},"end":{"line":10,"column":null}},"3":{"start":{"line":16,"column":2},"end":{"line":18,"column":null}},"4":{"start":{"line":17,"column":4},"end":{"line":17,"column":null}},"5":{"start":{"line":21,"column":2},"end":{"line":21,"column":null}},"6":{"start":{"line":27,"column":2},"end":{"line":29,"column":null}},"7":{"start":{"line":28,"column":4},"end":{"line":28,"column":null}},"8":{"start":{"line":32,"column":2},"end":{"line":34,"column":null}},"9":{"start":{"line":33,"column":4},"end":{"line":33,"column":null}},"10":{"start":{"line":37,"column":17},"end":{"line":37,"column":35}},"11":{"start":{"line":39,"column":2},"end":{"line":66,"column":null}},"12":{"start":{"line":41,"column":4},"end":{"line":41,"column":null}},"13":{"start":{"line":44,"column":25},"end":{"line":44,"column":95}},"14":{"start":{"line":47,"column":4},"end":{"line":49,"column":null}},"15":{"start":{"line":48,"column":6},"end":{"line":48,"column":null}},"16":{"start":{"line":52,"column":20},"end":{"line":52,"column":70}},"17":{"start":{"line":55,"column":4},"end":{"line":55,"column":null}},"18":{"start":{"line":58,"column":4},"end":{"line":58,"column":null}},"19":{"start":{"line":61,"column":4},"end":{"line":61,"column":null}},"20":{"start":{"line":62,"column":4},"end":{"line":62,"column":null}},"21":{"start":{"line":65,"column":4},"end":{"line":65,"column":null}}},"fnMap":{"0":{"name":"createError","decl":{"start":{"line":7,"column":9},"end":{"line":7,"column":20}},"loc":{"start":{"line":7,"column":42},"end":{"line":11,"column":null}},"line":7},"1":{"name":"listComments","decl":{"start":{"line":14,"column":15},"end":{"line":14,"column":27}},"loc":{"start":{"line":14,"column":38},"end":{"line":22,"column":null}},"line":14},"2":{"name":"addComment","decl":{"start":{"line":25,"column":15},"end":{"line":25,"column":25}},"loc":{"start":{"line":25,"column":42},"end":{"line":67,"column":null}},"line":25}},"branchMap":{"0":{"loc":{"start":{"line":16,"column":2},"end":{"line":18,"column":null}},"type":"if","locations":[{"start":{"line":16,"column":2},"end":{"line":18,"column":null}},{"start":{},"end":{}}],"line":16},"1":{"loc":{"start":{"line":27,"column":2},"end":{"line":29,"column":null}},"type":"if","locations":[{"start":{"line":27,"column":2},"end":{"line":29,"column":null}},{"start":{},"end":{}}],"line":27},"2":{"loc":{"start":{"line":32,"column":2},"end":{"line":34,"column":null}},"type":"if","locations":[{"start":{"line":32,"column":2},"end":{"line":34,"column":null}},{"start":{},"end":{}}],"line":32},"3":{"loc":{"start":{"line":32,"column":6},"end":{"line":32,"column":27}},"type":"binary-expr","locations":[{"start":{"line":32,"column":6},"end":{"line":32,"column":11}},{"start":{"line":32,"column":15},"end":{"line":32,"column":27}}],"line":32},"4":{"loc":{"start":{"line":47,"column":4},"end":{"line":49,"column":null}},"type":"if","locations":[{"start":{"line":47,"column":4},"end":{"line":49,"column":null}},{"start":{},"end":{}}],"line":47}},"s":{"0":4,"1":4,"2":4,"3":2,"4":1,"5":1,"6":4,"7":1,"8":3,"9":1,"10":2,"11":2,"12":2,"13":2,"14":2,"15":1,"16":1,"17":1,"18":1,"19":1,"20":1,"21":2},"f":{"0":4,"1":2,"2":4},"b":{"0":[1,1],"1":[1,3],"2":[1,2],"3":[3,3],"4":[1,1]},"meta":{"lastBranch":5,"lastFunction":3,"lastStatement":22,"seen":{"f:7:9:7:20":0,"s:8:16:8:34":0,"s:9:2:9:Infinity":1,"s:10:2:10:Infinity":2,"f:14:15:14:27":1,"b:16:2:18:Infinity:undefined:undefined:undefined:undefined":0,"s:16:2:18:Infinity":3,"s:17:4:17:Infinity":4,"s:21:2:21:Infinity":5,"f:25:15:25:25":2,"b:27:2:29:Infinity:undefined:undefined:undefined:undefined":1,"s:27:2:29:Infinity":6,"s:28:4:28:Infinity":7,"b:32:2:34:Infinity:undefined:undefined:undefined:undefined":2,"s:32:2:34:Infinity":8,"b:32:6:32:11:32:15:32:27":3,"s:33:4:33:Infinity":9,"s:37:17:37:35":10,"s:39:2:66:Infinity":11,"s:41:4:41:Infinity":12,"s:44:25:44:95":13,"b:47:4:49:Infinity:undefined:undefined:undefined:undefined":4,"s:47:4:49:Infinity":14,"s:48:6:48:Infinity":15,"s:52:20:52:70":16,"s:55:4:55:Infinity":17,"s:58:4:58:Infinity":18,"s:61:4:61:Infinity":19,"s:62:4:62:Infinity":20,"s:65:4:65:Infinity":21}}}
,"/Users/sambigham/Documents/GitHub/GrinCode/services/marketService.js": {"path":"/Users/sambigham/Documents/GitHub/GrinCode/services/marketService.js","statementMap":{"0":{"start":{"line":35,"column":16},"end":{"line":35,"column":34}},"1":{"start":{"line":36,"column":2},"end":{"line":36,"column":null}},"2":{"start":{"line":37,"column":2},"end":{"line":37,"column":null}},"3":{"start":{"line":43,"column":26},"end":{"line":43,"column":44}},"4":{"start":{"line":46,"column":2},"end":{"line":48,"column":null}},"5":{"start":{"line":47,"column":4},"end":{"line":47,"column":null}},"6":{"start":{"line":51,"column":2},"end":{"line":53,"column":null}},"7":{"start":{"line":52,"column":4},"end":{"line":52,"column":null}},"8":{"start":{"line":56,"column":2},"end":{"line":56,"column":null}},"9":{"start":{"line":62,"column":27},"end":{"line":62,"column":50}},"10":{"start":{"line":64,"column":2},"end":{"line":64,"column":null}},"11":{"start":{"line":70,"column":17},"end":{"line":70,"column":35}},"12":{"start":{"line":72,"column":2},"end":{"line":109,"column":null}},"13":{"start":{"line":74,"column":4},"end":{"line":74,"column":null}},"14":{"start":{"line":77,"column":4},"end":{"line":79,"column":null}},"15":{"start":{"line":78,"column":6},"end":{"line":78,"column":null}},"16":{"start":{"line":82,"column":25},"end":{"line":82,"column":49}},"17":{"start":{"line":84,"column":19},"end":{"line":90,"column":5}},"18":{"start":{"line":93,"column":4},"end":{"line":93,"column":null}},"19":{"start":{"line":95,"column":4},"end":{"line":95,"column":null}},"20":{"start":{"line":98,"column":4},"end":{"line":98,"column":null}},"21":{"start":{"line":101,"column":4},"end":{"line":101,"column":null}},"22":{"start":{"line":104,"column":4},"end":{"line":104,"column":null}},"23":{"start":{"line":105,"column":4},"end":{"line":105,"column":null}},"24":{"start":{"line":108,"column":4},"end":{"line":108,"column":null}},"25":{"start":{"line":115,"column":2},"end":{"line":117,"column":null}},"26":{"start":{"line":116,"column":4},"end":{"line":116,"column":null}},"27":{"start":{"line":120,"column":17},"end":{"line":120,"column":35}},"28":{"start":{"line":122,"column":2},"end":{"line":227,"column":null}},"29":{"start":{"line":124,"column":4},"end":{"line":124,"column":null}},"30":{"start":{"line":127,"column":25},"end":{"line":127,"column":72}},"31":{"start":{"line":130,"column":4},"end":{"line":132,"column":null}},"32":{"start":{"line":131,"column":6},"end":{"line":131,"column":null}},"33":{"start":{"line":135,"column":4},"end":{"line":137,"column":null}},"34":{"start":{"line":136,"column":6},"end":{"line":136,"column":null}},"35":{"start":{"line":140,"column":32},"end":{"line":149,"column":5}},"36":{"start":{"line":152,"column":19},"end":{"line":152,"column":46}},"37":{"start":{"line":155,"column":4},"end":{"line":157,"column":null}},"38":{"start":{"line":156,"column":6},"end":{"line":156,"column":null}},"39":{"start":{"line":160,"column":4},"end":{"line":162,"column":null}},"40":{"start":{"line":161,"column":6},"end":{"line":161,"column":null}},"41":{"start":{"line":165,"column":27},"end":{"line":165,"column":86}},"42":{"start":{"line":168,"column":4},"end":{"line":170,"column":null}},"43":{"start":{"line":169,"column":6},"end":{"line":169,"column":null}},"44":{"start":{"line":173,"column":19},"end":{"line":173,"column":73}},"45":{"start":{"line":176,"column":4},"end":{"line":176,"column":null}},"46":{"start":{"line":178,"column":4},"end":{"line":178,"column":null}},"47":{"start":{"line":181,"column":4},"end":{"line":207,"column":null}},"48":{"start":{"line":183,"column":18},"end":{"line":183,"column":55}},"49":{"start":{"line":186,"column":6},"end":{"line":186,"column":null}},"50":{"start":{"line":189,"column":6},"end":{"line":191,"column":null}},"51":{"start":{"line":190,"column":8},"end":{"line":190,"column":null}},"52":{"start":{"line":194,"column":19},"end":{"line":194,"column":59}},"53":{"start":{"line":197,"column":6},"end":{"line":199,"column":null}},"54":{"start":{"line":198,"column":8},"end":{"line":198,"column":null}},"55":{"start":{"line":202,"column":6},"end":{"line":206,"column":null}},"56":{"start":{"line":210,"column":27},"end":{"line":210,"column":81}},"57":{"start":{"line":213,"column":4},"end":{"line":213,"column":null}},"58":{"start":{"line":216,"column":4},"end":{"line":219,"column":null}},"59":{"start":{"line":222,"column":4},"end":{"line":222,"column":null}},"60":{"start":{"line":223,"column":4},"end":{"line":223,"column":null}},"61":{"start":{"line":226,"column":4},"end":{"line":226,"column":null}},"62":{"start":{"line":233,"column":31},"end":{"line":243,"column":3}},"63":{"start":{"line":246,"column":2},"end":{"line":285,"column":null}},"64":{"start":{"line":248,"column":27},"end":{"line":261,"column":5}},"65":{"start":{"line":264,"column":27},"end":{"line":264,"column":49}},"66":{"start":{"line":267,"column":4},"end":{"line":269,"column":null}},"67":{"start":{"line":268,"column":6},"end":{"line":268,"column":null}},"68":{"start":{"line":271,"column":4},"end":{"line":284,"column":null}},"69":{"start":{"line":273,"column":6},"end":{"line":273,"column":null}},"70":{"start":{"line":276,"column":6},"end":{"line":281,"column":null}},"71":{"start":{"line":280,"column":8},"end":{"line":280,"column":null}},"72":{"start":{"line":283,"column":6},"end":{"line":283,"column":null}}},"fnMap":{"0":{"name":"createError","decl":{"start":{"line":34,"column":9},"end":{"line":34,"column":20}},"loc":{"start":{"line":34,"column":42},"end":{"line":38,"column":null}},"line":34},"1":{"name":"parseCloseTime","decl":{"start":{"line":41,"column":9},"end":{"line":41,"column":23}},"loc":{"start":{"line":41,"column":34},"end":{"line":57,"column":null}},"line":41},"2":{"name":"calculatePayout","decl":{"start":{"line":60,"column":9},"end":{"line":60,"column":24}},"loc":{"start":{"line":60,"column":44},"end":{"line":65,"column":null}},"line":60},"3":{"name":"createMarket","decl":{"start":{"line":68,"column":15},"end":{"line":68,"column":27}},"loc":{"start":{"line":68,"column":89},"end":{"line":110,"column":null}},"line":68},"4":{"name":"resolveMarket","decl":{"start":{"line":113,"column":15},"end":{"line":113,"column":28}},"loc":{"start":{"line":113,"column":57},"end":{"line":228,"column":null}},"line":113},"5":{"name":"autoResolveExpiredMarkets","decl":{"start":{"line":231,"column":15},"end":{"line":231,"column":40}},"loc":{"start":{"line":231,"column":43},"end":{"line":286,"column":null}},"line":231}},"branchMap":{"0":{"loc":{"start":{"line":46,"column":2},"end":{"line":48,"column":null}},"type":"if","locations":[{"start":{"line":46,"column":2},"end":{"line":48,"column":null}},{"start":{},"end":{}}],"line":46},"1":{"loc":{"start":{"line":51,"column":2},"end":{"line":53,"column":null}},"type":"if","locations":[{"start":{"line":51,"column":2},"end":{"line":53,"column":null}},{"start":{},"end":{}}],"line":51},"2":{"loc":{"start":{"line":77,"column":4},"end":{"line":79,"column":null}},"type":"if","locations":[{"start":{"line":77,"column":4},"end":{"line":79,"column":null}},{"start":{},"end":{}}],"line":77},"3":{"loc":{"start":{"line":77,"column":8},"end":{"line":77,"column":83}},"type":"binary-expr","locations":[{"start":{"line":77,"column":8},"end":{"line":77,"column":15}},{"start":{"line":77,"column":19},"end":{"line":77,"column":28}},{"start":{"line":77,"column":32},"end":{"line":77,"column":44}},{"start":{"line":77,"column":48},"end":{"line":77,"column":57}},{"start":{"line":77,"column":61},"end":{"line":77,"column":70}},{"start":{"line":77,"column":74},"end":{"line":77,"column":83}}],"line":77},"4":{"loc":{"start":{"line":115,"column":2},"end":{"line":117,"column":null}},"type":"if","locations":[{"start":{"line":115,"column":2},"end":{"line":117,"column":null}},{"start":{},"end":{}}],"line":115},"5":{"loc":{"start":{"line":115,"column":6},"end":{"line":115,"column":36}},"type":"binary-expr","locations":[{"start":{"line":115,"column":6},"end":{"line":115,"column":15}},{"start":{"line":115,"column":19},"end":{"line":115,"column":36}}],"line":115},"6":{"loc":{"start":{"line":130,"column":4},"end":{"line":132,"column":null}},"type":"if","locations":[{"start":{"line":130,"column":4},"end":{"line":132,"column":null}},{"start":{},"end":{}}],"line":130},"7":{"loc":{"start":{"line":135,"column":4},"end":{"line":137,"column":null}},"type":"if","locations":[{"start":{"line":135,"column":4},"end":{"line":137,"column":null}},{"start":{},"end":{}}],"line":135},"8":{"loc":{"start":{"line":155,"column":4},"end":{"line":157,"column":null}},"type":"if","locations":[{"start":{"line":155,"column":4},"end":{"line":157,"column":null}},{"start":{},"end":{}}],"line":155},"9":{"loc":{"start":{"line":160,"column":4},"end":{"line":162,"column":null}},"type":"if","locations":[{"start":{"line":160,"column":4},"end":{"line":162,"column":null}},{"start":{},"end":{}}],"line":160},"10":{"loc":{"start":{"line":160,"column":8},"end":{"line":160,"column":78}},"type":"binary-expr","locations":[{"start":{"line":160,"column":8},"end":{"line":160,"column":25}},{"start":{"line":160,"column":29},"end":{"line":160,"column":78}}],"line":160},"11":{"loc":{"start":{"line":168,"column":4},"end":{"line":170,"column":null}},"type":"if","locations":[{"start":{"line":168,"column":4},"end":{"line":170,"column":null}},{"start":{},"end":{}}],"line":168},"12":{"loc":{"start":{"line":168,"column":8},"end":{"line":168,"column":64}},"type":"binary-expr","locations":[{"start":{"line":168,"column":8},"end":{"line":168,"column":23}},{"start":{"line":168,"column":27},"end":{"line":168,"column":64}}],"line":168},"13":{"loc":{"start":{"line":186,"column":51},"end":{"line":186,"column":71}},"type":"cond-expr","locations":[{"start":{"line":186,"column":57},"end":{"line":186,"column":62}},{"start":{"line":186,"column":65},"end":{"line":186,"column":71}}],"line":186},"14":{"loc":{"start":{"line":189,"column":6},"end":{"line":191,"column":null}},"type":"if","locations":[{"start":{"line":189,"column":6},"end":{"line":191,"column":null}},{"start":{},"end":{}}],"line":189},"15":{"loc":{"start":{"line":197,"column":6},"end":{"line":199,"column":null}},"type":"if","locations":[{"start":{"line":197,"column":6},"end":{"line":199,"column":null}},{"start":{},"end":{}}],"line":197},"16":{"loc":{"start":{"line":267,"column":4},"end":{"line":269,"column":null}},"type":"if","locations":[{"start":{"line":267,"column":4},"end":{"line":269,"column":null}},{"start":{},"end":{}}],"line":267},"17":{"loc":{"start":{"line":276,"column":6},"end":{"line":281,"column":null}},"type":"if","locations":[{"start":{"line":276,"column":6},"end":{"line":281,"column":null}},{"start":{},"end":{}}],"line":276},"18":{"loc":{"start":{"line":277,"column":8},"end":{"line":278,"column":null}},"type":"binary-expr","locations":[{"start":{"line":277,"column":8},"end":{"line":277,"column":33}},{"start":{"line":278,"column":8},"end":{"line":278,"column":null}}],"line":277}},"s":{"0":5,"1":5,"2":5,"3":3,"4":3,"5":1,"6":2,"7":1,"8":1,"9":1,"10":1,"11":4,"12":4,"13":4,"14":4,"15":1,"16":3,"17":3,"18":1,"19":1,"20":1,"21":1,"22":3,"23":3,"24":4,"25":9,"26":1,"27":8,"28":8,"29":8,"30":8,"31":8,"32":1,"33":7,"34":1,"35":6,"36":6,"37":6,"38":0,"39":6,"40":1,"41":5,"42":5,"43":1,"44":4,"45":4,"46":4,"47":4,"48":3,"49":3,"50":3,"51":1,"52":2,"53":2,"54":1,"55":1,"56":4,"57":4,"58":4,"59":4,"60":4,"61":8,"62":2,"63":2,"64":3,"65":3,"66":3,"67":1,"68":2,"69":2,"70":0,"71":0,"72":0},"f":{"0":5,"1":3,"2":1,"3":4,"4":9,"5":2},"b":{"0":[1,2],"1":[1,1],"2":[1,3],"3":[4,3,3,3,3,3],"4":[1,8],"5":[9,8],"6":[1,7],"7":[1,6],"8":[0,6],"9":[1,5],"10":[6,6],"11":[1,4],"12":[5,5],"13":[2,1],"14":[1,2],"15":[1,1],"16":[1,2],"17":[0,0],"18":[0,0]},"meta":{"lastBranch":19,"lastFunction":6,"lastStatement":73,"seen":{"f:34:9:34:20":0,"s:35:16:35:34":0,"s:36:2:36:Infinity":1,"s:37:2:37:Infinity":2,"f:41:9:41:23":1,"s:43:26:43:44":3,"b:46:2:48:Infinity:undefined:undefined:undefined:undefined":0,"s:46:2:48:Infinity":4,"s:47:4:47:Infinity":5,"b:51:2:53:Infinity:undefined:undefined:undefined:undefined":1,"s:51:2:53:Infinity":6,"s:52:4:52:Infinity":7,"s:56:2:56:Infinity":8,"f:60:9:60:24":2,"s:62:27:62:50":9,"s:64:2:64:Infinity":10,"f:68:15:68:27":3,"s:70:17:70:35":11,"s:72:2:109:Infinity":12,"s:74:4:74:Infinity":13,"b:77:4:79:Infinity:undefined:undefined:undefined:undefined":2,"s:77:4:79:Infinity":14,"b:77:8:77:15:77:19:77:28:77:32:77:44:77:48:77:57:77:61:77:70:77:74:77:83":3,"s:78:6:78:Infinity":15,"s:82:25:82:49":16,"s:84:19:90:5":17,"s:93:4:93:Infinity":18,"s:95:4:95:Infinity":19,"s:98:4:98:Infinity":20,"s:101:4:101:Infinity":21,"s:104:4:104:Infinity":22,"s:105:4:105:Infinity":23,"s:108:4:108:Infinity":24,"f:113:15:113:28":4,"b:115:2:117:Infinity:undefined:undefined:undefined:undefined":4,"s:115:2:117:Infinity":25,"b:115:6:115:15:115:19:115:36":5,"s:116:4:116:Infinity":26,"s:120:17:120:35":27,"s:122:2:227:Infinity":28,"s:124:4:124:Infinity":29,"s:127:25:127:72":30,"b:130:4:132:Infinity:undefined:undefined:undefined:undefined":6,"s:130:4:132:Infinity":31,"s:131:6:131:Infinity":32,"b:135:4:137:Infinity:undefined:undefined:undefined:undefined":7,"s:135:4:137:Infinity":33,"s:136:6:136:Infinity":34,"s:140:32:149:5":35,"s:152:19:152:46":36,"b:155:4:157:Infinity:undefined:undefined:undefined:undefined":8,"s:155:4:157:Infinity":37,"s:156:6:156:Infinity":38,"b:160:4:162:Infinity:undefined:undefined:undefined:undefined":9,"s:160:4:162:Infinity":39,"b:160:8:160:25:160:29:160:78":10,"s:161:6:161:Infinity":40,"s:165:27:165:86":41,"b:168:4:170:Infinity:undefined:undefined:undefined:undefined":11,"s:168:4:170:Infinity":42,"b:168:8:168:23:168:27:168:64":12,"s:169:6:169:Infinity":43,"s:173:19:173:73":44,"s:176:4:176:Infinity":45,"s:178:4:178:Infinity":46,"s:181:4:207:Infinity":47,"s:183:18:183:55":48,"s:186:6:186:Infinity":49,"b:186:57:186:62:186:65:186:71":13,"b:189:6:191:Infinity:undefined:undefined:undefined:undefined":14,"s:189:6:191:Infinity":50,"s:190:8:190:Infinity":51,"s:194:19:194:59":52,"b:197:6:199:Infinity:undefined:undefined:undefined:undefined":15,"s:197:6:199:Infinity":53,"s:198:8:198:Infinity":54,"s:202:6:206:Infinity":55,"s:210:27:210:81":56,"s:213:4:213:Infinity":57,"s:216:4:219:Infinity":58,"s:222:4:222:Infinity":59,"s:223:4:223:Infinity":60,"s:226:4:226:Infinity":61,"f:231:15:231:40":5,"s:233:31:243:3":62,"s:246:2:285:Infinity":63,"s:248:27:261:5":64,"s:264:27:264:49":65,"b:267:4:269:Infinity:undefined:undefined:undefined:undefined":16,"s:267:4:269:Infinity":66,"s:268:6:268:Infinity":67,"s:271:4:284:Infinity":68,"s:273:6:273:Infinity":69,"b:276:6:281:Infinity:undefined:undefined:undefined:undefined":17,"s:276:6:281:Infinity":70,"b:277:8:277:33:278:8:278:Infinity":18,"s:280:8:280:Infinity":71,"s:283:6:283:Infinity":72}}}
,"/Users/sambigham/Documents/GitHub/GrinCode/services/voteService.js": {"path":"/Users/sambigham/Documents/GitHub/GrinCode/services/voteService.js","statementMap":{"0":{"start":{"line":12,"column":16},"end":{"line":12,"column":34}},"1":{"start":{"line":13,"column":2},"end":{"line":13,"column":null}},"2":{"start":{"line":14,"column":2},"end":{"line":14,"column":null}},"3":{"start":{"line":20,"column":2},"end":{"line":22,"column":null}},"4":{"start":{"line":21,"column":4},"end":{"line":21,"column":null}},"5":{"start":{"line":25,"column":2},"end":{"line":27,"column":null}},"6":{"start":{"line":26,"column":4},"end":{"line":26,"column":null}},"7":{"start":{"line":30,"column":17},"end":{"line":30,"column":35}},"8":{"start":{"line":32,"column":2},"end":{"line":76,"column":null}},"9":{"start":{"line":34,"column":4},"end":{"line":34,"column":null}},"10":{"start":{"line":37,"column":25},"end":{"line":37,"column":95}},"11":{"start":{"line":40,"column":4},"end":{"line":42,"column":null}},"12":{"start":{"line":41,"column":6},"end":{"line":41,"column":null}},"13":{"start":{"line":45,"column":25},"end":{"line":45,"column":81}},"14":{"start":{"line":48,"column":4},"end":{"line":50,"column":null}},"15":{"start":{"line":49,"column":6},"end":{"line":49,"column":null}},"16":{"start":{"line":53,"column":4},"end":{"line":53,"column":null}},"17":{"start":{"line":56,"column":19},"end":{"line":56,"column":66}},"18":{"start":{"line":59,"column":4},"end":{"line":59,"column":null}},"19":{"start":{"line":62,"column":4},"end":{"line":62,"column":null}},"20":{"start":{"line":65,"column":4},"end":{"line":65,"column":null}},"21":{"start":{"line":68,"column":4},"end":{"line":70,"column":null}},"22":{"start":{"line":69,"column":6},"end":{"line":69,"column":null}},"23":{"start":{"line":72,"column":4},"end":{"line":72,"column":null}},"24":{"start":{"line":75,"column":4},"end":{"line":75,"column":null}}},"fnMap":{"0":{"name":"createError","decl":{"start":{"line":11,"column":9},"end":{"line":11,"column":20}},"loc":{"start":{"line":11,"column":42},"end":{"line":15,"column":null}},"line":11},"1":{"name":"castVote","decl":{"start":{"line":18,"column":15},"end":{"line":18,"column":23}},"loc":{"start":{"line":18,"column":52},"end":{"line":77,"column":null}},"line":18}},"branchMap":{"0":{"loc":{"start":{"line":20,"column":2},"end":{"line":22,"column":null}},"type":"if","locations":[{"start":{"line":20,"column":2},"end":{"line":22,"column":null}},{"start":{},"end":{}}],"line":20},"1":{"loc":{"start":{"line":20,"column":6},"end":{"line":20,"column":26}},"type":"binary-expr","locations":[{"start":{"line":20,"column":6},"end":{"line":20,"column":15}},{"start":{"line":20,"column":19},"end":{"line":20,"column":26}}],"line":20},"2":{"loc":{"start":{"line":25,"column":2},"end":{"line":27,"column":null}},"type":"if","locations":[{"start":{"line":25,"column":2},"end":{"line":27,"column":null}},{"start":{},"end":{}}],"line":25},"3":{"loc":{"start":{"line":25,"column":6},"end":{"line":25,"column":46}},"type":"binary-expr","locations":[{"start":{"line":25,"column":6},"end":{"line":25,"column":23}},{"start":{"line":25,"column":27},"end":{"line":25,"column":46}}],"line":25},"4":{"loc":{"start":{"line":40,"column":4},"end":{"line":42,"column":null}},"type":"if","locations":[{"start":{"line":40,"column":4},"end":{"line":42,"column":null}},{"start":{},"end":{}}],"line":40},"5":{"loc":{"start":{"line":48,"column":4},"end":{"line":50,"column":null}},"type":"if","locations":[{"start":{"line":48,"column":4},"end":{"line":50,"column":null}},{"start":{},"end":{}}],"line":48},"6":{"loc":{"start":{"line":68,"column":4},"end":{"line":70,"column":null}},"type":"if","locations":[{"start":{"line":68,"column":4},"end":{"line":70,"column":null}},{"start":{},"end":{}}],"line":68}},"s":{"0":5,"1":5,"2":5,"3":6,"4":1,"5":5,"6":1,"7":4,"8":4,"9":4,"10":4,"11":4,"12":1,"13":3,"14":3,"15":1,"16":2,"17":1,"18":1,"19":1,"20":3,"21":3,"22":1,"23":2,"24":4},"f":{"0":5,"1":6},"b":{"0":[1,5],"1":[6,5],"2":[1,4],"3":[5,1],"4":[1,3],"5":[1,2],"6":[1,2]},"meta":{"lastBranch":7,"lastFunction":2,"lastStatement":25,"seen":{"f:11:9:11:20":0,"s:12:16:12:34":0,"s:13:2:13:Infinity":1,"s:14:2:14:Infinity":2,"f:18:15:18:23":1,"b:20:2:22:Infinity:undefined:undefined:undefined:undefined":0,"s:20:2:22:Infinity":3,"b:20:6:20:15:20:19:20:26":1,"s:21:4:21:Infinity":4,"b:25:2:27:Infinity:undefined:undefined:undefined:undefined":2,"s:25:2:27:Infinity":5,"b:25:6:25:23:25:27:25:46":3,"s:26:4:26:Infinity":6,"s:30:17:30:35":7,"s:32:2:76:Infinity":8,"s:34:4:34:Infinity":9,"s:37:25:37:95":10,"b:40:4:42:Infinity:undefined:undefined:undefined:undefined":4,"s:40:4:42:Infinity":11,"s:41:6:41:Infinity":12,"s:45:25:45:81":13,"b:48:4:50:Infinity:undefined:undefined:undefined:undefined":5,"s:48:4:50:Infinity":14,"s:49:6:49:Infinity":15,"s:53:4:53:Infinity":16,"s:56:19:56:66":17,"s:59:4:59:Infinity":18,"s:62:4:62:Infinity":19,"s:65:4:65:Infinity":20,"b:68:4:70:Infinity:undefined:undefined:undefined:undefined":6,"s:68:4:70:Infinity":21,"s:69:6:69:Infinity":22,"s:72:4:72:Infinity":23,"s:75:4:75:Infinity":24}}}
,"/Users/sambigham/Documents/GitHub/GrinCode/src/App.css": {"path":"/Users/sambigham/Documents/GitHub/GrinCode/src/App.css","statementMap":{},"fnMap":{},"branchMap":{},"s":{},"f":{},"b":{},"meta":{"lastBranch":0,"lastFunction":0,"lastStatement":0,"seen":{}}}
,"/Users/sambigham/Documents/GitHub/GrinCode/src/App.tsx": {"path":"/Users/sambigham/Documents/GitHub/GrinCode/src/App.tsx","statementMap":{"0":{"start":{"line":70,"column":18},"end":{"line":70,"column":null}},"1":{"start":{"line":72,"column":18},"end":{"line":77,"column":null}},"2":{"start":{"line":79,"column":31},"end":{"line":79,"column":null}},"3":{"start":{"line":82,"column":20},"end":{"line":82,"column":null}},"4":{"start":{"line":84,"column":2},"end":{"line":86,"column":null}},"5":{"start":{"line":85,"column":4},"end":{"line":85,"column":null}},"6":{"start":{"line":88,"column":2},"end":{"line":88,"column":null}},"7":{"start":{"line":92,"column":25},"end":{"line":109,"column":null}},"8":{"start":{"line":111,"column":2},"end":{"line":140,"column":null}},"9":{"start":{"line":112,"column":27},"end":{"line":112,"column":null}},"10":{"start":{"line":114,"column":4},"end":{"line":121,"column":null}},"11":{"start":{"line":115,"column":6},"end":{"line":119,"column":null}},"12":{"start":{"line":120,"column":6},"end":{"line":120,"column":null}},"13":{"start":{"line":123,"column":4},"end":{"line":139,"column":null}},"14":{"start":{"line":142,"column":2},"end":{"line":167,"column":null}},"15":{"start":{"line":144,"column":6},"end":{"line":146,"column":null}},"16":{"start":{"line":145,"column":8},"end":{"line":145,"column":null}},"17":{"start":{"line":148,"column":42},"end":{"line":148,"column":null}},"18":{"start":{"line":150,"column":6},"end":{"line":165,"column":null}},"19":{"start":{"line":167,"column":43},"end":{"line":167,"column":58}},"20":{"start":{"line":171,"column":42},"end":{"line":171,"column":null}},"21":{"start":{"line":172,"column":48},"end":{"line":172,"column":null}},"22":{"start":{"line":173,"column":32},"end":{"line":175,"column":null}},"23":{"start":{"line":176,"column":52},"end":{"line":176,"column":null}},"24":{"start":{"line":177,"column":24},"end":{"line":177,"column":null}},"25":{"start":{"line":178,"column":46},"end":{"line":178,"column":null}},"26":{"start":{"line":179,"column":32},"end":{"line":179,"column":null}},"27":{"start":{"line":180,"column":38},"end":{"line":180,"column":null}},"28":{"start":{"line":181,"column":44},"end":{"line":181,"column":null}},"29":{"start":{"line":182,"column":30},"end":{"line":182,"column":null}},"30":{"start":{"line":183,"column":34},"end":{"line":183,"column":null}},"31":{"start":{"line":184,"column":28},"end":{"line":184,"column":null}},"32":{"start":{"line":185,"column":30},"end":{"line":185,"column":null}},"33":{"start":{"line":186,"column":38},"end":{"line":186,"column":null}},"34":{"start":{"line":187,"column":23},"end":{"line":187,"column":null}},"35":{"start":{"line":188,"column":34},"end":{"line":188,"column":null}},"36":{"start":{"line":189,"column":36},"end":{"line":189,"column":null}},"37":{"start":{"line":190,"column":36},"end":{"line":190,"column":null}},"38":{"start":{"line":191,"column":8},"end":{"line":191,"column":null}},"39":{"start":{"line":193,"column":26},"end":{"line":193,"column":null}},"40":{"start":{"line":194,"column":20},"end":{"line":194,"column":null}},"41":{"start":{"line":195,"column":19},"end":{"line":195,"column":null}},"42":{"start":{"line":196,"column":24},"end":{"line":196,"column":null}},"43":{"start":{"line":198,"column":25},"end":{"line":206,"column":null}},"44":{"start":{"line":199,"column":4},"end":{"line":201,"column":null}},"45":{"start":{"line":200,"column":6},"end":{"line":200,"column":null}},"46":{"start":{"line":203,"column":4},"end":{"line":205,"column":null}},"47":{"start":{"line":208,"column":22},"end":{"line":217,"column":null}},"48":{"start":{"line":209,"column":21},"end":{"line":209,"column":null}},"49":{"start":{"line":211,"column":4},"end":{"line":213,"column":null}},"50":{"start":{"line":212,"column":6},"end":{"line":212,"column":null}},"51":{"start":{"line":215,"column":33},"end":{"line":215,"column":null}},"52":{"start":{"line":216,"column":4},"end":{"line":216,"column":null}},"53":{"start":{"line":219,"column":26},"end":{"line":238,"column":null}},"54":{"start":{"line":220,"column":4},"end":{"line":223,"column":null}},"55":{"start":{"line":221,"column":6},"end":{"line":221,"column":null}},"56":{"start":{"line":222,"column":6},"end":{"line":222,"column":null}},"57":{"start":{"line":225,"column":21},"end":{"line":227,"column":null}},"58":{"start":{"line":229,"column":4},"end":{"line":234,"column":null}},"59":{"start":{"line":230,"column":6},"end":{"line":230,"column":null}},"60":{"start":{"line":231,"column":6},"end":{"line":231,"column":null}},"61":{"start":{"line":232,"column":6},"end":{"line":232,"column":null}},"62":{"start":{"line":233,"column":6},"end":{"line":233,"column":null}},"63":{"start":{"line":236,"column":25},"end":{"line":236,"column":null}},"64":{"start":{"line":237,"column":4},"end":{"line":237,"column":null}},"65":{"start":{"line":240,"column":26},"end":{"line":249,"column":null}},"66":{"start":{"line":241,"column":21},"end":{"line":241,"column":null}},"67":{"start":{"line":243,"column":4},"end":{"line":245,"column":null}},"68":{"start":{"line":244,"column":6},"end":{"line":244,"column":null}},"69":{"start":{"line":247,"column":36},"end":{"line":247,"column":null}},"70":{"start":{"line":248,"column":4},"end":{"line":248,"column":null}},"71":{"start":{"line":251,"column":25},"end":{"line":263,"column":null}},"72":{"start":{"line":252,"column":4},"end":{"line":262,"column":null}},"73":{"start":{"line":253,"column":6},"end":{"line":253,"column":null}},"74":{"start":{"line":254,"column":6},"end":{"line":254,"column":null}},"75":{"start":{"line":255,"column":6},"end":{"line":255,"column":null}},"76":{"start":{"line":258,"column":8},"end":{"line":258,"column":null}},"77":{"start":{"line":259,"column":6},"end":{"line":259,"column":null}},"78":{"start":{"line":261,"column":6},"end":{"line":261,"column":null}},"79":{"start":{"line":265,"column":30},"end":{"line":287,"column":null}},"80":{"start":{"line":266,"column":4},"end":{"line":268,"column":null}},"81":{"start":{"line":267,"column":6},"end":{"line":267,"column":null}},"82":{"start":{"line":270,"column":21},"end":{"line":277,"column":null}},"83":{"start":{"line":279,"column":4},"end":{"line":282,"column":null}},"84":{"start":{"line":280,"column":24},"end":{"line":280,"column":null}},"85":{"start":{"line":280,"column":58},"end":{"line":280,"column":62}},"86":{"start":{"line":281,"column":6},"end":{"line":281,"column":null}},"87":{"start":{"line":284,"column":25},"end":{"line":284,"column":null}},"88":{"start":{"line":285,"column":4},"end":{"line":285,"column":null}},"89":{"start":{"line":286,"column":4},"end":{"line":286,"column":null}},"90":{"start":{"line":289,"column":2},"end":{"line":291,"column":null}},"91":{"start":{"line":290,"column":2},"end":{"line":290,"column":null}},"92":{"start":{"line":293,"column":2},"end":{"line":307,"column":null}},"93":{"start":{"line":294,"column":23},"end":{"line":300,"column":null}},"94":{"start":{"line":295,"column":4},"end":{"line":299,"column":null}},"95":{"start":{"line":296,"column":6},"end":{"line":296,"column":null}},"96":{"start":{"line":297,"column":6},"end":{"line":297,"column":null}},"97":{"start":{"line":298,"column":6},"end":{"line":298,"column":null}},"98":{"start":{"line":302,"column":2},"end":{"line":302,"column":null}},"99":{"start":{"line":304,"column":2},"end":{"line":306,"column":null}},"100":{"start":{"line":305,"column":4},"end":{"line":305,"column":null}},"101":{"start":{"line":309,"column":2},"end":{"line":350,"column":null}},"102":{"start":{"line":310,"column":4},"end":{"line":313,"column":null}},"103":{"start":{"line":311,"column":6},"end":{"line":311,"column":null}},"104":{"start":{"line":312,"column":6},"end":{"line":312,"column":null}},"105":{"start":{"line":315,"column":19},"end":{"line":315,"column":null}},"106":{"start":{"line":317,"column":37},"end":{"line":343,"column":null}},"107":{"start":{"line":318,"column":6},"end":{"line":342,"column":null}},"108":{"start":{"line":319,"column":25},"end":{"line":321,"column":null}},"109":{"start":{"line":323,"column":8},"end":{"line":331,"column":null}},"110":{"start":{"line":324,"column":10},"end":{"line":324,"column":null}},"111":{"start":{"line":326,"column":10},"end":{"line":329,"column":null}},"112":{"start":{"line":327,"column":12},"end":{"line":327,"column":null}},"113":{"start":{"line":328,"column":12},"end":{"line":328,"column":null}},"114":{"start":{"line":330,"column":10},"end":{"line":330,"column":null}},"115":{"start":{"line":333,"column":29},"end":{"line":333,"column":null}},"116":{"start":{"line":335,"column":8},"end":{"line":337,"column":null}},"117":{"start":{"line":336,"column":10},"end":{"line":336,"column":null}},"118":{"start":{"line":339,"column":8},"end":{"line":341,"column":null}},"119":{"start":{"line":340,"column":10},"end":{"line":340,"column":null}},"120":{"start":{"line":345,"column":4},"end":{"line":345,"column":null}},"121":{"start":{"line":347,"column":4},"end":{"line":349,"column":null}},"122":{"start":{"line":348,"column":6},"end":{"line":348,"column":null}},"123":{"start":{"line":352,"column":2},"end":{"line":366,"column":null}},"124":{"start":{"line":353,"column":24},"end":{"line":353,"column":null}},"125":{"start":{"line":355,"column":4},"end":{"line":357,"column":null}},"126":{"start":{"line":356,"column":6},"end":{"line":356,"column":null}},"127":{"start":{"line":359,"column":4},"end":{"line":365,"column":null}},"128":{"start":{"line":368,"column":2},"end":{"line":374,"column":null}},"129":{"start":{"line":369,"column":4},"end":{"line":371,"column":null}},"130":{"start":{"line":370,"column":6},"end":{"line":370,"column":null}},"131":{"start":{"line":373,"column":4},"end":{"line":373,"column":null}},"132":{"start":{"line":376,"column":2},"end":{"line":423,"column":null}},"133":{"start":{"line":377,"column":34},"end":{"line":419,"column":null}},"134":{"start":{"line":378,"column":6},"end":{"line":380,"column":null}},"135":{"start":{"line":379,"column":8},"end":{"line":379,"column":null}},"136":{"start":{"line":382,"column":6},"end":{"line":385,"column":null}},"137":{"start":{"line":383,"column":8},"end":{"line":383,"column":null}},"138":{"start":{"line":384,"column":8},"end":{"line":384,"column":null}},"139":{"start":{"line":387,"column":6},"end":{"line":418,"column":null}},"140":{"start":{"line":388,"column":28},"end":{"line":388,"column":null}},"141":{"start":{"line":390,"column":8},"end":{"line":392,"column":null}},"142":{"start":{"line":391,"column":10},"end":{"line":391,"column":null}},"143":{"start":{"line":394,"column":8},"end":{"line":396,"column":null}},"144":{"start":{"line":395,"column":10},"end":{"line":395,"column":null}},"145":{"start":{"line":398,"column":8},"end":{"line":402,"column":null}},"146":{"start":{"line":399,"column":10},"end":{"line":399,"column":null}},"147":{"start":{"line":400,"column":10},"end":{"line":400,"column":null}},"148":{"start":{"line":401,"column":10},"end":{"line":401,"column":null}},"149":{"start":{"line":404,"column":8},"end":{"line":411,"column":null}},"150":{"start":{"line":405,"column":10},"end":{"line":410,"column":null}},"151":{"start":{"line":413,"column":8},"end":{"line":417,"column":null}},"152":{"start":{"line":415,"column":12},"end":{"line":415,"column":null}},"153":{"start":{"line":416,"column":10},"end":{"line":416,"column":null}},"154":{"start":{"line":421,"column":4},"end":{"line":421,"column":null}},"155":{"start":{"line":422,"column":4},"end":{"line":422,"column":null}},"156":{"start":{"line":422,"column":17},"end":{"line":422,"column":null}},"157":{"start":{"line":425,"column":19},"end":{"line":462,"column":null}},"158":{"start":{"line":430,"column":4},"end":{"line":432,"column":null}},"159":{"start":{"line":431,"column":6},"end":{"line":431,"column":null}},"160":{"start":{"line":434,"column":21},"end":{"line":444,"column":null}},"161":{"start":{"line":446,"column":4},"end":{"line":449,"column":null}},"162":{"start":{"line":447,"column":24},"end":{"line":447,"column":null}},"163":{"start":{"line":447,"column":58},"end":{"line":447,"column":62}},"164":{"start":{"line":448,"column":6},"end":{"line":448,"column":null}},"165":{"start":{"line":451,"column":26},"end":{"line":451,"column":null}},"166":{"start":{"line":452,"column":4},"end":{"line":452,"column":null}},"167":{"start":{"line":454,"column":4},"end":{"line":461,"column":null}},"168":{"start":{"line":455,"column":6},"end":{"line":460,"column":null}},"169":{"start":{"line":464,"column":19},"end":{"line":484,"column":null}},"170":{"start":{"line":465,"column":4},"end":{"line":467,"column":null}},"171":{"start":{"line":466,"column":6},"end":{"line":466,"column":null}},"172":{"start":{"line":469,"column":21},"end":{"line":476,"column":null}},"173":{"start":{"line":478,"column":4},"end":{"line":481,"column":null}},"174":{"start":{"line":479,"column":24},"end":{"line":479,"column":null}},"175":{"start":{"line":479,"column":58},"end":{"line":479,"column":62}},"176":{"start":{"line":480,"column":6},"end":{"line":480,"column":null}},"177":{"start":{"line":483,"column":4},"end":{"line":483,"column":null}},"178":{"start":{"line":486,"column":24},"end":{"line":506,"column":null}},"179":{"start":{"line":487,"column":4},"end":{"line":489,"column":null}},"180":{"start":{"line":488,"column":6},"end":{"line":488,"column":null}},"181":{"start":{"line":491,"column":21},"end":{"line":498,"column":null}},"182":{"start":{"line":500,"column":4},"end":{"line":503,"column":null}},"183":{"start":{"line":501,"column":24},"end":{"line":501,"column":null}},"184":{"start":{"line":501,"column":58},"end":{"line":501,"column":62}},"185":{"start":{"line":502,"column":6},"end":{"line":502,"column":null}},"186":{"start":{"line":505,"column":4},"end":{"line":505,"column":null}},"187":{"start":{"line":508,"column":23},"end":{"line":517,"column":null}},"188":{"start":{"line":509,"column":21},"end":{"line":509,"column":null}},"189":{"start":{"line":511,"column":4},"end":{"line":514,"column":null}},"190":{"start":{"line":512,"column":24},"end":{"line":512,"column":null}},"191":{"start":{"line":512,"column":58},"end":{"line":512,"column":62}},"192":{"start":{"line":513,"column":6},"end":{"line":513,"column":null}},"193":{"start":{"line":516,"column":4},"end":{"line":516,"column":null}},"194":{"start":{"line":519,"column":21},"end":{"line":537,"column":null}},"195":{"start":{"line":523,"column":21},"end":{"line":529,"column":null}},"196":{"start":{"line":531,"column":4},"end":{"line":534,"column":null}},"197":{"start":{"line":532,"column":24},"end":{"line":532,"column":null}},"198":{"start":{"line":532,"column":58},"end":{"line":532,"column":62}},"199":{"start":{"line":533,"column":6},"end":{"line":533,"column":null}},"200":{"start":{"line":536,"column":4},"end":{"line":536,"column":null}},"201":{"start":{"line":539,"column":27},"end":{"line":592,"column":null}},"202":{"start":{"line":540,"column":4},"end":{"line":545,"column":null}},"203":{"start":{"line":541,"column":6},"end":{"line":541,"column":null}},"204":{"start":{"line":542,"column":6},"end":{"line":542,"column":null}},"205":{"start":{"line":543,"column":6},"end":{"line":543,"column":null}},"206":{"start":{"line":544,"column":6},"end":{"line":544,"column":null}},"207":{"start":{"line":547,"column":4},"end":{"line":549,"column":null}},"208":{"start":{"line":548,"column":6},"end":{"line":548,"column":null}},"209":{"start":{"line":551,"column":4},"end":{"line":591,"column":null}},"210":{"start":{"line":552,"column":6},"end":{"line":552,"column":null}},"211":{"start":{"line":553,"column":26},"end":{"line":553,"column":null}},"212":{"start":{"line":555,"column":6},"end":{"line":557,"column":null}},"213":{"start":{"line":556,"column":8},"end":{"line":556,"column":null}},"214":{"start":{"line":559,"column":23},"end":{"line":572,"column":null}},"215":{"start":{"line":574,"column":6},"end":{"line":577,"column":null}},"216":{"start":{"line":575,"column":26},"end":{"line":575,"column":null}},"217":{"start":{"line":575,"column":60},"end":{"line":575,"column":64}},"218":{"start":{"line":576,"column":8},"end":{"line":576,"column":null}},"219":{"start":{"line":579,"column":6},"end":{"line":579,"column":null}},"220":{"start":{"line":58
[...]
locations":[{"start":{"line":350,"column":41},"end":{"line":350,"column":57}},{"start":{"line":350,"column":57},"end":{"line":350,"column":null}}],"line":350},"37":{"loc":{"start":{"line":366,"column":11},"end":{"line":366,"column":null}},"type":"cond-expr","locations":[{"start":{"line":366,"column":26},"end":{"line":366,"column":44}},{"start":{"line":366,"column":44},"end":{"line":366,"column":null}}],"line":366},"38":{"loc":{"start":{"line":385,"column":1},"end":{"line":413,"column":null}},"type":"binary-expr","locations":[{"start":{"line":385,"column":1},"end":{"line":385,"column":null}},{"start":{"line":386,"column":2},"end":{"line":413,"column":null}}],"line":385},"39":{"loc":{"start":{"line":418,"column":7},"end":{"line":418,"column":null}},"type":"binary-expr","locations":[{"start":{"line":418,"column":7},"end":{"line":418,"column":20}},{"start":{"line":418,"column":20},"end":{"line":418,"column":null}}],"line":418},"40":{"loc":{"start":{"line":420,"column":7},"end":{"line":423,"column":null}},"type":"binary-expr","locations":[{"start":{"line":420,"column":7},"end":{"line":420,"column":32}},{"start":{"line":420,"column":32},"end":{"line":420,"column":null}},{"start":{"line":421,"column":8},"end":{"line":423,"column":null}}],"line":420},"41":{"loc":{"start":{"line":426,"column":7},"end":{"line":484,"column":null}},"type":"binary-expr","locations":[{"start":{"line":426,"column":7},"end":{"line":426,"column":null}},{"start":{"line":427,"column":8},"end":{"line":484,"column":null}}],"line":426},"42":{"loc":{"start":{"line":447,"column":16},"end":{"line":447,"column":null}},"type":"if","locations":[{"start":{"line":447,"column":16},"end":{"line":447,"column":null}},{"start":{},"end":{}}],"line":447},"43":{"loc":{"start":{"line":447,"column":20},"end":{"line":447,"column":69}},"type":"binary-expr","locations":[{"start":{"line":447,"column":20},"end":{"line":447,"column":48}},{"start":{"line":447,"column":48},"end":{"line":447,"column":69}}],"line":447},"44":{"loc":{"start":{"line":462,"column":20},"end":{"line":462,"column":null}},"type":"cond-expr","locations":[{"start":{"line":462,"column":45},"end":{"line":462,"column":61}},{"start":{"line":462,"column":61},"end":{"line":462,"column":null}}],"line":462},"45":{"loc":{"start":{"line":469,"column":15},"end":{"line":469,"column":null}},"type":"cond-expr","locations":[{"start":{"line":469,"column":37},"end":{"line":469,"column":52}},{"start":{"line":469,"column":52},"end":{"line":469,"column":null}}],"line":469},"46":{"loc":{"start":{"line":473,"column":11},"end":{"line":473,"column":null}},"type":"binary-expr","locations":[{"start":{"line":473,"column":11},"end":{"line":473,"column":27}},{"start":{"line":473,"column":27},"end":{"line":473,"column":null}}],"line":473},"47":{"loc":{"start":{"line":475,"column":11},"end":{"line":482,"column":null}},"type":"cond-expr","locations":[{"start":{"line":476,"column":12},"end":{"line":476,"column":null}},{"start":{"line":477,"column":14},"end":{"line":482,"column":null}}],"line":475},"48":{"loc":{"start":{"line":477,"column":14},"end":{"line":482,"column":null}},"type":"cond-expr","locations":[{"start":{"line":478,"column":12},"end":{"line":478,"column":null}},{"start":{"line":480,"column":12},"end":{"line":482,"column":null}}],"line":477},"49":{"loc":{"start":{"line":487,"column":7},"end":{"line":617,"column":null}},"type":"binary-expr","locations":[{"start":{"line":487,"column":7},"end":{"line":487,"column":null}},{"start":{"line":488,"column":8},"end":{"line":617,"column":null}}],"line":487},"50":{"loc":{"start":{"line":521,"column":20},"end":{"line":521,"column":null}},"type":"cond-expr","locations":[{"start":{"line":521,"column":45},"end":{"line":521,"column":67}},{"start":{"line":521,"column":67},"end":{"line":521,"column":null}}],"line":521},"51":{"loc":{"start":{"line":522,"column":35},"end":{"line":522,"column":null}},"type":"cond-expr","locations":[{"start":{"line":522,"column":60},"end":{"line":522,"column":72}},{"start":{"line":522,"column":72},"end":{"line":522,"column":null}}],"line":522},"52":{"loc":{"start":{"line":523,"column":30},"end":{"line":523,"column":null}},"type":"cond-expr","locations":[{"start":{"line":523,"column":55},"end":{"line":523,"column":64}},{"start":{"line":523,"column":64},"end":{"line":523,"column":null}}],"line":523},"53":{"loc":{"start":{"line":524,"column":25},"end":{"line":524,"column":null}},"type":"cond-expr","locations":[{"start":{"line":524,"column":50},"end":{"line":524,"column":62}},{"start":{"line":524,"column":62},"end":{"line":524,"column":null}}],"line":524},"54":{"loc":{"start":{"line":539,"column":20},"end":{"line":539,"column":null}},"type":"cond-expr","locations":[{"start":{"line":539,"column":44},"end":{"line":539,"column":66}},{"start":{"line":539,"column":66},"end":{"line":539,"column":null}}],"line":539},"55":{"loc":{"start":{"line":540,"column":35},"end":{"line":540,"column":null}},"type":"cond-expr","locations":[{"start":{"line":540,"column":59},"end":{"line":540,"column":71}},{"start":{"line":540,"column":71},"end":{"line":540,"column":null}}],"line":540},"56":{"loc":{"start":{"line":541,"column":30},"end":{"line":541,"column":null}},"type":"cond-expr","locations":[{"start":{"line":541,"column":54},"end":{"line":541,"column":63}},{"start":{"line":541,"column":63},"end":{"line":541,"column":null}}],"line":541},"57":{"loc":{"start":{"line":542,"column":25},"end":{"line":542,"column":null}},"type":"cond-expr","locations":[{"start":{"line":542,"column":50},"end":{"line":542,"column":62}},{"start":{"line":542,"column":62},"end":{"line":542,"column":null}}],"line":542},"58":{"loc":{"start":{"line":549,"column":13},"end":{"line":552,"column":null}},"type":"binary-expr","locations":[{"start":{"line":549,"column":13},"end":{"line":549,"column":null}},{"start":{"line":550,"column":14},"end":{"line":552,"column":null}}],"line":549},"59":{"loc":{"start":{"line":555,"column":13},"end":{"line":570,"column":null}},"type":"binary-expr","locations":[{"start":{"line":555,"column":13},"end":{"line":555,"column":null}},{"start":{"line":556,"column":14},"end":{"line":570,"column":null}}],"line":555},"60":{"loc":{"start":{"line":563,"column":33},"end":{"line":563,"column":66}},"type":"cond-expr","locations":[{"start":{"line":563,"column":48},"end":{"line":563,"column":53}},{"start":{"line":563,"column":53},"end":{"line":563,"column":66}}],"line":563},"61":{"loc":{"start":{"line":581,"column":16},"end":{"line":589,"column":null}},"type":"if","locations":[{"start":{"line":581,"column":16},"end":{"line":589,"column":null}},{"start":{},"end":{}}],"line":581},"62":{"loc":{"start":{"line":582,"column":18},"end":{"line":586,"column":null}},"type":"binary-expr","locations":[{"start":{"line":582,"column":18},"end":{"line":582,"column":null}},{"start":{"line":583,"column":18},"end":{"line":583,"column":null}},{"start":{"line":584,"column":18},"end":{"line":584,"column":null}},{"start":{"line":585,"column":18},"end":{"line":585,"column":null}},{"start":{"line":586,"column":18},"end":{"line":586,"column":null}}],"line":582},"63":{"loc":{"start":{"line":596,"column":20},"end":{"line":596,"column":null}},"type":"cond-expr","locations":[{"start":{"line":596,"column":45},"end":{"line":596,"column":61}},{"start":{"line":596,"column":61},"end":{"line":596,"column":null}}],"line":596},"64":{"loc":{"start":{"line":605,"column":20},"end":{"line":605,"column":null}},"type":"cond-expr","locations":[{"start":{"line":605,"column":45},"end":{"line":605,"column":61}},{"start":{"line":605,"column":61},"end":{"line":605,"column":null}}],"line":605},"65":{"loc":{"start":{"line":612,"column":15},"end":{"line":614,"column":null}},"type":"cond-expr","locations":[{"start":{"line":613,"column":18},"end":{"line":613,"column":null}},{"start":{"line":614,"column":18},"end":{"line":614,"column":null}}],"line":612},"66":{"loc":{"start":{"line":614,"column":27},"end":{"line":614,"column":63}},"type":"cond-expr","locations":[{"start":{"line":614,"column":48},"end":{"line":614,"column":52}},{"start":{"line":614,"column":52},"end":{"line":614,"column":63}}],"line":614},"67":{"loc":{"start":{"line":620,"column":7},"end":{"line":646,"column":null}},"type":"binary-expr","locations":[{"start":{"line":620,"column":7},"end":{"line":620,"column":null}},{"start":{"line":621,"column":8},"end":{"line":646,"column":null}}],"line":620}},"s":{"0":214,"1":214,"2":214,"3":214,"4":214,"5":214,"6":0,"7":214,"8":96,"9":118,"10":118,"11":0,"12":0,"13":0,"14":214,"15":214,"16":214,"17":214,"18":51,"19":214,"20":214,"21":214,"22":214,"23":214,"24":214,"25":214,"26":214,"27":214,"28":214,"29":214,"30":214,"31":214,"32":214,"33":214,"34":214,"35":58,"36":5,"37":5,"38":214,"39":51,"40":0,"41":51,"42":51,"43":51,"44":51,"45":0,"46":0,"47":0,"48":0,"49":51,"50":51,"51":0,"52":51,"53":51,"54":51,"55":214,"56":118,"57":111,"58":7,"59":7,"60":7,"61":7,"62":7,"63":7,"64":6,"65":6,"66":6,"67":1,"68":1,"69":7,"70":7,"71":7,"72":7,"73":7,"74":214,"75":214,"76":214,"77":214,"78":214,"79":214,"80":214,"81":214,"82":214,"83":214,"84":5,"85":0,"86":5,"87":5,"88":0,"89":0,"90":0,"91":0,"92":2,"93":0,"94":2,"95":2,"96":2,"97":2,"98":1,"99":2,"100":0,"101":0,"102":0,"103":0,"104":0,"105":0,"106":0,"107":0,"108":7,"109":7,"110":1,"111":1,"112":0,"113":16,"114":3,"115":1,"116":2,"117":2,"118":2,"119":2,"120":1,"121":1,"122":1,"123":1,"124":1,"125":2,"126":2,"127":1,"128":5,"129":0,"130":0,"131":4,"132":4,"133":3,"134":1,"135":2,"136":2,"137":2,"138":2,"139":3,"140":1,"141":1,"142":1,"143":1,"144":2,"145":0,"146":0},"f":{"0":214,"1":214,"2":51,"3":58,"4":51,"5":51,"6":0,"7":51,"8":118,"9":7,"10":7,"11":5,"12":0,"13":2,"14":0,"15":7,"16":7,"17":1,"18":0,"19":16,"20":3,"21":1,"22":2,"23":1,"24":5,"25":0,"26":0,"27":4,"28":3,"29":0,"30":0},"b":{"0":[0,214],"1":[96,118],"2":[118,0],"3":[0,0],"4":[5,53],"5":[58,5,5],"6":[0,51],"7":[0,51],"8":[0,0],"9":[0,51],"10":[111,7],"11":[118,13],"12":[6,0],"13":[1,0],"14":[1,0],"15":[7,0],"16":[13,201],"17":[0,201],"18":[0,214],"19":[0,214],"20":[214,214,212],"21":[2,212],"22":[0,212],"23":[214,0],"24":[214,214],"25":[0,5],"26":[214,214],"27":[2,212],"28":[214,0],"29":[0,0],"30":[0,214],"31":[2,212],"32":[214,0],"33":[0,2],"34":[1,0],"35":[0,0],"36":[0,0],"37":[41,173],"38":[214,1],"39":[214,1],"40":[214,2,2],"41":[214,41],"42":[1,2],"43":[3,2],"44":[1,0],"45":[2,39],"46":[41,2],"47":[7,34],"48":[32,2],"49":[214,12],"50":[12,0],"51":[12,0],"52":[12,0],"53":[12,0],"54":[0,12],"55":[0,12],"56":[0,12],"57":[12,0],"58":[12,1],"59":[12,12],"60":[0,4],"61":[1,2],"62":[3,3,3,2,2],"63":[2,0],"64":[1,0],"65":[2,10],"66":[5,5],"67":[214,0]},"meta":{"lastBranch":68,"lastFunction":31,"lastStatement":147,"seen":{"f:38:9:38:29":0,"s:39:23:39:Infinity":0,"s:40:15:40:Infinity":1,"s:41:16:41:Infinity":2,"s:42:18:42:Infinity":3,"s:43:18:43:Infinity":4,"b:44:2:46:Infinity:undefined:undefined:undefined:undefined":0,"s:44:2:46:Infinity":5,"s:45:4:45:Infinity":6,"b:47:2:49:Infinity:undefined:undefined:undefined:undefined":1,"s:47:2:49:Infinity":7,"s:48:4:48:Infinity":8,"b:50:2:52:Infinity:undefined:undefined:undefined:undefined":2,"s:50:2:52:Infinity":9,"s:51:4:51:Infinity":10,"b:53:2:55:Infinity:undefined:undefined:undefined:undefined":3,"s:53:2:55:Infinity":11,"s:54:4:54:Infinity":12,"s:56:2:56:Infinity":13,"f:59:24:59:29":1,"s:86:38:86:Infinity":14,"s:87:32:87:Infinity":15,"s:88:30:88:Infinity":16,"s:89:34:89:Infinity":17,"f:89:47:89:53":2,"s:89:53:89:107":18,"s:90:32:90:Infinity":19,"s:91:38:91:Infinity":20,"s:92:36:92:Infinity":21,"s:93:30:93:Infinity":22,"s:94:44:94:Infinity":23,"s:95:30:95:Infinity":24,"s:96:34:96:Infinity":25,"s:97:38:97:Infinity":26,"s:98:48:98:Infinity":27,"s:99:48:99:Infinity":28,"s:100:52:100:Infinity":29,"s:101:46:101:Infinity":30,"s:102:32:102:Infinity":31,"s:103:8:103:Infinity":32,"s:104:44:104:Infinity":33,"s:106:2:111:Infinity":34,"f:106:12:106:18":3,"b:107:4:110:Infinity:undefined:undefined:undefined:undefined":4,"s:107:4:110:Infinity":35,"b:107:8:107:21:107:21:107:37:107:37:107:55":5,"s:108:6:108:Infinity":36,"s:109:6:109:Infinity":37,"s:113:2:135:Infinity":38,"f:113:12:113:18":4,"b:114:4:116:Infinity:undefined:undefined:undefined:undefined":6,"s:114:4:116:Infinity":39,"s:115:6:115:Infinity":40,"s:117:27:128:Infinity":41,"f:117:27:117:33":5,"s:118:27:118:Infinity":42,"s:119:6:119:Infinity":43,"b:120:6:127:Infinity:undefined:undefined:undefined:undefined":7,"s:120:6:127:Infinity":44,"s:121:8:126:Infinity":45,"f:121:20:121:21":6,"b:122:10:124:Infinity:undefined:undefined:undefined:undefined":8,"s:122:10:124:Infinity":46,"s:123:12:123:Infinity":47,"s:125:10:125:Infinity":48,"s:129:4:129:Infinity":49,"b:130:4:132:Infinity:undefined:undefined:undefined:undefined":9,"s:130:4:132:Infinity":50,"s:131:6:131:Infinity":51,"s:133:21:133:Infinity":52,"s:134:4:134:Infinity":53,"f:134:11:134:17":7,"s:134:17:134:Infinity":54,"s:137:2:167:Infinity":55,"f:137:12:137:18":8,"b:138:4:140:Infinity:undefined:undefined:undefined:undefined":10,"s:138:4:140:Infinity":56,"b:138:8:138:25:138:25:138:44":11,"s:139:6:139:Infinity":57,"s:141:19:141:Infinity":58,"s:142:26:162:Infinity":59,"f:142:26:142:38":9,"s:143:6:143:Infinity":60,"s:144:6:144:Infinity":61,"s:145:6:161:Infinity":62,"s:146:31:146:Infinity":63,"b:147:8:150:Infinity:undefined:undefined:undefined:undefined":12,"s:147:8:150:Infinity":64,"s:148:10:148:Infinity":65,"s:149:10:149:Infinity":66,"b:152:8:156:Infinity:undefined:undefined:undefined:undefined":13,"s:152:8:156:Infinity":67,"s:153:10:155:Infinity":68,"b:154:37:154:53:154:53:154:Infinity":14,"b:158:8:160:Infinity:undefined:undefined:undefined:undefined":15,"s:158:8:160:Infinity":69,"s:159:10:159:Infinity":70,"s:163:4:163:Infinity":71,"s:164:4:166:Infinity":72,"f:164:11:164:17":10,"s:165:6:165:Infinity":73,"s:170:4:174:Infinity":74,"b:171:8:171:Infinity:172:8:174:Infinity":16,"b:173:10:173:Infinity:174:10:174:Infinity":17,"s:175:19:175:Infinity":75,"s:176:18:176:Infinity":76,"s:177:16:177:Infinity":77,"s:178:21:178:Infinity":78,"b:178:35:178:41:178:41:178:Infinity":18,"s:179:20:179:Infinity":79,"b:179:34:179:40:179:40:179:Infinity":19,"s:180:25:180:Infinity":80,"b:180:25:180:48:180:48:180:73:180:73:180:Infinity":20,"s:182:4:186:Infinity":81,"b:183:8:183:Infinity:184:8:186:Infinity":21,"b:185:10:185:Infinity:186:10:186:Infinity":22,"s:187:17:223:Infinity":82,"b:192:32:192:41:192:41:192:Infinity":23,"b:220:23:220:38:220:38:220:Infinity":24,"s:225:2:648:Infinity":83,"f:262:19:262:25":11,"b:263:12:265:Infinity:undefined:undefined:undefined:undefined":25,"s:263:12:265:Infinity":84,"s:264:14:264:Infinity":85,"s:267:12:267:Infinity":86,"s:268:12:268:Infinity":87,"b:276:29:276:44:276:44:276:Infinity":26,"b:277:37:277:53:277:53:277:Infinity":27,"b:280:28:280:58:280:58:280:Infinity":28,"f:284:19:284:25":12,"b:285:12:287:Infinity:undefined:undefined:undefined:undefined":29,"s:285:12:287:Infinity":88,"s:286:14:286:Infinity":89,"s:289:12:289:Infinity":90,"s:290:12:290:Infinity":91,"b:299:41:299:49:299:49:299:Infinity":30,"b:302:37:302:53:302:53:302:Infinity":31,"b:305:27:305:56:305:56:305:Infinity":32,"f:314:19:314:31":13,"b:315:12:315:Infinity:undefined:undefined:undefined:undefined":33,"s:315:12:315:Infinity":92,"s:315:34:315:Infinity":93,"s:317:12:317:Infinity":94,"s:318:12:318:Infinity":95,"s:320:12:328:Infinity":96,"s:321:14:321:Infinity":97,"s:323:14:325:Infinity":98,"b:324:41:324:57:324:57:324:Infinity":34,"s:327:14:327:Infinity":99,"f:340:19:340:31":14,"b:341:12:341:Infinity:undefined:undefined:undefined:undefined":35,"s:341:12:341:Infinity":100,"s:341:34:341:Infinity":101,"s:343:12:343:Infinity":102,"s:344:12:344:Infinity":103,"s:346:12:354:Infinity":104,"s:347:14:347:Infinity":105,"s:349:14:351:Infinity":106,"b:350:41:350:57:350:57:350:Infinity":36,"s:353:14:353:Infinity":107,"f:364:19:364:25":15,"s:364:25:364:Infinity":108,"f:364:41:364:42":16,"s:364:59:364:72":109,"b:366:26:366:44:366:44:366:Infinity":37,"f:375:13:375:19":17,"s:376:6:376:Infinity":110,"s:378:6:380:Infinity":111,"f:378:17:378:23":18,"s:379:8:379:Infinity":112,"b:385:1:385:Infinity:386:2:413:Infinity":38,"b:418:7:418:20:418:20:418:Infinity":39,"b:420:7:420:32:420:32:420:Infinity:421:8:423:Infinity":40,"b:426:7:426:Infinity:427:8:484:Infinity":41,"f:433:24:433:25":19,"s:433:35:433:Infinity":113,"f:446:23:446:35":20,"b:447:16:447:Infinity:undefined:undefined:undefined:undefined":42,"s:447:16:447:Infinity":114,"b:447:20:447:48:447:48:447:69":43,"s:447:69:447:Infinity":115,"s:449:16:449:Infinity":116,"s:450:16:450:Infinity":117,"s:452:16:466:Infinity":118,"s:453:41:453:Infinity":119,"s:454:18:457:Infinity":120,"f:454:30:454:31":21,"s:454:51:457:19":121,"s:458:18:458:Infinity":122,"s:459:18:459:Infinity":123,"s:461:18:463:Infinity":124,"b:462:45:462:61:462:61:462:Infinity":44,"s:465:18:465:Infinity":125,"b:469:37:469:52:469:52:469:Infinity":45,"b:473:11:473:27:473:27:473:Infinity":46,"b:476:12:476:Infinity:477:14:482:Infinity":47,"b:478:12:478:Infinity:480:12:482:Infinity":48,"f:480:25:480:26":22,"s:481:14:481:Infinity":126,"b:487:7:487:Infinity:488:8:617:Infinity":49,"f:489:19:489:25":23,"s:489:25:489:Infinity":127,"f:503:21:503:22":24,"s:503:32:503:Infinity":128,"f:513:25:513:31":25,"s:513:31:513:Infinity":129,"b:521:45:521:67:521:67:521:Infinity":50,"b:522:60:522:72:522:72:522:Infinity":51,"b:523:55:523:64:523:64:523:Infinity":52,"b:524:50:524:62:524:62:524:Infinity":53,"f:531:25:531:31":26,"s:531:31:531:Infinity":130,"b:539:44:539:66:539:66:539:Infinity":54,"b:540:59:540:71:540:71:540:Infinity":55,"b:541:54:541:63:541:63:541:Infinity":56,"b:542:50:542:62:542:62:542:Infinity":57,"b:549:13:549:Infinity:550:14:552:Infinity":58,"b:555:13:555:Infinity:556:14:570:Infinity":59,"f:561:26:561:27":27,"s:562:32:562:Infinity":131,"s:563:18:563:Infinity":132,"b:563:48:563:53:563:53:563:66":60,"f:580:23:580:35":28,"b:581:16:589:Infinity:undefined:undefined:undefined:undefined":61,"s:581:16:589:Infinity":133,"b:582:18:582:Infinity:583:18:583:Infinity:584:18:584:Infinity:585:18:585:Infinity:586:18:586:Infinity":62,"s:588:18:588:Infinity":134,"s:591:16:591:Infinity":135,"s:592:16:592:Infinity":136,"s:594:16:609:Infinity":137,"s:596:20:596:Infinity":138,"b:596:45:596:61:596:61:596:Infinity":63,"s:598:18:598:Infinity":139,"s:600:18:600:Infinity":140,"s:601:18:601:Infinity":141,"s:602:18:602:Infinity":142,"s:604:18:606:Infinity":143,"b:605:45:605:61:605:61:605:Infinity":64,"s:608:18:608:Infinity":144,"b:613:18:613:Infinity:614:18:614:Infinity":65,"b:614:48:614:52:614:52:614:63":66,"b:620:7:620:Infinity:621:8:646:Infinity":67,"f:622:19:622:25":29,"s:622:25:622:Infinity":145,"f:636:21:636:22":30,"s:636:32:636:Infinity":146}}}
,"/Users/sambigham/Documents/GitHub/GrinCode/src/button.tsx": {"path":"/Users/sambigham/Documents/GitHub/GrinCode/src/button.tsx","statementMap":{"0":{"start":{"line":25,"column":4},"end":{"line":42,"column":null}}},"fnMap":{"0":{"name":"Button","decl":{"start":{"line":14,"column":24},"end":{"line":14,"column":31}},"loc":{"start":{"line":24,"column":16},"end":{"line":44,"column":null}},"line":24}},"branchMap":{"0":{"loc":{"start":{"line":20,"column":4},"end":{"line":20,"column":null}},"type":"default-arg","locations":[{"start":{"line":20,"column":12},"end":{"line":20,"column":null}}],"line":20},"1":{"loc":{"start":{"line":35,"column":26},"end":{"line":35,"column":null}},"type":"cond-expr","locations":[{"start":{"line":35,"column":38},"end":{"line":35,"column":48}},{"start":{"line":35,"column":48},"end":{"line":35,"column":null}}],"line":35}},"s":{"0":1938},"f":{"0":1938},"b":{"0":[1938],"1":[1255,683]},"meta":{"lastBranch":2,"lastFunction":1,"lastStatement":1,"seen":{"f:14:24:14:31":0,"b:20:12:20:Infinity":0,"s:25:4:42:Infinity":0,"b:35:38:35:48:35:48:35:Infinity":1}}}
,"/Users/sambigham/Documents/GitHub/GrinCode/src/components/gambling-banner.JPG": {"path":"/Users/sambigham/Documents/GitHub/GrinCode/src/components/gambling-banner.JPG","statementMap":{},"fnMap":{},"branchMap":{},"s":{},"f":{},"b":{},"meta":{"lastBranch":0,"lastFunction":0,"lastStatement":0,"seen":{}}}
}
