{"C:\\Users\\monae\\Downloads\\GrinCode-main\\services\\authService.js": {"path":"C:\\Users\\monae\\Downloads\\GrinCode-main\\services\\authService.js","statementMap":{"0":{"start":{"line":10,"column":16},"end":{"line":10,"column":34}},"1":{"start":{"line":11,"column":2},"end":{"line":11,"column":32}},"2":{"start":{"line":12,"column":2},"end":{"line":12,"column":15}},"3":{"start":{"line":16,"column":2},"end":{"line":16,"column":36}},"4":{"start":{"line":20,"column":15},"end":{"line":20,"column":53}},"5":{"start":{"line":21,"column":21},"end":{"line":21,"column":74}},"6":{"start":{"line":22,"column":2},"end":{"line":22,"column":33}},"7":{"start":{"line":26,"column":30},"end":{"line":26,"column":51}},"8":{"start":{"line":28,"column":2},"end":{"line":30,"column":3}},"9":{"start":{"line":29,"column":4},"end":{"line":29,"column":17}},"10":{"start":{"line":32,"column":21},"end":{"line":32,"column":74}},"11":{"start":{"line":33,"column":2},"end":{"line":36,"column":4}},"12":{"start":{"line":40,"column":16},"end":{"line":40,"column":54}},"13":{"start":{"line":42,"column":17},"end":{"line":49,"column":3}},"14":{"start":{"line":51,"column":2},"end":{"line":51,"column":30}},"15":{"start":{"line":55,"column":26},"end":{"line":55,"column":42}},"16":{"start":{"line":56,"column":26},"end":{"line":56,"column":60}},"17":{"start":{"line":58,"column":2},"end":{"line":60,"column":3}},"18":{"start":{"line":59,"column":4},"end":{"line":59,"column":73}},"19":{"start":{"line":62,"column":2},"end":{"line":64,"column":3}},"20":{"start":{"line":63,"column":4},"end":{"line":63,"column":74}},"21":{"start":{"line":66,"column":23},"end":{"line":66,"column":60}},"22":{"start":{"line":68,"column":2},"end":{"line":70,"column":3}},"23":{"start":{"line":69,"column":4},"end":{"line":69,"column":72}},"24":{"start":{"line":72,"column":17},"end":{"line":72,"column":35}},"25":{"start":{"line":74,"column":2},"end":{"line":97,"column":3}},"26":{"start":{"line":75,"column":4},"end":{"line":75,"column":32}},"27":{"start":{"line":77,"column":17},"end":{"line":82,"column":5}},"28":{"start":{"line":84,"column":18},"end":{"line":84,"column":54}},"29":{"start":{"line":86,"column":4},"end":{"line":86,"column":33}},"30":{"start":{"line":88,"column":4},"end":{"line":91,"column":6}},"31":{"start":{"line":93,"column":4},"end":{"line":93,"column":35}},"32":{"start":{"line":94,"column":4},"end":{"line":94,"column":16}},"33":{"start":{"line":96,"column":4},"end":{"line":96,"column":21}},"34":{"start":{"line":101,"column":26},"end":{"line":101,"column":60}},"35":{"start":{"line":103,"column":2},"end":{"line":105,"column":3}},"36":{"start":{"line":104,"column":4},"end":{"line":104,"column":62}},"37":{"start":{"line":107,"column":15},"end":{"line":107,"column":52}},"38":{"start":{"line":109,"column":2},"end":{"line":111,"column":3}},"39":{"start":{"line":110,"column":4},"end":{"line":110,"column":61}},"40":{"start":{"line":113,"column":17},"end":{"line":113,"column":35}},"41":{"start":{"line":115,"column":2},"end":{"line":130,"column":3}},"42":{"start":{"line":116,"column":4},"end":{"line":116,"column":32}},"43":{"start":{"line":117,"column":18},"end":{"line":117,"column":54}},"44":{"start":{"line":118,"column":21},"end":{"line":118,"column":55}},"45":{"start":{"line":119,"column":4},"end":{"line":119,"column":33}},"46":{"start":{"line":121,"column":4},"end":{"line":124,"column":6}},"47":{"start":{"line":126,"column":4},"end":{"line":126,"column":35}},"48":{"start":{"line":127,"column":4},"end":{"line":127,"column":16}},"49":{"start":{"line":129,"column":4},"end":{"line":129,"column":21}},"50":{"start":{"line":134,"column":2},"end":{"line":136,"column":3}},"51":{"start":{"line":135,"column":4},"end":{"line":135,"column":16}},"52":{"start":{"line":138,"column":17},"end":{"line":146,"column":3}},"53":{"start":{"line":148,"column":2},"end":{"line":148,"column":32}},"54":{"start":{"line":152,"column":2},"end":{"line":154,"column":3}},"55":{"start":{"line":153,"column":4},"end":{"line":153,"column":11}},"56":{"start":{"line":156,"column":2},"end":{"line":156,"column":72}}},"fnMap":{"0":{"name":"createError","decl":{"start":{"line":9,"column":9},"end":{"line":9,"column":20}},"loc":{"start":{"line":9,"column":42},"end":{"line":13,"column":1}},"line":9},"1":{"name":"normalizeEmail","decl":{"start":{"line":15,"column":9},"end":{"line":15,"column":23}},"loc":{"start":{"line":15,"column":31},"end":{"line":17,"column":1}},"line":15},"2":{"name":"hashPassword","decl":{"start":{"line":19,"column":9},"end":{"line":19,"column":21}},"loc":{"start":{"line":19,"column":32},"end":{"line":23,"column":1}},"line":19},"3":{"name":"verifyPassword","decl":{"start":{"line":25,"column":9},"end":{"line":25,"column":23}},"loc":{"start":{"line":25,"column":46},"end":{"line":37,"column":1}},"line":25},"4":{"name":"createSession","decl":{"start":{"line":39,"column":15},"end":{"line":39,"column":28}},"loc":{"start":{"line":39,"column":50},"end":{"line":52,"column":1}},"line":39},"5":{"name":"registerUser","decl":{"start":{"line":54,"column":15},"end":{"line":54,"column":27}},"loc":{"start":{"line":54,"column":55},"end":{"line":98,"column":1}},"line":54},"6":{"name":"loginUser","decl":{"start":{"line":100,"column":15},"end":{"line":100,"column":24}},"loc":{"start":{"line":100,"column":42},"end":{"line":131,"column":1}},"line":100},"7":{"name":"getUserBySessionToken","decl":{"start":{"line":133,"column":15},"end":{"line":133,"column":36}},"loc":{"start":{"line":133,"column":44},"end":{"line":149,"column":1}},"line":133},"8":{"name":"logoutUser","decl":{"start":{"line":151,"column":15},"end":{"line":151,"column":25}},"loc":{"start":{"line":151,"column":33},"end":{"line":157,"column":1}},"line":151}},"branchMap":{"0":{"loc":{"start":{"line":28,"column":2},"end":{"line":30,"column":3}},"type":"if","locations":[{"start":{"line":28,"column":2},"end":{"line":30,"column":3}},{"start":{},"end":{}}],"line":28},"1":{"loc":{"start":{"line":28,"column":6},"end":{"line":28,"column":27}},"type":"binary-expr","locations":[{"start":{"line":28,"column":6},"end":{"line":28,"column":11}},{"start":{"line":28,"column":15},"end":{"line":28,"column":27}}],"line":28},"2":{"loc":{"start":{"line":39,"column":37},"end":{"line":39,"column":48}},"type":"default-arg","locations":[{"start":{"line":39,"column":46},"end":{"line":39,"column":48}}],"line":39},"3":{"loc":{"start":{"line":56,"column":26},"end":{"line":56,"column":60}},"type":"cond-expr","locations":[{"start":{"line":56,"column":34},"end":{"line":56,"column":55}},{"start":{"line":56,"column":58},"end":{"line":56,"column":60}}],"line":56},"4":{"loc":{"start":{"line":58,"column":2},"end":{"line":60,"column":3}},"type":"if","locations":[{"start":{"line":58,"column":2},"end":{"line":60,"column":3}},{"start":{},"end":{}}],"line":58},"5":{"loc":{"start":{"line":58,"column":6},"end":{"line":58,"column":55}},"type":"binary-expr","locations":[{"start":{"line":58,"column":6},"end":{"line":58,"column":22}},{"start":{"line":58,"column":26},"end":{"line":58,"column":42}},{"start":{"line":58,"column":46},"end":{"line":58,"column":55}}],"line":58},"6":{"loc":{"start":{"line":62,"column":2},"end":{"line":64,"column":3}},"type":"if","locations":[{"start":{"line":62,"column":2},"end":{"line":64,"column":3}},{"start":{},"end":{}}],"line":62},"7":{"loc":{"start":{"line":68,"column":2},"end":{"line":70,"column":3}},"type":"if","locations":[{"start":{"line":68,"column":2},"end":{"line":70,"column":3}},{"start":{},"end":{}}],"line":68},"8":{"loc":{"start":{"line":101,"column":26},"end":{"line":101,"column":60}},"type":"cond-expr","locations":[{"start":{"line":101,"column":34},"end":{"line":101,"column":55}},{"start":{"line":101,"column":58},"end":{"line":101,"column":60}}],"line":101},"9":{"loc":{"start":{"line":103,"column":2},"end":{"line":105,"column":3}},"type":"if","locations":[{"start":{"line":103,"column":2},"end":{"line":105,"column":3}},{"start":{},"end":{}}],"line":103},"10":{"loc":{"start":{"line":103,"column":6},"end":{"line":103,"column":35}},"type":"binary-expr","locations":[{"start":{"line":103,"column":6},"end":{"line":103,"column":22}},{"start":{"line":103,"column":26},"end":{"line":103,"column":35}}],"line":103},"11":{"loc":{"start":{"line":109,"column":2},"end":{"line":111,"column":3}},"type":"if","locations":[{"start":{"line":109,"column":2},"end":{"line":111,"column":3}},{"start":{},"end":{}}],"line":109},"12":{"loc":{"start":{"line":109,"column":6},"end":{"line":109,"column":60}},"type":"binary-expr","locations":[{"start":{"line":109,"column":6},"end":{"line":109,"column":11}},{"start":{"line":109,"column":15},"end":{"line":109,"column":60}}],"line":109},"13":{"loc":{"start":{"line":134,"column":2},"end":{"line":136,"column":3}},"type":"if","locations":[{"start":{"line":134,"column":2},"end":{"line":136,"column":3}},{"start":{},"end":{}}],"line":134},"14":{"loc":{"start":{"line":148,"column":9},"end":{"line":148,"column":31}},"type":"binary-expr","locations":[{"start":{"line":148,"column":9},"end":{"line":148,"column":23}},{"start":{"line":148,"column":27},"end":{"line":148,"column":31}}],"line":148},"15":{"loc":{"start":{"line":152,"column":2},"end":{"line":154,"column":3}},"type":"if","locations":[{"start":{"line":152,"column":2},"end":{"line":154,"column":3}},{"start":{},"end":{}}],"line":152}},"s":{"0":5,"1":5,"2":5,"3":6,"4":2,"5":2,"6":2,"7":1,"8":1,"9":0,"10":1,"11":1,"12":2,"13":2,"14":2,"15":5,"16":5,"17":5,"18":1,"19":4,"20":1,"21":3,"22":3,"23":1,"24":2,"25":2,"26":2,"27":2,"28":1,"29":1,"30":1,"31":1,"32":1,"33":2,"34":3,"35":3,"36":1,"37":2,"38":2,"39":1,"40":1,"41":1,"42":1,"43":1,"44":1,"45":1,"46":1,"47":0,"48":0,"49":1,"50":2,"51":1,"52":1,"53":1,"54":2,"55":1,"56":1},"f":{"0":5,"1":6,"2":2,"3":1,"4":2,"5":5,"6":3,"7":2,"8":2},"b":{"0":[0,1],"1":[1,1],"2":[2],"3":[4,1],"4":[1,4],"5":[5,4,4],"6":[1,3],"7":[1,2],"8":[2,1],"9":[1,2],"10":[3,2],"11":[1,1],"12":[2,1],"13":[1,1],"14":[1,0],"15":[1,1]},"meta":{"lastBranch":16,"lastFunction":9,"lastStatement":57,"seen":{"f:9:9:9:20":0,"s:10:16:10:34":0,"s:11:2:11:32":1,"s:12:2:12:15":2,"f:15:9:15:23":1,"s:16:2:16:36":3,"f:19:9:19:21":2,"s:20:15:20:53":4,"s:21:21:21:74":5,"s:22:2:22:33":6,"f:25:9:25:23":3,"s:26:30:26:51":7,"b:28:2:30:3:undefined:undefined:undefined:undefined":0,"s:28:2:30:3":8,"b:28:6:28:11:28:15:28:27":1,"s:29:4:29:17":9,"s:32:21:32:74":10,"s:33:2:36:4":11,"f:39:15:39:28":4,"b:39:46:39:48":2,"s:40:16:40:54":12,"s:42:17:49:3":13,"s:51:2:51:30":14,"f:54:15:54:27":5,"s:55:26:55:42":15,"s:56:26:56:60":16,"b:56:34:56:55:56:58:56:60":3,"b:58:2:60:3:undefined:undefined:undefined:undefined":4,"s:58:2:60:3":17,"b:58:6:58:22:58:26:58:42:58:46:58:55":5,"s:59:4:59:73":18,"b:62:2:64:3:undefined:undefined:undefined:undefined":6,"s:62:2:64:3":19,"s:63:4:63:74":20,"s:66:23:66:60":21,"b:68:2:70:3:undefined:undefined:undefined:undefined":7,"s:68:2:70:3":22,"s:69:4:69:72":23,"s:72:17:72:35":24,"s:74:2:97:3":25,"s:75:4:75:32":26,"s:77:17:82:5":27,"s:84:18:84:54":28,"s:86:4:86:33":29,"s:88:4:91:6":30,"s:93:4:93:35":31,"s:94:4:94:16":32,"s:96:4:96:21":33,"f:100:15:100:24":6,"s:101:26:101:60":34,"b:101:34:101:55:101:58:101:60":8,"b:103:2:105:3:undefined:undefined:undefined:undefined":9,"s:103:2:105:3":35,"b:103:6:103:22:103:26:103:35":10,"s:104:4:104:62":36,"s:107:15:107:52":37,"b:109:2:111:3:undefined:undefined:undefined:undefined":11,"s:109:2:111:3":38,"b:109:6:109:11:109:15:109:60":12,"s:110:4:110:61":39,"s:113:17:113:35":40,"s:115:2:130:3":41,"s:116:4:116:32":42,"s:117:18:117:54":43,"s:118:21:118:55":44,"s:119:4:119:33":45,"s:121:4:124:6":46,"s:126:4:126:35":47,"s:127:4:127:16":48,"s:129:4:129:21":49,"f:133:15:133:36":7,"b:134:2:136:3:undefined:undefined:undefined:undefined":13,"s:134:2:136:3":50,"s:135:4:135:16":51,"s:138:17:146:3":52,"s:148:2:148:32":53,"b:148:9:148:23:148:27:148:31":14,"f:151:15:151:25":8,"b:152:2:154:3:undefined:undefined:undefined:undefined":15,"s:152:2:154:3":54,"s:153:4:153:11":55,"s:156:2:156:72":56}}}
,"C:\\Users\\monae\\Downloads\\GrinCode-main\\services\\bettingService.js": {"path":"C:\\Users\\monae\\Downloads\\GrinCode-main\\services\\bettingService.js","statementMap":{"0":{"start":{"line":6,"column":16},"end":{"line":6,"column":34}},"1":{"start":{"line":7,"column":2},"end":{"line":7,"column":32}},"2":{"start":{"line":8,"column":2},"end":{"line":8,"column":15}},"3":{"start":{"line":12,"column":24},"end":{"line":12,"column":38}},"4":{"start":{"line":14,"column":2},"end":{"line":16,"column":3}},"5":{"start":{"line":15,"column":4},"end":{"line":15,"column":78}},"6":{"start":{"line":18,"column":2},"end":{"line":20,"column":3}},"7":{"start":{"line":19,"column":4},"end":{"line":19,"column":64}},"8":{"start":{"line":22,"column":17},"end":{"line":22,"column":35}},"9":{"start":{"line":24,"column":2},"end":{"line":123,"column":3}},"10":{"start":{"line":25,"column":4},"end":{"line":25,"column":32}},"11":{"start":{"line":27,"column":26},"end":{"line":35,"column":5}},"12":{"start":{"line":37,"column":20},"end":{"line":37,"column":41}},"13":{"start":{"line":39,"column":4},"end":{"line":41,"column":5}},"14":{"start":{"line":40,"column":6},"end":{"line":40,"column":71}},"15":{"start":{"line":43,"column":4},"end":{"line":45,"column":5}},"16":{"start":{"line":44,"column":6},"end":{"line":44,"column":74}},"17":{"start":{"line":47,"column":4},"end":{"line":49,"column":5}},"18":{"start":{"line":48,"column":6},"end":{"line":48,"column":74}},"19":{"start":{"line":51,"column":23},"end":{"line":59,"column":5}},"20":{"start":{"line":61,"column":17},"end":{"line":61,"column":35}},"21":{"start":{"line":63,"column":4},"end":{"line":65,"column":5}},"22":{"start":{"line":64,"column":6},"end":{"line":64,"column":47}},"23":{"start":{"line":67,"column":4},"end":{"line":69,"column":5}},"24":{"start":{"line":68,"column":6},"end":{"line":68,"column":68}},"25":{"start":{"line":71,"column":25},"end":{"line":84,"column":5}},"26":{"start":{"line":87,"column":6},"end":{"line":87,"column":26}},"27":{"start":{"line":90,"column":6},"end":{"line":94,"column":13}},"28":{"start":{"line":96,"column":22},"end":{"line":96,"column":57}},"29":{"start":{"line":98,"column":18},"end":{"line":104,"column":5}},"30":{"start":{"line":106,"column":24},"end":{"line":110,"column":5}},"31":{"start":{"line":112,"column":4},"end":{"line":112,"column":33}},"32":{"start":{"line":114,"column":4},"end":{"line":117,"column":6}},"33":{"start":{"line":119,"column":4},"end":{"line":119,"column":35}},"34":{"start":{"line":120,"column":4},"end":{"line":120,"column":16}},"35":{"start":{"line":122,"column":4},"end":{"line":122,"column":21}}},"fnMap":{"0":{"name":"createError","decl":{"start":{"line":5,"column":9},"end":{"line":5,"column":20}},"loc":{"start":{"line":5,"column":42},"end":{"line":9,"column":1}},"line":5},"1":{"name":"placeBet","decl":{"start":{"line":11,"column":15},"end":{"line":11,"column":23}},"loc":{"start":{"line":11,"column":61},"end":{"line":124,"column":1}},"line":11}},"branchMap":{"0":{"loc":{"start":{"line":14,"column":2},"end":{"line":16,"column":3}},"type":"if","locations":[{"start":{"line":14,"column":2},"end":{"line":16,"column":3}},{"start":{},"end":{}}],"line":14},"1":{"loc":{"start":{"line":14,"column":6},"end":{"line":14,"column":40}},"type":"binary-expr","locations":[{"start":{"line":14,"column":6},"end":{"line":14,"column":13}},{"start":{"line":14,"column":17},"end":{"line":14,"column":26}},{"start":{"line":14,"column":30},"end":{"line":14,"column":40}}],"line":14},"2":{"loc":{"start":{"line":18,"column":2},"end":{"line":20,"column":3}},"type":"if","locations":[{"start":{"line":18,"column":2},"end":{"line":20,"column":3}},{"start":{},"end":{}}],"line":18},"3":{"loc":{"start":{"line":18,"column":6},"end":{"line":18,"column":59}},"type":"binary-expr","locations":[{"start":{"line":18,"column":6},"end":{"line":18,"column":37}},{"start":{"line":18,"column":41},"end":{"line":18,"column":59}}],"line":18},"4":{"loc":{"start":{"line":39,"column":4},"end":{"line":41,"column":5}},"type":"if","locations":[{"start":{"line":39,"column":4},"end":{"line":41,"column":5}},{"start":{},"end":{}}],"line":39},"5":{"loc":{"start":{"line":43,"column":4},"end":{"line":45,"column":5}},"type":"if","locations":[{"start":{"line":43,"column":4},"end":{"line":45,"column":5}},{"start":{},"end":{}}],"line":43},"6":{"loc":{"start":{"line":47,"column":4},"end":{"line":49,"column":5}},"type":"if","locations":[{"start":{"line":47,"column":4},"end":{"line":49,"column":5}},{"start":{},"end":{}}],"line":47},"7":{"loc":{"start":{"line":47,"column":8},"end":{"line":47,"column":80}},"type":"binary-expr","locations":[{"start":{"line":47,"column":8},"end":{"line":47,"column":25}},{"start":{"line":47,"column":29},"end":{"line":47,"column":80}}],"line":47},"8":{"loc":{"start":{"line":63,"column":4},"end":{"line":65,"column":5}},"type":"if","locations":[{"start":{"line":63,"column":4},"end":{"line":65,"column":5}},{"start":{},"end":{}}],"line":63},"9":{"loc":{"start":{"line":67,"column":4},"end":{"line":69,"column":5}},"type":"if","locations":[{"start":{"line":67,"column":4},"end":{"line":69,"column":5}},{"start":{},"end":{}}],"line":67},"10":{"loc":{"start":{"line":90,"column":6},"end":{"line":94,"column":13}},"type":"cond-expr","locations":[{"start":{"line":91,"column":10},"end":{"line":91,"column":12}},{"start":{"line":92,"column":10},"end":{"line":94,"column":13}}],"line":90}},"s":{"0":7,"1":7,"2":7,"3":9,"4":9,"5":1,"6":8,"7":1,"8":7,"9":7,"10":7,"11":7,"12":7,"13":7,"14":1,"15":6,"16":1,"17":5,"18":1,"19":4,"20":4,"21":4,"22":1,"23":3,"24":1,"25":2,"26":2,"27":2,"28":9,"29":9,"30":2,"31":2,"32":2,"33":5,"34":5,"35":7},"f":{"0":7,"1":9},"b":{"0":[1,8],"1":[9,8,8],"2":[1,7],"3":[8,8],"4":[1,6],"5":[1,5],"6":[1,4],"7":[5,1],"8":[1,3],"9":[1,2],"10":[0,2]},"meta":{"lastBranch":11,"lastFunction":2,"lastStatement":36,"seen":{"f:5:9:5:20":0,"s:6:16:6:34":0,"s:7:2:7:32":1,"s:8:2:8:15":2,"f:11:15:11:23":1,"s:12:24:12:38":3,"b:14:2:16:3:undefined:undefined:undefined:undefined":0,"s:14:2:16:3":4,"b:14:6:14:13:14:17:14:26:14:30:14:40":1,"s:15:4:15:78":5,"b:18:2:20:3:undefined:undefined:undefined:undefined":2,"s:18:2:20:3":6,"b:18:6:18:37:18:41:18:59":3,"s:19:4:19:64":7,"s:22:17:22:35":8,"s:24:2:123:3":9,"s:25:4:25:32":10,"s:27:26:35:5":11,"s:37:20:37:41":12,"b:39:4:41:5:undefined:undefined:undefined:undefined":4,"s:39:4:41:5":13,"s:40:6:40:71":14,"b:43:4:45:5:undefined:undefined:undefined:undefined":5,"s:43:4:45:5":15,"s:44:6:44:74":16,"b:47:4:49:5:undefined:undefined:undefined:undefined":6,"s:47:4:49:5":17,"b:47:8:47:25:47:29:47:80":7,"s:48:6:48:74":18,"s:51:23:59:5":19,"s:61:17:61:35":20,"b:63:4:65:5:undefined:undefined:undefined:undefined":8,"s:63:4:65:5":21,"s:64:6:64:47":22,"b:67:4:69:5:undefined:undefined:undefined:undefined":9,"s:67:4:69:5":23,"s:68:6:68:68":24,"s:71:25:84:5":25,"s:87:6:87:26":26,"s:90:6:94:13":27,"b:91:10:91:12:92:10:94:13":10,"s:96:22:96:57":28,"s:98:18:104:5":29,"s:106:24:110:5":30,"s:112:4:112:33":31,"s:114:4:117:6":32,"s:119:4:119:35":33,"s:120:4:120:16":34,"s:122:4:122:21":35}}}
,"C:\\Users\\monae\\Downloads\\GrinCode-main\\services\\commentService.js": {"path":"C:\\Users\\monae\\Downloads\\GrinCode-main\\services\\commentService.js","statementMap":{"0":{"start":{"line":5,"column":16},"end":{"line":5,"column":34}},"1":{"start":{"line":6,"column":2},"end":{"line":6,"column":32}},"2":{"start":{"line":7,"column":2},"end":{"line":7,"column":15}},"3":{"start":{"line":11,"column":2},"end":{"line":13,"column":3}},"4":{"start":{"line":12,"column":4},"end":{"line":12,"column":52}},"5":{"start":{"line":15,"column":2},"end":{"line":15,"column":41}},"6":{"start":{"line":19,"column":2},"end":{"line":21,"column":3}},"7":{"start":{"line":20,"column":4},"end":{"line":20,"column":52}},"8":{"start":{"line":23,"column":2},"end":{"line":25,"column":3}},"9":{"start":{"line":24,"column":4},"end":{"line":24,"column":55}},"10":{"start":{"line":27,"column":17},"end":{"line":27,"column":35}},"11":{"start":{"line":29,"column":2},"end":{"line":49,"column":3}},"12":{"start":{"line":30,"column":4},"end":{"line":30,"column":32}},"13":{"start":{"line":32,"column":25},"end":{"line":35,"column":5}},"14":{"start":{"line":37,"column":4},"end":{"line":39,"column":5}},"15":{"start":{"line":38,"column":6},"end":{"line":38,"column":49}},"16":{"start":{"line":41,"column":20},"end":{"line":41,"column":70}},"17":{"start":{"line":42,"column":4},"end":{"line":42,"column":33}},"18":{"start":{"line":43,"column":4},"end":{"line":43,"column":19}},"19":{"start":{"line":45,"column":4},"end":{"line":45,"column":35}},"20":{"start":{"line":46,"column":4},"end":{"line":46,"column":16}},"21":{"start":{"line":48,"column":4},"end":{"line":48,"column":21}}},"fnMap":{"0":{"name":"createError","decl":{"start":{"line":4,"column":9},"end":{"line":4,"column":20}},"loc":{"start":{"line":4,"column":42},"end":{"line":8,"column":1}},"line":4},"1":{"name":"listComments","decl":{"start":{"line":10,"column":15},"end":{"line":10,"column":27}},"loc":{"start":{"line":10,"column":38},"end":{"line":16,"column":1}},"line":10},"2":{"name":"addComment","decl":{"start":{"line":18,"column":15},"end":{"line":18,"column":25}},"loc":{"start":{"line":18,"column":42},"end":{"line":50,"column":1}},"line":18}},"branchMap":{"0":{"loc":{"start":{"line":11,"column":2},"end":{"line":13,"column":3}},"type":"if","locations":[{"start":{"line":11,"column":2},"end":{"line":13,"column":3}},{"start":{},"end":{}}],"line":11},"1":{"loc":{"start":{"line":19,"column":2},"end":{"line":21,"column":3}},"type":"if","locations":[{"start":{"line":19,"column":2},"end":{"line":21,"column":3}},{"start":{},"end":{}}],"line":19},"2":{"loc":{"start":{"line":23,"column":2},"end":{"line":25,"column":3}},"type":"if","locations":[{"start":{"line":23,"column":2},"end":{"line":25,"column":3}},{"start":{},"end":{}}],"line":23},"3":{"loc":{"start":{"line":23,"column":6},"end":{"line":23,"column":27}},"type":"binary-expr","locations":[{"start":{"line":23,"column":6},"end":{"line":23,"column":11}},{"start":{"line":23,"column":15},"end":{"line":23,"column":27}}],"line":23},"4":{"loc":{"start":{"line":37,"column":4},"end":{"line":39,"column":5}},"type":"if","locations":[{"start":{"line":37,"column":4},"end":{"line":39,"column":5}},{"start":{},"end":{}}],"line":37}},"s":{"0":4,"1":4,"2":4,"3":2,"4":1,"5":1,"6":4,"7":1,"8":3,"9":1,"10":2,"11":2,"12":2,"13":2,"14":2,"15":1,"16":1,"17":1,"18":1,"19":1,"20":1,"21":2},"f":{"0":4,"1":2,"2":4},"b":{"0":[1,1],"1":[1,3],"2":[1,2],"3":[3,3],"4":[1,1]},"meta":{"lastBranch":5,"lastFunction":3,"lastStatement":22,"seen":{"f:4:9:4:20":0,"s:5:16:5:34":0,"s:6:2:6:32":1,"s:7:2:7:15":2,"f:10:15:10:27":1,"b:11:2:13:3:undefined:undefined:undefined:undefined":0,"s:11:2:13:3":3,"s:12:4:12:52":4,"s:15:2:15:41":5,"f:18:15:18:25":2,"b:19:2:21:3:undefined:undefined:undefined:undefined":1,"s:19:2:21:3":6,"s:20:4:20:52":7,"b:23:2:25:3:undefined:undefined:undefined:undefined":2,"s:23:2:25:3":8,"b:23:6:23:11:23:15:23:27":3,"s:24:4:24:55":9,"s:27:17:27:35":10,"s:29:2:49:3":11,"s:30:4:30:32":12,"s:32:25:35:5":13,"b:37:4:39:5:undefined:undefined:undefined:undefined":4,"s:37:4:39:5":14,"s:38:6:38:49":15,"s:41:20:41:70":16,"s:42:4:42:33":17,"s:43:4:43:19":18,"s:45:4:45:35":19,"s:46:4:46:16":20,"s:48:4:48:21":21}}}
,"C:\\Users\\monae\\Downloads\\GrinCode-main\\services\\marketService.js": {"path":"C:\\Users\\monae\\Downloads\\GrinCode-main\\services\\marketService.js","statementMap":{"0":{"start":{"line":16,"column":19},"end":{"line":16,"column":37}},"1":{"start":{"line":18,"column":4},"end":{"line":68,"column":5}},"2":{"start":{"line":19,"column":6},"end":{"line":19,"column":null}},"3":{"start":{"line":22,"column":6},"end":{"line":24,"column":null}},"4":{"start":{"line":23,"column":8},"end":{"line":23,"column":null}},"5":{"start":{"line":26,"column":30},"end":{"line":26,"column":48}},"6":{"start":{"line":28,"column":6},"end":{"line":30,"column":7}},"7":{"start":{"line":29,"column":8},"end":{"line":29,"column":46}},"8":{"start":{"line":32,"column":6},"end":{"line":34,"column":7}},"9":{"start":{"line":33,"column":8},"end":{"line":33,"column":60}},"10":{"start":{"line":37,"column":21},"end":{"line":43,"column":7}},"11":{"start":{"line":46,"column":6},"end":{"line":50,"column":8}},"12":{"start":{"line":53,"column":6},"end":{"line":57,"column":8}},"13":{"start":{"line":59,"column":6},"end":{"line":59,"column":35}},"14":{"start":{"line":61,"column":6},"end":{"line":61,"column":20}},"15":{"start":{"line":64,"column":6},"end":{"line":64,"column":37}},"16":{"start":{"line":65,"column":6},"end":{"line":65,"column":16}},"17":{"start":{"line":67,"column":6},"end":{"line":67,"column":23}},"18":{"start":{"line":72,"column":16},"end":{"line":72,"column":34}},"19":{"start":{"line":73,"column":2},"end":{"line":73,"column":32}},"20":{"start":{"line":74,"column":2},"end":{"line":74,"column":15}},"21":{"start":{"line":78,"column":2},"end":{"line":80,"column":3}},"22":{"start":{"line":79,"column":4},"end":{"line":79,"column":73}},"23":{"start":{"line":82,"column":17},"end":{"line":82,"column":35}},"24":{"start":{"line":84,"column":2},"end":{"line":168,"column":3}},"25":{"start":{"line":85,"column":4},"end":{"line":85,"column":32}},"26":{"start":{"line":87,"column":25},"end":{"line":87,"column":72}},"27":{"start":{"line":89,"column":4},"end":{"line":91,"column":5}},"28":{"start":{"line":90,"column":6},"end":{"line":90,"column":49}},"29":{"start":{"line":93,"column":4},"end":{"line":95,"column":5}},"30":{"start":{"line":94,"column":6},"end":{"line":94,"column":70}},"31":{"start":{"line":97,"column":32},"end":{"line":105,"column":5}},"32":{"start":{"line":107,"column":19},"end":{"line":107,"column":46}},"33":{"start":{"line":109,"column":4},"end":{"line":111,"column":5}},"34":{"start":{"line":110,"column":6},"end":{"line":110,"column":49}},"35":{"start":{"line":113,"column":4},"end":{"line":115,"column":5}},"36":{"start":{"line":114,"column":6},"end":{"line":114,"column":80}},"37":{"start":{"line":117,"column":27},"end":{"line":117,"column":86}},"38":{"start":{"line":119,"column":4},"end":{"line":121,"column":5}},"39":{"start":{"line":120,"column":6},"end":{"line":120,"column":79}},"40":{"start":{"line":123,"column":19},"end":{"line":123,"column":73}},"41":{"start":{"line":125,"column":4},"end":{"line":125,"column":63}},"42":{"start":{"line":126,"column":4},"end":{"line":126,"column":59}},"43":{"start":{"line":128,"column":4},"end":{"line":153,"column":5}},"44":{"start":{"line":129,"column":18},"end":{"line":129,"column":55}},"45":{"start":{"line":130,"column":6},"end":{"line":130,"column":81}},"46":{"start":{"line":132,"column":6},"end":{"line":134,"column":7}},"47":{"start":{"line":133,"column":8},"end":{"line":133,"column":17}},"48":{"start":{"line":136,"column":31},"end":{"line":136,"column":62}},"49":{"start":{"line":137,"column":21},"end":{"line":140,"column":7}},"50":{"start":{"line":142,"column":19},"end":{"line":142,"column":59}},"51":{"start":{"line":144,"column":6},"end":{"line":146,"column":7}},"52":{"start":{"line":145,"column":8},"end":{"line":145,"column":17}},"53":{"start":{"line":148,"column":6},"end":{"line":152,"column":8}},"54":{"start":{"line":155,"column":27},"end":{"line":155,"column":81}},"55":{"start":{"line":157,"column":4},"end":{"line":157,"column":33}},"56":{"start":{"line":159,"column":4},"end":{"line":162,"column":6}},"57":{"start":{"line":164,"column":4},"end":{"line":164,"column":35}},"58":{"start":{"line":165,"column":4},"end":{"line":165,"column":14}},"59":{"start":{"line":167,"column":4},"end":{"line":167,"column":21}},"60":{"start":{"line":172,"column":31},"end":{"line":181,"column":3}},"61":{"start":{"line":183,"column":2},"end":{"line":213,"column":3}},"62":{"start":{"line":184,"column":27},"end":{"line":196,"column":5}},"63":{"start":{"line":198,"column":27},"end":{"line":198,"column":49}},"64":{"start":{"line":200,"column":4},"end":{"line":202,"column":5}},"65":{"start":{"line":201,"column":6},"end":{"line":201,"column":15}},"66":{"start":{"line":204,"column":4},"end":{"line":212,"column":5}},"67":{"start":{"line":205,"column":6},"end":{"line":205,"column":56}},"68":{"start":{"line":207,"column":6},"end":{"line":209,"column":7}},"69":{"start":{"line":208,"column":8},"end":{"line":208,"column":17}},"70":{"start":{"line":211,"column":6},"end":{"line":211,"column":18}}},"fnMap":{"0":{"name":"createMarket","decl":{"start":{"line":15,"column":15},"end":{"line":15,"column":27}},"loc":{"start":{"line":15,"column":89},"end":{"line":69,"column":3}},"line":15},"1":{"name":"createError","decl":{"start":{"line":71,"column":9},"end":{"line":71,"column":20}},"loc":{"start":{"line":71,"column":42},"end":{"line":75,"column":1}},"line":71},"2":{"name":"resolveMarket","decl":{"start":{"line":77,"column":15},"end":{"line":77,"column":28}},"loc":{"start":{"line":77,"column":57},"end":{"line":169,"column":1}},"line":77},"3":{"name":"autoResolveExpiredMarkets","decl":{"start":{"line":171,"column":15},"end":{"line":171,"column":40}},"loc":{"start":{"line":171,"column":43},"end":{"line":214,"column":1}},"line":171}},"branchMap":{"0":{"loc":{"start":{"line":22,"column":6},"end":{"line":24,"column":null}},"type":"if","locations":[{"start":{"line":22,"column":6},"end":{"line":24,"column":null}},{"start":{},"end":{}}],"line":22},"1":{"loc":{"start":{"line":22,"column":10},"end":{"line":22,"column":85}},"type":"binary-expr","locations":[{"start":{"line":22,"column":10},"end":{"line":22,"column":17}},{"start":{"line":22,"column":21},"end":{"line":22,"column":30}},{"start":{"line":22,"column":34},"end":{"line":22,"column":46}},{"start":{"line":22,"column":50},"end":{"line":22,"column":59}},{"start":{"line":22,"column":63},"end":{"line":22,"column":72}},{"start":{"line":22,"column":76},"end":{"line":22,"column":85}}],"line":22},"2":{"loc":{"start":{"line":28,"column":6},"end":{"line":30,"column":7}},"type":"if","locations":[{"start":{"line":28,"column":6},"end":{"line":30,"column":7}},{"start":{},"end":{}}],"line":28},"3":{"loc":{"start":{"line":32,"column":6},"end":{"line":34,"column":7}},"type":"if","locations":[{"start":{"line":32,"column":6},"end":{"line":34,"column":7}},{"start":{},"end":{}}],"line":32},"4":{"loc":{"start":{"line":78,"column":2},"end":{"line":80,"column":3}},"type":"if","locations":[{"start":{"line":78,"column":2},"end":{"line":80,"column":3}},{"start":{},"end":{}}],"line":78},"5":{"loc":{"start":{"line":78,"column":6},"end":{"line":78,"column":36}},"type":"binary-expr","locations":[{"start":{"line":78,"column":6},"end":{"line":78,"column":15}},{"start":{"line":78,"column":19},"end":{"line":78,"column":36}}],"line":78},"6":{"loc":{"start":{"line":89,"column":4},"end":{"line":91,"column":5}},"type":"if","locations":[{"start":{"line":89,"column":4},"end":{"line":91,"column":5}},{"start":{},"end":{}}],"line":89},"7":{"loc":{"start":{"line":93,"column":4},"end":{"line":95,"column":5}},"type":"if","locations":[{"start":{"line":93,"column":4},"end":{"line":95,"column":5}},{"start":{},"end":{}}],"line":93},"8":{"loc":{"start":{"line":109,"column":4},"end":{"line":111,"column":5}},"type":"if","locations":[{"start":{"line":109,"column":4},"end":{"line":111,"column":5}},{"start":{},"end":{}}],"line":109},"9":{"loc":{"start":{"line":113,"column":4},"end":{"line":115,"column":5}},"type":"if","locations":[{"start":{"line":113,"column":4},"end":{"line":115,"column":5}},{"start":{},"end":{}}],"line":113},"10":{"loc":{"start":{"line":113,"column":8},"end":{"line":113,"column":78}},"type":"binary-expr","locations":[{"start":{"line":113,"column":8},"end":{"line":113,"column":25}},{"start":{"line":113,"column":29},"end":{"line":113,"column":78}}],"line":113},"11":{"loc":{"start":{"line":119,"column":4},"end":{"line":121,"column":5}},"type":"if","locations":[{"start":{"line":119,"column":4},"end":{"line":121,"column":5}},{"start":{},"end":{}}],"line":119},"12":{"loc":{"start":{"line":119,"column":8},"end":{"line":119,"column":64}},"type":"binary-expr","locations":[{"start":{"line":119,"column":8},"end":{"line":119,"column":23}},{"start":{"line":119,"column":27},"end":{"line":119,"column":64}}],"line":119},"13":{"loc":{"start":{"line":130,"column":51},"end":{"line":130,"column":71}},"type":"cond-expr","locations":[{"start":{"line":130,"column":57},"end":{"line":130,"column":62}},{"start":{"line":130,"column":65},"end":{"line":130,"column":71}}],"line":130},"14":{"loc":{"start":{"line":132,"column":6},"end":{"line":134,"column":7}},"type":"if","locations":[{"start":{"line":132,"column":6},"end":{"line":134,"column":7}},{"start":{},"end":{}}],"line":132},"15":{"loc":{"start":{"line":144,"column":6},"end":{"line":146,"column":7}},"type":"if","locations":[{"start":{"line":144,"column":6},"end":{"line":146,"column":7}},{"start":{},"end":{}}],"line":144},"16":{"loc":{"start":{"line":200,"column":4},"end":{"line":202,"column":5}},"type":"if","locations":[{"start":{"line":200,"column":4},"end":{"line":202,"column":5}},{"start":{},"end":{}}],"line":200},"17":{"loc":{"start":{"line":207,"column":6},"end":{"line":209,"column":7}},"type":"if","locations":[{"start":{"line":207,"column":6},"end":{"line":209,"column":7}},{"start":{},"end":{}}],"line":207},"18":{"loc":{"start":{"line":207,"column":10},"end":{"line":207,"column":96}},"type":"binary-expr","locations":[{"start":{"line":207,"column":10},"end":{"line":207,"column":35}},{"start":{"line":207,"column":39},"end":{"line":207,"column":96}}],"line":207}},"s":{"0":4,"1":4,"2":4,"3":4,"4":1,"5":3,"6":3,"7":1,"8":2,"9":1,"10":1,"11":1,"12":1,"13":1,"14":1,"15":3,"16":3,"17":4,"18":5,"19":5,"20":5,"21":9,"22":1,"23":8,"24":8,"25":8,"26":8,"27":8,"28":1,"29":7,"30":1,"31":6,"32":6,"33":6,"34":0,"35":6,"36":1,"37":5,"38":5,"39":1,"40":4,"41":4,"42":4,"43":4,"44":3,"45":3,"46":3,"47":1,"48":2,"49":2,"50":2,"51":2,"52":1,"53":1,"54":4,"55":4,"56":4,"57":4,"58":4,"59":8,"60":2,"61":2,"62":3,"63":3,"64":3,"65":1,"66":2,"67":2,"68":0,"69":0,"70":0},"f":{"0":4,"1":5,"2":9,"3":2},"b":{"0":[1,3],"1":[4,3,3,3,3,3],"2":[1,2],"3":[1,1],"4":[1,8],"5":[9,8],"6":[1,7],"7":[1,6],"8":[0,6],"9":[1,5],"10":[6,6],"11":[1,4],"12":[5,5],"13":[2,1],"14":[1,2],"15":[1,1],"16":[1,2],"17":[0,0],"18":[0,0]},"meta":{"lastBranch":19,"lastFunction":4,"lastStatement":71,"seen":{"f:15:15:15:27":0,"s:16:19:16:37":0,"s:18:4:68:5":1,"s:19:6:19:Infinity":2,"b:22:6:24:Infinity:undefined:undefined:undefined:undefined":0,"s:22:6:24:Infinity":3,"b:22:10:22:17:22:21:22:30:22:34:22:46:22:50:22:59:22:63:22:72:22:76:22:85":1,"s:23:8:23:Infinity":4,"s:26:30:26:48":5,"b:28:6:30:7:undefined:undefined:undefined:undefined":2,"s:28:6:30:7":6,"s:29:8:29:46":7,"b:32:6:34:7:undefined:undefined:undefined:undefined":3,"s:32:6:34:7":8,"s:33:8:33:60":9,"s:37:21:43:7":10,"s:46:6:50:8":11,"s:53:6:57:8":12,"s:59:6:59:35":13,"s:61:6:61:20":14,"s:64:6:64:37":15,"s:65:6:65:16":16,"s:67:6:67:23":17,"f:71:9:71:20":1,"s:72:16:72:34":18,"s:73:2:73:32":19,"s:74:2:74:15":20,"f:77:15:77:28":2,"b:78:2:80:3:undefined:undefined:undefined:undefined":4,"s:78:2:80:3":21,"b:78:6:78:15:78:19:78:36":5,"s:79:4:79:73":22,"s:82:17:82:35":23,"s:84:2:168:3":24,"s:85:4:85:32":25,"s:87:25:87:72":26,"b:89:4:91:5:undefined:undefined:undefined:undefined":6,"s:89:4:91:5":27,"s:90:6:90:49":28,"b:93:4:95:5:undefined:undefined:undefined:undefined":7,"s:93:4:95:5":29,"s:94:6:94:70":30,"s:97:32:105:5":31,"s:107:19:107:46":32,"b:109:4:111:5:undefined:undefined:undefined:undefined":8,"s:109:4:111:5":33,"s:110:6:110:49":34,"b:113:4:115:5:undefined:undefined:undefined:undefined":9,"s:113:4:115:5":35,"b:113:8:113:25:113:29:113:78":10,"s:114:6:114:80":36,"s:117:27:117:86":37,"b:119:4:121:5:undefined:undefined:undefined:undefined":11,"s:119:4:121:5":38,"b:119:8:119:23:119:27:119:64":12,"s:120:6:120:79":39,"s:123:19:123:73":40,"s:125:4:125:63":41,"s:126:4:126:59":42,"s:128:4:153:5":43,"s:129:18:129:55":44,"s:130:6:130:81":45,"b:130:57:130:62:130:65:130:71":13,"b:132:6:134:7:undefined:undefined:undefined:undefined":14,"s:132:6:134:7":46,"s:133:8:133:17":47,"s:136:31:136:62":48,"s:137:21:140:7":49,"s:142:19:142:59":50,"b:144:6:146:7:undefined:undefined:undefined:undefined":15,"s:144:6:146:7":51,"s:145:8:145:17":52,"s:148:6:152:8":53,"s:155:27:155:81":54,"s:157:4:157:33":55,"s:159:4:162:6":56,"s:164:4:164:35":57,"s:165:4:165:14":58,"s:167:4:167:21":59,"f:171:15:171:40":3,"s:172:31:181:3":60,"s:183:2:213:3":61,"s:184:27:196:5":62,"s:198:27:198:49":63,"b:200:4:202:5:undefined:undefined:undefined:undefined":16,"s:200:4:202:5":64,"s:201:6:201:15":65,"s:204:4:212:5":66,"s:205:6:205:56":67,"b:207:6:209:7:undefined:undefined:undefined:undefined":17,"s:207:6:209:7":68,"b:207:10:207:35:207:39:207:96":18,"s:208:8:208:17":69,"s:211:6:211:18":70}}}
,"C:\\Users\\monae\\Downloads\\GrinCode-main\\services\\voteService.js": {"path":"C:\\Users\\monae\\Downloads\\GrinCode-main\\services\\voteService.js","statementMap":{"0":{"start":{"line":9,"column":16},"end":{"line":9,"column":34}},"1":{"start":{"line":10,"column":2},"end":{"line":10,"column":32}},"2":{"start":{"line":11,"column":2},"end":{"line":11,"column":15}},"3":{"start":{"line":15,"column":2},"end":{"line":17,"column":3}},"4":{"start":{"line":16,"column":4},"end":{"line":16,"column":65}},"5":{"start":{"line":19,"column":2},"end":{"line":21,"column":3}},"6":{"start":{"line":20,"column":4},"end":{"line":20,"column":59}},"7":{"start":{"line":23,"column":17},"end":{"line":23,"column":35}},"8":{"start":{"line":25,"column":2},"end":{"line":58,"column":3}},"9":{"start":{"line":26,"column":4},"end":{"line":26,"column":32}},"10":{"start":{"line":28,"column":25},"end":{"line":31,"column":5}},"11":{"start":{"line":33,"column":4},"end":{"line":35,"column":5}},"12":{"start":{"line":34,"column":6},"end":{"line":34,"column":49}},"13":{"start":{"line":37,"column":25},"end":{"line":37,"column":81}},"14":{"start":{"line":39,"column":4},"end":{"line":41,"column":5}},"15":{"start":{"line":40,"column":6},"end":{"line":40,"column":70}},"16":{"start":{"line":43,"column":4},"end":{"line":43,"column":57}},"17":{"start":{"line":44,"column":19},"end":{"line":44,"column":66}},"18":{"start":{"line":46,"column":4},"end":{"line":46,"column":33}},"19":{"start":{"line":47,"column":4},"end":{"line":47,"column":18}},"20":{"start":{"line":49,"column":4},"end":{"line":49,"column":35}},"21":{"start":{"line":51,"column":4},"end":{"line":53,"column":5}},"22":{"start":{"line":52,"column":6},"end":{"line":52,"column":70}},"23":{"start":{"line":55,"column":4},"end":{"line":55,"column":16}},"24":{"start":{"line":57,"column":4},"end":{"line":57,"column":21}}},"fnMap":{"0":{"name":"createError","decl":{"start":{"line":8,"column":9},"end":{"line":8,"column":20}},"loc":{"start":{"line":8,"column":42},"end":{"line":12,"column":1}},"line":8},"1":{"name":"castVote","decl":{"start":{"line":14,"column":15},"end":{"line":14,"column":23}},"loc":{"start":{"line":14,"column":52},"end":{"line":59,"column":1}},"line":14}},"branchMap":{"0":{"loc":{"start":{"line":15,"column":2},"end":{"line":17,"column":3}},"type":"if","locations":[{"start":{"line":15,"column":2},"end":{"line":17,"column":3}},{"start":{},"end":{}}],"line":15},"1":{"loc":{"start":{"line":15,"column":6},"end":{"line":15,"column":26}},"type":"binary-expr","locations":[{"start":{"line":15,"column":6},"end":{"line":15,"column":15}},{"start":{"line":15,"column":19},"end":{"line":15,"column":26}}],"line":15},"2":{"loc":{"start":{"line":19,"column":2},"end":{"line":21,"column":3}},"type":"if","locations":[{"start":{"line":19,"column":2},"end":{"line":21,"column":3}},{"start":{},"end":{}}],"line":19},"3":{"loc":{"start":{"line":19,"column":6},"end":{"line":19,"column":46}},"type":"binary-expr","locations":[{"start":{"line":19,"column":6},"end":{"line":19,"column":23}},{"start":{"line":19,"column":27},"end":{"line":19,"column":46}}],"line":19},"4":{"loc":{"start":{"line":33,"column":4},"end":{"line":35,"column":5}},"type":"if","locations":[{"start":{"line":33,"column":4},"end":{"line":35,"column":5}},{"start":{},"end":{}}],"line":33},"5":{"loc":{"start":{"line":39,"column":4},"end":{"line":41,"column":5}},"type":"if","locations":[{"start":{"line":39,"column":4},"end":{"line":41,"column":5}},{"start":{},"end":{}}],"line":39},"6":{"loc":{"start":{"line":51,"column":4},"end":{"line":53,"column":5}},"type":"if","locations":[{"start":{"line":51,"column":4},"end":{"line":53,"column":5}},{"start":{},"end":{}}],"line":51}},"s":{"0":5,"1":5,"2":5,"3":6,"4":1,"5":5,"6":1,"7":4,"8":4,"9":4,"10":4,"11":4,"12":1,"13":3,"14":3,"15":1,"16":2,"17":1,"18":1,"19":1,"20":3,"21":3,"22":1,"23":2,"24":4},"f":{"0":5,"1":6},"b":{"0":[1,5],"1":[6,5],"2":[1,4],"3":[5,1],"4":[1,3],"5":[1,2],"6":[1,2]},"meta":{"lastBranch":7,"lastFunction":2,"lastStatement":25,"seen":{"f:8:9:8:20":0,"s:9:16:9:34":0,"s:10:2:10:32":1,"s:11:2:11:15":2,"f:14:15:14:23":1,"b:15:2:17:3:undefined:undefined:undefined:undefined":0,"s:15:2:17:3":3,"b:15:6:15:15:15:19:15:26":1,"s:16:4:16:65":4,"b:19:2:21:3:undefined:undefined:undefined:undefined":2,"s:19:2:21:3":5,"b:19:6:19:23:19:27:19:46":3,"s:20:4:20:59":6,"s:23:17:23:35":7,"s:25:2:58:3":8,"s:26:4:26:32":9,"s:28:25:31:5":10,"b:33:4:35:5:undefined:undefined:undefined:undefined":4,"s:33:4:35:5":11,"s:34:6:34:49":12,"s:37:25:37:81":13,"b:39:4:41:5:undefined:undefined:undefined:undefined":5,"s:39:4:41:5":14,"s:40:6:40:70":15,"s:43:4:43:57":16,"s:44:19:44:66":17,"s:46:4:46:33":18,"s:47:4:47:18":19,"s:49:4:49:35":20,"b:51:4:53:5:undefined:undefined:undefined:undefined":6,"s:51:4:53:5":21,"s:52:6:52:70":22,"s:55:4:55:16":23,"s:57:4:57:21":24}}}
,"C:\\Users\\monae\\Downloads\\GrinCode-main\\src\\App.css": {"path":"C:\\Users\\monae\\Downloads\\GrinCode-main\\src\\App.css","statementMap":{},"fnMap":{},"branchMap":{},"s":{},"f":{},"b":{},"meta":{"lastBranch":0,"lastFunction":0,"lastStatement":0,"seen":{}}}
,"C:\\Users\\monae\\Downloads\\GrinCode-main\\src\\App.tsx": {"path":"C:\\Users\\monae\\Downloads\\GrinCode-main\\src\\App.tsx","statementMap":{"0":{"start":{"line":70,"column":18},"end":{"line":70,"column":null}},"1":{"start":{"line":72,"column":18},"end":{"line":77,"column":null}},"2":{"start":{"line":79,"column":31},"end":{"line":79,"column":null}},"3":{"start":{"line":82,"column":20},"end":{"line":82,"column":null}},"4":{"start":{"line":84,"column":2},"end":{"line":86,"column":null}},"5":{"start":{"line":85,"column":4},"end":{"line":85,"column":null}},"6":{"start":{"line":88,"column":2},"end":{"line":88,"column":null}},"7":{"start":{"line":92,"column":25},"end":{"line":109,"column":null}},"8":{"start":{"line":111,"column":2},"end":{"line":140,"column":null}},"9":{"start":{"line":112,"column":27},"end":{"line":112,"column":null}},"10":{"start":{"line":114,"column":4},"end":{"line":121,"column":null}},"11":{"start":{"line":115,"column":6},"end":{"line":119,"column":null}},"12":{"start":{"line":120,"column":6},"end":{"line":120,"column":null}},"13":{"start":{"line":123,"column":4},"end":{"line":139,"column":null}},"14":{"start":{"line":142,"column":2},"end":{"line":167,"column":null}},"15":{"start":{"line":144,"column":6},"end":{"line":146,"column":null}},"16":{"start":{"line":145,"column":8},"end":{"line":145,"column":null}},"17":{"start":{"line":148,"column":42},"end":{"line":148,"column":null}},"18":{"start":{"line":150,"column":6},"end":{"line":165,"column":null}},"19":{"start":{"line":167,"column":43},"end":{"line":167,"column":58}},"20":{"start":{"line":171,"column":42},"end":{"line":171,"column":null}},"21":{"start":{"line":172,"column":48},"end":{"line":172,"column":null}},"22":{"start":{"line":173,"column":32},"end":{"line":175,"column":null}},"23":{"start":{"line":176,"column":52},"end":{"line":176,"column":null}},"24":{"start":{"line":177,"column":24},"end":{"line":177,"column":null}},"25":{"start":{"line":178,"column":46},"end":{"line":178,"column":null}},"26":{"start":{"line":179,"column":32},"end":{"line":179,"column":null}},"27":{"start":{"line":180,"column":38},"end":{"line":180,"column":null}},"28":{"start":{"line":181,"column":44},"end":{"line":181,"column":null}},"29":{"start":{"line":182,"column":30},"end":{"line":182,"column":null}},"30":{"start":{"line":183,"column":34},"end":{"line":183,"column":null}},"31":{"start":{"line":184,"column":28},"end":{"line":184,"column":null}},"32":{"start":{"line":185,"column":30},"end":{"line":185,"column":null}},"33":{"start":{"line":186,"column":38},"end":{"line":186,"column":null}},"34":{"start":{"line":187,"column":23},"end":{"line":187,"column":null}},"35":{"start":{"line":188,"column":34},"end":{"line":188,"column":null}},"36":{"start":{"line":189,"column":36},"end":{"line":189,"column":null}},"37":{"start":{"line":190,"column":36},"end":{"line":190,"column":null}},"38":{"start":{"line":191,"column":8},"end":{"line":191,"column":null}},"39":{"start":{"line":193,"column":26},"end":{"line":193,"column":null}},"40":{"start":{"line":194,"column":20},"end":{"line":194,"column":null}},"41":{"start":{"line":195,"column":19},"end":{"line":195,"column":null}},"42":{"start":{"line":196,"column":24},"end":{"line":196,"column":null}},"43":{"start":{"line":198,"column":25},"end":{"line":206,"column":null}},"44":{"start":{"line":199,"column":4},"end":{"line":201,"column":null}},"45":{"start":{"line":200,"column":6},"end":{"line":200,"column":null}},"46":{"start":{"line":203,"column":4},"end":{"line":205,"column":null}},"47":{"start":{"line":208,"column":22},"end":{"line":217,"column":null}},"48":{"start":{"line":209,"column":21},"end":{"line":209,"column":null}},"49":{"start":{"line":211,"column":4},"end":{"line":213,"column":null}},"50":{"start":{"line":212,"column":6},"end":{"line":212,"column":null}},"51":{"start":{"line":215,"column":33},"end":{"line":215,"column":null}},"52":{"start":{"line":216,"column":4},"end":{"line":216,"column":null}},"53":{"start":{"line":219,"column":26},"end":{"line":238,"column":null}},"54":{"start":{"line":220,"column":4},"end":{"line":223,"column":null}},"55":{"start":{"line":221,"column":6},"end":{"line":221,"column":null}},"56":{"start":{"line":222,"column":6},"end":{"line":222,"column":null}},"57":{"start":{"line":225,"column":21},"end":{"line":227,"column":null}},"58":{"start":{"line":229,"column":4},"end":{"line":234,"column":null}},"59":{"start":{"line":230,"column":6},"end":{"line":230,"column":null}},"60":{"start":{"line":231,"column":6},"end":{"line":231,"column":null}},"61":{"start":{"line":232,"column":6},"end":{"line":232,"column":null}},"62":{"start":{"line":233,"column":6},"end":{"line":233,"column":null}},"63":{"start":{"line":236,"column":25},"end":{"line":236,"column":null}},"64":{"start":{"line":237,"column":4},"end":{"line":237,"column":null}},"65":{"start":{"line":240,"column":26},"end":{"line":249,"column":null}},"66":{"start":{"line":241,"column":21},"end":{"line":241,"column":null}},"67":{"start":{"line":243,"column":4},"end":{"line":245,"column":null}},"68":{"start":{"line":244,"column":6},"end":{"line":244,"column":null}},"69":{"start":{"line":247,"column":36},"end":{"line":247,"column":null}},"70":{"start":{"line":248,"column":4},"end":{"line":248,"column":null}},"71":{"start":{"line":251,"column":25},"end":{"line":263,"column":null}},"72":{"start":{"line":252,"column":4},"end":{"line":262,"column":null}},"73":{"start":{"line":253,"column":6},"end":{"line":253,"column":null}},"74":{"start":{"line":254,"column":6},"end":{"line":254,"column":null}},"75":{"start":{"line":255,"column":6},"end":{"line":255,"column":null}},"76":{"start":{"line":258,"column":8},"end":{"line":258,"column":null}},"77":{"start":{"line":259,"column":6},"end":{"line":259,"column":null}},"78":{"start":{"line":261,"column":6},"end":{"line":261,"column":null}},"79":{"start":{"line":265,"column":30},"end":{"line":287,"column":null}},"80":{"start":{"line":266,"column":4},"end":{"line":268,"column":null}},"81":{"start":{"line":267,"column":6},"end":{"line":267,"column":null}},"82":{"start":{"line":270,"column":21},"end":{"line":277,"column":null}},"83":{"start":{"line":279,"column":4},"end":{"line":282,"column":null}},"84":{"start":{"line":280,"column":24},"end":{"line":280,"column":null}},"85":{"start":{"line":280,"column":58},"end":{"line":280,"column":62}},"86":{"start":{"line":281,"column":6},"end":{"line":281,"column":null}},"87":{"start":{"line":284,"column":25},"end":{"line":284,"column":null}},"88":{"start":{"line":285,"column":4},"end":{"line":285,"column":null}},"89":{"start":{"line":286,"column":4},"end":{"line":286,"column":null}},"90":{"start":{"line":289,"column":2},"end":{"line":291,"column":null}},"91":{"start":{"line":290,"column":2},"end":{"line":290,"column":null}},"92":{"start":{"line":293,"column":2},"end":{"line":307,"column":null}},"93":{"start":{"line":294,"column":23},"end":{"line":300,"column":null}},"94":{"start":{"line":295,"column":4},"end":{"line":299,"column":null}},"95":{"start":{"line":296,"column":6},"end":{"line":296,"column":null}},"96":{"start":{"line":297,"column":6},"end":{"line":297,"column":null}},"97":{"start":{"line":298,"column":6},"end":{"line":298,"column":null}},"98":{"start":{"line":302,"column":2},"end":{"line":302,"column":null}},"99":{"start":{"line":304,"column":2},"end":{"line":306,"column":null}},"100":{"start":{"line":305,"column":4},"end":{"line":305,"column":null}},"101":{"start":{"line":309,"column":2},"end":{"line":350,"column":null}},"102":{"start":{"line":310,"column":4},"end":{"line":313,"column":null}},"103":{"start":{"line":311,"column":6},"end":{"line":311,"column":null}},"104":{"start":{"line":312,"column":6},"end":{"line":312,"column":null}},"105":{"start":{"line":315,"column":19},"end":{"line":315,"column":null}},"106":{"start":{"line":317,"column":37},"end":{"line":343,"column":null}},"107":{"start":{"line":318,"column":6},"end":{"line":342,"column":null}},"108":{"start":{"line":319,"column":25},"end":{"line":321,"column":null}},"109":{"start":{"line":323,"column":8},"end":{"line":331,"column":null}},"110":{"start":{"line":324,"column":10},"end":{"line":324,"column":null}},"111":{"start":{"line":326,"column":10},"end":{"line":329,"column":null}},"112":{"start":{"line":327,"column":12},"end":{"line":327,"column":null}},"113":{"start":{"line":328,"column":12},"end":{"line":328,"column":null}},"114":{"start":{"line":330,"column":10},"end":{"line":330,"column":null}},"115":{"start":{"line":333,"column":29},"end":{"line":333,"column":null}},"116":{"start":{"line":335,"column":8},"end":{"line":337,"column":null}},"117":{"start":{"line":336,"column":10},"end":{"line":336,"column":null}},"118":{"start":{"line":339,"column":8},"end":{"line":341,"column":null}},"119":{"start":{"line":340,"column":10},"end":{"line":340,"column":null}},"120":{"start":{"line":345,"column":4},"end":{"line":345,"column":null}},"121":{"start":{"line":347,"column":4},"end":{"line":349,"column":null}},"122":{"start":{"line":348,"column":6},"end":{"line":348,"column":null}},"123":{"start":{"line":352,"column":2},"end":{"line":366,"column":null}},"124":{"start":{"line":353,"column":24},"end":{"line":353,"column":null}},"125":{"start":{"line":355,"column":4},"end":{"line":357,"column":null}},"126":{"start":{"line":356,"column":6},"end":{"line":356,"column":null}},"127":{"start":{"line":359,"column":4},"end":{"line":365,"column":null}},"128":{"start":{"line":368,"column":2},"end":{"line":374,"column":null}},"129":{"start":{"line":369,"column":4},"end":{"line":371,"column":null}},"130":{"start":{"line":370,"column":6},"end":{"line":370,"column":null}},"131":{"start":{"line":373,"column":4},"end":{"line":373,"column":null}},"132":{"start":{"line":376,"column":2},"end":{"line":423,"column":null}},"133":{"start":{"line":377,"column":34},"end":{"line":419,"column":null}},"134":{"start":{"line":378,"column":6},"end":{"line":380,"column":null}},"135":{"start":{"line":379,"column":8},"end":{"line":379,"column":null}},"136":{"start":{"line":382,"column":6},"end":{"line":385,"column":null}},"137":{"start":{"line":383,"column":8},"end":{"line":383,"column":null}},"138":{"start":{"line":384,"column":8},"end":{"line":384,"column":null}},"139":{"start":{"line":387,"column":6},"end":{"line":418,"column":null}},"140":{"start":{"line":388,"column":28},"end":{"line":388,"column":null}},"141":{"start":{"line":390,"column":8},"end":{"line":392,"column":null}},"142":{"start":{"line":391,"column":10},"end":{"line":391,"column":null}},"143":{"start":{"line":394,"column":8},"end":{"line":396,"column":null}},"144":{"start":{"line":395,"column":10},"end":{"line":395,"column":null}},"145":{"start":{"line":398,"column":8},"end":{"line":402,"column":null}},"146":{"start":{"line":399,"column":10},"end":{"line":399,"column":null}},"147":{"start":{"line":400,"column":10},"end":{"line":400,"column":null}},"148":{"start":{"line":401,"column":10},"end":{"line":401,"column":null}},"149":{"start":{"line":404,"column":8},"end":{"line":411,"column":null}},"150":{"start":{"line":405,"column":10},"end":{"line":410,"column":null}},"151":{"start":{"line":413,"column":8},"end":{"line":417,"column":null}},"152":{"start":{"line":415,"column":12},"end":{"line":415,"column":null}},"153":{"start":{"line":416,"column":10},"end":{"line":416,"column":null}},"154":{"start":{"line":421,"column":4},"end":{"line":421,"column":null}},"155":{"start":{"line":422,"column":4},"end":{"line":422,"column":null}},"156":{"start":{"line":422,"column":17},"end":{"line":422,"column":null}},"157":{"start":{"line":425,"column":19},"end":{"line":462,"column":null}},"158":{"start":{"line":430,"column":4},"end":{"line":432,"column":null}},"159":{"start":{"line":431,"column":6},"end":{"line":431,"column":null}},"160":{"start":{"line":434,"column":21},"end":{"line":444,"column":null}},"161":{"start":{"line":446,"column":4},"end":{"line":449,"column":null}},"162":{"start":{"line":447,"column":24},"end":{"line":447,"column":null}},"163":{"start":{"line":447,"column":58},"end":{"line":447,"column":62}},"164":{"start":{"line":448,"column":6},"end":{"line":448,"column":null}},"165":{"start":{"line":451,"column":26},"end":{"line":451,"column":null}},"166":{"start":{"line":452,"column":4},"end":{"line":452,"column":null}},"167":{"start":{"line":454,"column":4},"end":{"line":461,"column":null}},"168":{"start":{"line":455,"column":6},"end":{"line":460,"column":null}},"169":{"start":{"line":464,"column":19},"end":{"line":484,"column":null}},"170":{"start":{"line":465,"column":4},"end":{"line":467,"column":null}},"171":{"start":{"line":466,"column":6},"end":{"line":466,"column":null}},"172":{"start":{"line":469,"column":21},"end":{"line":476,"column":null}},"173":{"start":{"line":478,"column":4},"end":{"line":481,"column":null}},"174":{"start":{"line":479,"column":24},"end":{"line":479,"column":null}},"175":{"start":{"line":479,"column":58},"end":{"line":479,"column":62}},"176":{"start":{"line":480,"column":6},"end":{"line":480,"column":null}},"177":{"start":{"line":483,"column":4},"end":{"line":483,"column":null}},"178":{"start":{"line":486,"column":24},"end":{"line":506,"column":null}},"179":{"start":{"line":487,"column":4},"end":{"line":489,"column":null}},"180":{"start":{"line":488,"column":6},"end":{"line":488,"column":null}},"181":{"start":{"line":491,"column":21},"end":{"line":498,"column":null}},"182":{"start":{"line":500,"column":4},"end":{"line":503,"column":null}},"183":{"start":{"line":501,"column":24},"end":{"line":501,"column":null}},"184":{"start":{"line":501,"column":58},"end":{"line":501,"column":62}},"185":{"start":{"line":502,"column":6},"end":{"line":502,"column":null}},"186":{"start":{"line":505,"column":4},"end":{"line":505,"column":null}},"187":{"start":{"line":508,"column":23},"end":{"line":517,"column":null}},"188":{"start":{"line":509,"column":21},"end":{"line":509,"column":null}},"189":{"start":{"line":511,"column":4},"end":{"line":514,"column":null}},"190":{"start":{"line":512,"column":24},"end":{"line":512,"column":null}},"191":{"start":{"line":512,"column":58},"end":{"line":512,"column":62}},"192":{"start":{"line":513,"column":6},"end":{"line":513,"column":null}},"193":{"start":{"line":516,"column":4},"end":{"line":516,"column":null}},"194":{"start":{"line":519,"column":21},"end":{"line":537,"column":null}},"195":{"start":{"line":523,"column":21},"end":{"line":529,"column":null}},"196":{"start":{"line":531,"column":4},"end":{"line":534,"column":null}},"197":{"start":{"line":532,"column":24},"end":{"line":532,"column":null}},"198":{"start":{"line":532,"column":58},"end":{"line":532,"column":62}},"199":{"start":{"line":533,"column":6},"end":{"line":533,"column":null}},"200":{"start":{"line":536,"column":4},"end":{"line":536,"column":null}},"201":{"start":{"line":539,"column":27},"end":{"line":592,"column":null}},"202":{"start":{"line":540,"column":4},"end":{"line":545,"column":null}},"203":{"start":{"line":541,"column":6},"end":{"line":541,"column":null}},"204":{"start":{"line":542,"column":6},"end":{"line":542,"column":null}},"205":{"start":{"line":543,"column":6},"end":{"line":543,"column":null}},"206":{"start":{"line":544,"column":6},"end":{"line":544,"column":null}},"207":{"start":{"line":547,"column":4},"end":{"line":549,"column":null}},"208":{"start":{"line":548,"column":6},"end":{"line":548,"column":null}},"209":{"start":{"line":551,"column":4},"end":{"line":591,"column":null}},"210":{"start":{"line":552,"column":6},"end":{"line":552,"column":null}},"211":{"start":{"line":553,"column":26},"end":{"line":553,"column":null}},"212":{"start":{"line":555,"column":6},"end":{"line":557,"column":null}},"213":{"start":{"line":556,"column":8},"end":{"line":556,"column":null}},"214":{"start":{"line":559,"column":23},"end":{"line":572,"column":null}},"215":{"start":{"line":574,"column":6},"end":{"line":577,"column":null}},"216":{"start":{"line":575,"column":26},"end":{"line":575,"column":null}},"217":{"start":{"line":575,"column":60},"end":{"line":575,"column":64}},"218":{"start":{"line":576,"column":8},"end":{"line":576,"column":null}},"219":{"start":{"line":579,"column":6},"end":{"line":579,"column":null}},"220":{"start":{"line":580,"column":6},"end":{"line":580,"column":null}},"221":{"start":{"line":581,"column":6},"end":{"line":581,"column":null}},"222":{"start":{"line":582,"column":6},"end":{"line":582,"column":null}},"223":{"start":{"line":583,"column":6},"end":{"line":583,"column":null}},"224":{"start":{"line":584,"column":6},"end":{"line":584,"column":null}},"225":{"start":{"line":586,"column":6},"end":{"line":586,"column":null}},"226":{"start":{"line":589,"column":8},"end":{"line":589,"column":null}},"227":{"start":{"line":590,"column":6},"end":{"line":590,"column":null}},"228":{"start":{"line":594,"column":23},"end":{"line":608,"column":null}},"229":{"start":{"line":595,"column":4},"end":{"line":598,"column":null}},"230":{"start":{"line":596,"column":6},"end":{"line":596,"column":null}},"231":{"start":{"line":597,"column":6},"end":{"line":597,"column":null}},"232":{"start":{"line":600,"column":4},"end":{"line":607,"column":null}},"233":{"start":{"line":604,"column":6},"end":{"line":604,"column":null}},"234":{"start":{"line":605,"column":6},"end":{"line":605,"column":null}},"235":{"start":{"line":606,"column":6},"end":{"line":606,"column":null}},"236":{"start":{"line":610,"column":2},"end":{"line":992,"column":null}},"237":{"start":{"line":628,"column":25},"end":{"line":628,"column":null}},"238":{"start":{"line":639,"column":25},"end":{"line":639,"column":null}},"239":{"start":{"line":651,"column":14},"end":{"line":655,"column":null}},"240":{"start":{"line":652,"column":16},"end":{"line":652,"column":null}},"241":{"start":{"line":653,"column":16},"end":{"line":653,"column":null}},"242":{"start":{"line":654,"column":16},"end":{"line":654,"column":null}},"243":{"start":{"line":657,"column":14},"end":{"line":657,"column":null}},"244":{"start":{"line":658,"column":14},"end":{"line":658,"column":null}},"245":{"start":{"line":675,"column":12},"end":{"line":679,"column":null}},"246":{"start":{"line":676,"column":14},"end":{"line":676,"column":null}},"247":{"start":{"line":678,"column":14},"end":{"line":678,"column":null}},"248":{"start":{"line":690,"column":25},"end":{"line":690,"column":null}},"249":{"start":{"line":712,"column":16},"end":{"line":738,"column":null}},"250":{"start":{"line":754,"column":47},"end":{"line":758,"column":8}},"251":{"start":{"line":785,"column":34},"end":{"line":785,"column":null}},"252":{"start":{"line":787,"column":14},"end":{"line":789,"column":null}},"253":{"start":{"line":788,"column":16},"end":{"line":788,"column":null}},"254":{"start":{"line":791,"column":14},"end":{"line":797,"column":null}},"255":{"start":{"line":805,"column":25},"end":{"line":805,"column":null}},"256":{"start":{"line":823,"column":28},"end":{"line":823,"column":null}},"257":{"start":{"line":845,"column":31},"end":{"line":845,"column":null}},"258":{"start":{"line":854,"column":31},"end":{"line":854,"column":null}},"259":{"start":{"line":863,"column":31},"end":{"line":863,"column":null}},"260":{"start":{"line":872,"column":31},"end":{"line":872,"column":null}},"261":{"start":{"line":884,"column":31},"end":{"line":884,"column":null}},"262":{"start":{"line":903,"column":25},"end":{"line":903,"column":null}},"263":{"start":{"line":921,"column":28},"end":{"line":921,"column":null}},"264":{"start":{"line":933,"column":29},"end":{"line":933,"column":null}},"265":{"start":{"line":936,"column":16},"end":{"line":936,"column":null}},"266":{"start":{"line":937,"column":16},"end":{"line":937,"column":null}},"267":{"start":{"line":938,"column":16},"end":{"line":938,"column":null}},"268":{"start":{"line":939,"column":16},"end":{"line":939,"column":null}},"269":{"start":{"line":940,"column":16},"end":{"line":940,"column":null}},"270":{"start":{"line":949,"column":25},"end":{"line":949,"column":null}},"271":{"start":{"line":967,"column":28},"end":{"line":967,"column":null}},"272":{"start":{"line":979,"column":29},"end":{"line":979,"column":null}},"273":{"start":{"line":982,"column":16},"end":{"line":982,"column":null}},"274":{"start":{"line":983,"column":16},"end":{"line":983,"column":null}},"275":{"start":{"line":984,"column":16},"end":{"line":984,"column":null}},"276":{"start":{"line":985,"column":16},"end":{"line":985,"column":null}},"277":{"start":{"line":986,"column":16},"end":{"line":986,"column":null}}},"fnMap":{"0":{"name":"toLocalDateTimeIso","decl":{"start":{"line":81,"column":9},"end":{"line":81,"column":28}},"loc":{"start":{"line":81,"column":56},"end":{"line":89,"column":null}},"line":81},"1":{"name":"mapMarketRowsToPosts","decl":{"start":{"line":91,"column":9},"end":{"line":91,"column":30}},"loc":{"start":{"line":91,"column":63},"end":{"line":168,"column":null}},"line":91},"2":{"name":"(anonymous_2)","decl":{"start":{"line":143,"column":9},"end":{"line":143,"column":10}},"loc":{"start":{"line":143,"column":21},"end":{"line":166,"column":5}},"line":143},"3":{"name":"(anonymous_3)","decl":{"start":{"line":167,"column":12},"end":{"line":167,"column":13}},"loc":{"start":{"line":167,"column":43},"end":{"line":167,"column":58}},"line":167},"4":{"name":"App","decl":{"start":{"line":170,"column":24},"end":{"line":170,"column":43}},"loc":{"start":{"line":170,"column":43},"end":{"line":994,"column":null}},"line":170},"5":{"name":"(anonymous_5)","decl":{"start":{"line":198,"column":25},"end":{"line":198,"column":55}},"loc":{"start":{"line":198,"column":55},"end":{"line":206,"column":null}},"line":198},"6":{"name":"(anonymous_6)","decl":{"start":{"line":208,"column":22},"end":{"line":208,"column":34}},"loc":{"start":{"line":208,"column":34},"end":{"line":217,"column":null}},"line":208},"7":{"name":"(anonymous_7)","decl":{"start":{"line":219,"column":26},"end":{"line":219,"column":38}},"loc":{"start":{"line":219,"column":38},"end":{"line":238,"column":null}},"line":219},"8":{"name":"(anonymous_8)","decl":{"start":{"line":240,"column":26},"end":{"line":240,"column":38}},"loc":{"start":{"line":240,"column":38},"end":{"line":249,"column":null}},"line":240},"9":{"name":"(anonymous_9)","decl":{"start":{"line":251,"column":25},"end":{"line":251,"column":37}},"loc":{"start":{"line":251,"column":37},"end":{"line":263,"column":null}},"line":251},"10":{"name":"(anonymous_10)","decl":{"start":{"line":265,"column":30},"end":{"line":265,"column":37}},"loc":{"start":{"line":265,"column":57},"end":{"line":287,"column":null}},"line":265},"11":{"name":"(anonymous_11)","decl":{"start":{"line":280,"column":52},"end":{"line":280,"column":58}},"loc":{"start":{"line":280,"column":58},"end":{"line":280,"column":62}},"line":280},"12":{"name":"(anonymous_12)","decl":{"start":{"line":289,"column":12},"end":{"line":289,"column":18}},"loc":{"start":{"line":289,"column":18},"end":{"line":291,"column":3}},"line":289},"13":{"name":"(anonymous_13)","decl":{"start":{"line":293,"column":12},"end":{"line":293,"column":18}},"loc":{"start":{"line":293,"column":18},"end":{"line":307,"column":3}},"line":293},"14":{"name":"(anonymous_14)","decl":{"start":{"line":294,"column":23},"end":{"line":294,"column":24}},"loc":{"start":{"line":294,"column":49},"end":{"line":300,"column":null}},"line":294},"15":{"name":"(anonymous_15)","decl":{"start":{"line":304,"column":9},"end":{"line":304,"column":15}},"loc":{"start":{"line":304,"column":15},"end":{"line":306,"column":null}},"line":304},"16":{"name":"(anonymous_16)","decl":{"start":{"line":309,"column":12},"end":{"line":309,"column":18}},"loc":{"start":{"line":309,"column":18},"end":{"line":350,"column":5}},"line":309},"17":{"name":"(anonymous_17)","decl":{"start":{"line":317,"column":37},"end":{"line":317,"column":49}},"loc":{"start":{"line":317,"column":49},"end":{"line":343,"column":null}},"line":317},"18":{"name":"(anonymous_18)","decl":{"start":{"line":347,"column":11},"end":{"line":347,"column":17}},"loc":{"start":{"line":347,"column":17},"end":{"line":349,"column":null}},"line":347},"19":{"name":"(anonymous_19)","decl":{"start":{"line":352,"column":12},"end":{"line":352,"column":18}},"loc":{"start":{"line":352,"column":18},"end":{"line":366,"column":5}},"line":352},"20":{"name":"(anonymous_20)","decl":{"start":{"line":368,"column":12},"end":{"line":368,"column":18}},"loc":{"start":{"line":368,"column":18},"end":{"line":374,"column":5}},"line":368},"21":{"name":"(anonymous_21)","decl":{"start":{"line":376,"column":12},"end":{"line":376,"column":18}},"loc":{"start":{"line":376,"column":18},"end":{"line":423,"column":5}},"line":376},"22":{"name":"(anonymous_22)","decl":{"start":{"line":377,"column":34},"end":{"line":377,"column":35}},"loc":{"start":{"line":377,"column":76},"end":{"line":419,"column":null}},"line":377},"23":{"name":"(anonymous_23)","decl":{"start":{"line":404,"column":31},"end":{"line":404,"column":32}},"loc":{"start":{"line":405,"column":10},"end":{"line":410,"column":null}},"line":405},"24":{"name":"(anonymous_24)","decl":{"start":{"line":413,"column":52},"end":{"line":413,"column":53}},"loc":{"start":{"line":413,"column":72},"end":{"line":417,"column":9}},"line":413},"25":{"name":"(anonymous_25)","decl":{"start":{"line":422,"column":11},"end":{"line":422,"column":17}},"loc":{"start":{"line":422,"column":17},"end":{"line":422,"column":null}},"line":422},"26":{"name":"(anonymous_26)","decl":{"start":{"line":425,"column":19},"end":{"line":425,"column":null}},"loc":{"start":{"line":429,"column":7},"end":{"line":462,"column":null}},"line":429},"27":{"name":"(anonymous_27)","decl":{"start":{"line":447,"column":52},"end":{"line":447,"column":58}},"loc":{"start":{"line":447,"column":58},"end":{"line":447,"column":62}},"line":447},"28":{"name":"(anonymous_28)","decl":{"start":{"line":454,"column":27},"end":{"line":454,"column":28}},"loc":{"start":{"line":455,"column":6},"end":{"line":460,"column":null}},"line":455},"29":{"name":"(anonymous_29)","decl":{"start":{"line":464,"column":19},"end":{"line":464,"column":26}},"loc":{"start":{"line":464,"column":72},"end":{"line":484,"column":null}},"line":464},"30":{"name":"(anonymous_30)","decl":{"start":{"line":479,"column":52},"end":{"line":479,"column":58}},"loc":{"start":{"line":479,"column":58},"end":{"line":479,"column":62}},"line":479},"31":{"name":"(anonymous_31)","decl":{"start":{"line":486,"column":24},"end":{"line":486,"column":31}},"loc":{"start":{"line":486,"column":78},"end":{"line":506,"column":null}},"line":486},"32":{"name":"(anonymous_32)","decl":{"start":{"line":501,"column":52},"end":{"line":501,"column":58}},"loc":{"start":{"line":501,"column":58},"end":{"line":501,"column":62}},"line":501},"33":{"name":"(anonymous_33)","decl":{"start":{"line":508,"column":23},"end":{"line":508,"column":30}},"loc":{"start":{"line":508,"column":77},"end":{"line":517,"column":null}},"line":508},"34":{"name":"(anonymous_34)","decl":{"start":{"line":512,"column":52},"end":{"line":512,"column":58}},"loc":{"start":{"line":512,"column":58},"end":{"line":512,"column":62}},"line":512},"35":{"name":"(anonymous_35)","decl":{"start":{"line":519,"column":21},"end":{"line":519,"column":null}},"loc":{"start":{"line":522,"column":31},"end":{"line":537,"column":null}},"line":522},"36":{"name":"(anonymous_36)","decl":{"start":{"line":532,"column":52},"end":{"line":532,"column":58}},"loc":{"start":{"line":532,"column":58},"end":{"line":532,"column":62}},"line":532},"37":{"name":"(anonymous_37)","decl":{"start":{"line":539,"column":27},"end":{"line":539,"column":39}},"loc":{"start":{"line":539,"column":39},"end":{"line":592,"column":null}},"line":539},"38":{"name":"(anonymous_38)","decl":{"start":{"line":575,"column":54},"end":{"line":575,"column":60}},"loc":{"start":{"line":575,"column":60},"end":{"line":575,"column":64}},"line":575},"39":{"name":"(anonymous_39)","decl":{"start":{"line":594,"column":23},"end":{"line":594,"column":29}},"loc":{"start":{"line":594,"column":29},"end":{"line":608,"column":null}},"line":594},"40":{"name":"(anonymous_40)","decl":{"start":{"line":603,"column":15},"end":{"line":603,"column":21}},"loc":{"start":{"line":603,"column":21},"end":{"line":607,"column":5}},"line":603},"41":{"name":"(anonymous_41)","decl":{"start":{"line":628,"column":19},"end":{"line":628,"column":25}},"loc":{"start":{"line":628,"column":25},"end":{"line":628,"column":null}},"line":628},"42":{"name":"(anonymous_42)","decl":{"start":{"line":639,"column":19},"end":{"line":639,"column":25}},"loc":{"start":{"line":639,"column":25},"end":{"line":639,"column":null}},"line":639},"43":{"name":"(anonymous_43)","decl":{"start":{"line":650,"column":21},"end":{"line":650,"column":27}},"loc":{"start":{"line":650,"column":27},"end":{"line":659,"column":null}},"line":650},"44":{"name":"(anonymous_44)","decl":{"start":{"line":674,"column":19},"end":{"line":674,"column":25}},"loc":{"start":{"line":674,"column":25},"end":{"line":680,"column":null}},"line":674},"45":{"name":"(anonymous_45)","decl":{"start":{"line":690,"column":19},"end":{"line":690,"column":25}},"loc":{"start":{"line":690,"column":25},"end":{"line":690,"column":null}},"line":690},"46":{"name":"(anonymous_46)","decl":{"start":{"line":711,"column":25},"end":{"line":711,"column":26}},"loc":{"start":{"line":712,"column":16},"end":{"line":738,"column":null}},"line":712},"47":{"name":"(anonymous_47)","decl":{"start":{"line":754,"column":36},"end":{"line":754,"column":37}},"loc":{"start":{"line":754,"column":47},"end":{"line":758,"column":8}},"line":754},"48":{"name":"(anonymous_48)","decl":{"start":{"line":784,"column":20},"end":{"line":784,"column":26}},"loc":{"start":{"line":784,"column":26},"end":{"line":798,"column":null}},"line":784},"49":{"name":"(anonymous_49)","decl":{"start":{"line":805,"column":19},"end":{"line":805,"column":25}},"loc":{"start":{"line":805,"column":25},"end":{"line":805,"column":null}},"line":805},"50":{"name":"(anonymous_50)","decl":{"start":{"line":823,"column":21},"end":{"line":823,"column":22}},"loc":{"start":{"line":823,"column":28},"end":{"line":823,"column":null}},"line":823},"51":{"name":"(anonymous_51)","decl":{"start":{"line":845,"column":24},"end":{"line":845,"column":25}},"loc":{"start":{"line":845,"column":31},"end":{"line":845,"column":null}},"line":845},"52":{"name":"(anonymous_52)","decl":{"start":{"line":854,"column":24},"end":{"line":854,"column":25}},"loc":{"start":{"line":854,"column":31},"end":{"line":854,"column":null}},"line":854},"53":{"name":"(anonymous_53)","decl":{"start":{"line":863,"column":24},"end":{"line":863,"column":25}},"loc":{"start":{"line":863,"column":31},"end":{"line":863,"column":null}},"line":863},"54":{"name":"(anonymous_54)","decl":{"start":{"line":872,"column":24},"end":{"line":872,"column":25}},"loc":{"start":{"line":872,"column":31},"end":{"line":872,"column":null}},"line":872},"55":{"name":"(anonymous_55)","decl":{"start":{"line":884,"column":24},"end":{"line":884,"column":25}},"loc":{"start":{"line":884,"column":31},"end":{"line":884,"column":null}},"line":884},"56":{"name":"(anonymous_56)","decl":{"start":{"line":903,"column":19},"end":{"line":903,"column":25}},"loc":{"start":{"line":903,"column":25},"end":{"line":903,"column":null}},"line":903},"57":{"name":"(anonymous_57)","decl":{"start":{"line":921,"column":21},"end":{"line":921,"column":22}},"loc":{"start":{"line":921,"column":28},"end":{"line":921,"column":null}},"line":921},"58":{"name":"(anonymous_58)","decl":{"start":{"line":933,"column":23},"end":{"line":933,"column":29}},"loc":{"start":{"line":933,"column":29},"end":{"line":933,"column":null}},"line":933},"59":{"name":"(anonymous_59)","decl":{"start":{"line":935,"column":30},"end":{"line":935,"column":31}},"loc":{"start":{"line":935,"column":47},"end":{"line":941,"column":null}},"line":935},"60":{"name":"(anonymous_60)","decl":{"start":{"line":949,"column":19},"end":{"line":949,"column":25}},"loc":{"start":{"line":949,"column":25},"end":{"line":949,"column":null}},"line":949},"61":{"name":"(anonymous_61)","decl":{"start":{"line":967,"column":21},"end":{"line":967,"column":22}},"loc":{"start":{"line":967,"column":28},"end":{"line":967,"column":null}},"line":967},"62":{"name":"(anonymous_62)","decl":{"start":{"line":979,"column":23},"end":{"line":979,"column":29}},"loc":{"start":{"line":979,"column":29},"end":{"line":979,"column":null}},"line":979},"63":{"name":"(anonymous_63)","decl":{"start":{"line":981,"column":33},"end":{"line":981,"column":34}},"loc":{"start":{"line":981,"column":50},"end":{"line":987,"column":null}},"line":981}},"branchMap":{"0":{"loc":{"start":{"line":76,"column":16},"end":{"line":76,"column":null}},"type":"cond-expr","locations":[{"start":{"line":76,"column":28},"end":{"line":76,"column":37}},{"start":{"line":76,"column":37},"end":{"line":76,"column":null}}],"line":76},"1":{"loc":{"start":{"line":84,"column":2},"end":{"line":86,"column":null}},"type":"if","locations":[{"start":{"line":84,"column":2},"end":{"line":86,"column":null}},{"start":{},"end":{}}],"line":84},"2":{"loc":{"start":{"line":114,"column":4},"end":{"line":121,"column":null}},"type":"if","locations":[{"start":{"line":114,"column":4},"end":{"line":121,"column":null}},{"start":{},"end":{}}],"line":114},"3":{"loc":{"start":{"line":144,"column":6},"end":{"line":146,"column":null}},"type":"if","locations":[{"start":{"line":144,"column":6},"end":{"line":146,"column":null}},{"start":{},"end":{}}],"line":144},"4":{"loc":{"start":{"line":196,"column":24},"end":{"line":196,"column":null}},"type":"binary-expr","locations":[{"start":{"line":196,"column":24},"end":{"line":196,"column":56}},{"start":{"line":196,"column":56},"end":{"line":196,"column":null}}],"line":196},"5":{"loc":{"start":{"line":199,"column":4},"end":{"line":201,"column":null}},"type":"if","locations":[{"start":{"line":199,"column":4},"end":{"line":201,"column":null}},{"start":{},"end":{}}],"line":199},"6":{"loc":{"start":{"line":211,"column":4},"end":{"line":213,"column":null}},"type":"if","locations":[{"start":{"line":211,"column":4},"end":{"line":213,"column":null}},{"start":{},"end":{}}],"line":211},"7":{"loc":{"start":{"line":220,"column":4},"end":{"line":223,"column":null}},"type":"if","locations":[{"start":{"line":220,"column":4},"end":{"line":223,"column":null}},{"start":{},"end":{}}],"line":220},"8":{"loc":{"start":{"line":229,"column":4},"end":{"line":234,"column":null}},"type":"if","locations":[{"start":{"line":229,"column":4},"end":{"line":234,"column":null}},{"start":{},"end":{}}],"line":229},"9":{"loc":{"start":{"line":243,"column":4},"end":{"line":245,"column":null}},"type":"if","locations":[{"start":{"line":243,"column":4},"end":{"line":245,"column":null}},{"start":{},"end":{}}],"line":243},"10":{"loc":{"start":{"line":258,"column":8},"end":{"line":258,"column":null}},"type":"cond-expr","locations":[{"start":{"line":258,"column":33},"end":{"line":258,"column":49}},{"start":{"line":258,"column":49},"end":{"line":258,"column":null}}],"line":258},"11":{"loc":{"start":{"line":266,"column":4},"end":{"line":268,"column":null}},"type":"if","locations":[{"start":{"line":266,"column":4},"end":{"line":268,"column":null}},{"start":{},"end":{}}],"line":266},"12":{"loc":{"start":{"line":279,"column":4},"end":{"line":282,"column":null}},"type":"if","locations":[{"start":{"line":279,"column":4},"end":{"line":282,"column":null}},{"start":{},"end":{}}],"line":279},"13":{"loc":{"start":{"line":281,"column":22},"end":{"line":281,"column":65}},"type":"binary-expr","locations":[{"start":{"line":281,"column":22},"end":{"line":281,"column":42}},{"start":{"line":281,"column":42},"end":{"line":281,"column":65}}],"line":281},"14":{"loc":{"start":{"line":295,"column":4},"end":{"line":299,"column":null}},"type":"if","locations":[{"start":{"line":295,"column":4},"end":{"line":299,"column":null}},{"start":{},"end":{}}],"line":295},"15":{"loc":{"start":{"line":310,"column":4},"end":{"line":313,"column":null}},"type":"if","locations":[{"start":{"line":310,"column":4},"end":{"line":313,"column":null}},{"start":{},"end":{}}],"line":310},"16":{"loc":{"start":{"line":323,"column":8},"end":{"line":331,"column":null}},"type":"if","locations":[{"start":{"line":323,"column":8},"end":{"line":331,"column":null}},{"start":{},"end":{}}],"line":323},"17":{"loc":{"start":{"line":326,"column":10},"end":{"line":329,"column":null}},"type":"if","locations":[{"start":{"line":326,"column":10},"end":{"line":329,"column":null}},{"start":{},"end":{}}],"line":326},"18":{"loc":{"start":{"line":335,"column":8},"end":{"line":337,"column":null}},"type":"if","locations":[{"start":{"line":335,"column":8},"end":{"line":337,"column":null}},{"start":{},"end":{}}],"line":335},"19":{"loc":{"start":{"line":339,"column":8},"end":{"line":341,"column":null}},"type":"if","locations":[{"start":{"line":339,"column":8},"end":{"line":341,"column":null}},{"start":{},"end":{}}],"line":339},"20":{"loc":{"start":{"line":355,"column":4},"end":{"line":357,"column":null}},"type":"if","locations":[{"start":{"line":355,"column":4},"end":{"line":357,"column":null}},{"start":{},"end":{}}],"line":355},"21":{"loc":{"start":{"line":369,"column":4},"end":{"line":371,"column":null}},"type":"if","locations":[{"start":{"line":369,"column":4},"end":{"line":371,"column":null}},{"start":{},"end":{}}],"line":369},"22":{"loc":{"start":{"line":378,"column":6},"end":{"line":380,"column":null}},"type":"if","locations":[{"start":{"line":378,"column":6},"end":{"line":380,"column":null}},{"start":{},"end":{}}],"line":378},"23":{"loc":{"start":{"line":382,"column":6},"end":{"line":385,"column":null}},"type":"if","locations":[{"start":{"line":382,"column":6},"end":{"line":385,"column":null}},{"start":{},"end":{}}],"line":382},"24":{"loc":{"start":{"line":387,"column":6},"end":{"line":418,"column":null}},"type":"if","locations":[{"start":{"line":387,"column":6},"end":{"line":418,"column":null}},{"start":{},"end":{}}],"line":387},"25":{"loc":{"start":{"line":390,"column":8},"end":{"line":392,"column":null}},"type":"if","locations":[{"start":{"line":390,"column":8},"end":{"line":392,"column":null}},{"start":{},"end":{}}],"line":390},"26":{"loc":{"start":{"line":390,"column":12},"end":{"line":390,"column":62}},"type":"binary-expr","locations":[{"start":{"line":390,"column":12},"end":{"line":390,"column":45}},{"start":{"line":390,"column":45},"end":{"line":390,"column":62}}],"line":390},"27":{"loc":{"sta
[...]
start":{"line":341,"column":12},"end":{"line":341,"column":null}},{"start":{},"end":{}}],"line":341},"36":{"loc":{"start":{"line":350,"column":16},"end":{"line":350,"column":null}},"type":"cond-expr","locations":[{"start":{"line":350,"column":41},"end":{"line":350,"column":57}},{"start":{"line":350,"column":57},"end":{"line":350,"column":null}}],"line":350},"37":{"loc":{"start":{"line":366,"column":11},"end":{"line":366,"column":null}},"type":"cond-expr","locations":[{"start":{"line":366,"column":26},"end":{"line":366,"column":44}},{"start":{"line":366,"column":44},"end":{"line":366,"column":null}}],"line":366},"38":{"loc":{"start":{"line":385,"column":1},"end":{"line":413,"column":null}},"type":"binary-expr","locations":[{"start":{"line":385,"column":1},"end":{"line":385,"column":null}},{"start":{"line":386,"column":2},"end":{"line":413,"column":null}}],"line":385},"39":{"loc":{"start":{"line":418,"column":7},"end":{"line":418,"column":null}},"type":"binary-expr","locations":[{"start":{"line":418,"column":7},"end":{"line":418,"column":20}},{"start":{"line":418,"column":20},"end":{"line":418,"column":null}}],"line":418},"40":{"loc":{"start":{"line":420,"column":7},"end":{"line":423,"column":null}},"type":"binary-expr","locations":[{"start":{"line":420,"column":7},"end":{"line":420,"column":32}},{"start":{"line":420,"column":32},"end":{"line":420,"column":null}},{"start":{"line":421,"column":8},"end":{"line":423,"column":null}}],"line":420},"41":{"loc":{"start":{"line":426,"column":7},"end":{"line":484,"column":null}},"type":"binary-expr","locations":[{"start":{"line":426,"column":7},"end":{"line":426,"column":null}},{"start":{"line":427,"column":8},"end":{"line":484,"column":null}}],"line":426},"42":{"loc":{"start":{"line":447,"column":16},"end":{"line":447,"column":null}},"type":"if","locations":[{"start":{"line":447,"column":16},"end":{"line":447,"column":null}},{"start":{},"end":{}}],"line":447},"43":{"loc":{"start":{"line":447,"column":20},"end":{"line":447,"column":69}},"type":"binary-expr","locations":[{"start":{"line":447,"column":20},"end":{"line":447,"column":48}},{"start":{"line":447,"column":48},"end":{"line":447,"column":69}}],"line":447},"44":{"loc":{"start":{"line":462,"column":20},"end":{"line":462,"column":null}},"type":"cond-expr","locations":[{"start":{"line":462,"column":45},"end":{"line":462,"column":61}},{"start":{"line":462,"column":61},"end":{"line":462,"column":null}}],"line":462},"45":{"loc":{"start":{"line":469,"column":15},"end":{"line":469,"column":null}},"type":"cond-expr","locations":[{"start":{"line":469,"column":37},"end":{"line":469,"column":52}},{"start":{"line":469,"column":52},"end":{"line":469,"column":null}}],"line":469},"46":{"loc":{"start":{"line":473,"column":11},"end":{"line":473,"column":null}},"type":"binary-expr","locations":[{"start":{"line":473,"column":11},"end":{"line":473,"column":27}},{"start":{"line":473,"column":27},"end":{"line":473,"column":null}}],"line":473},"47":{"loc":{"start":{"line":475,"column":11},"end":{"line":482,"column":null}},"type":"cond-expr","locations":[{"start":{"line":476,"column":12},"end":{"line":476,"column":null}},{"start":{"line":477,"column":14},"end":{"line":482,"column":null}}],"line":475},"48":{"loc":{"start":{"line":477,"column":14},"end":{"line":482,"column":null}},"type":"cond-expr","locations":[{"start":{"line":478,"column":12},"end":{"line":478,"column":null}},{"start":{"line":480,"column":12},"end":{"line":482,"column":null}}],"line":477},"49":{"loc":{"start":{"line":487,"column":7},"end":{"line":617,"column":null}},"type":"binary-expr","locations":[{"start":{"line":487,"column":7},"end":{"line":487,"column":null}},{"start":{"line":488,"column":8},"end":{"line":617,"column":null}}],"line":487},"50":{"loc":{"start":{"line":521,"column":20},"end":{"line":521,"column":null}},"type":"cond-expr","locations":[{"start":{"line":521,"column":45},"end":{"line":521,"column":67}},{"start":{"line":521,"column":67},"end":{"line":521,"column":null}}],"line":521},"51":{"loc":{"start":{"line":522,"column":35},"end":{"line":522,"column":null}},"type":"cond-expr","locations":[{"start":{"line":522,"column":60},"end":{"line":522,"column":72}},{"start":{"line":522,"column":72},"end":{"line":522,"column":null}}],"line":522},"52":{"loc":{"start":{"line":523,"column":30},"end":{"line":523,"column":null}},"type":"cond-expr","locations":[{"start":{"line":523,"column":55},"end":{"line":523,"column":64}},{"start":{"line":523,"column":64},"end":{"line":523,"column":null}}],"line":523},"53":{"loc":{"start":{"line":524,"column":25},"end":{"line":524,"column":null}},"type":"cond-expr","locations":[{"start":{"line":524,"column":50},"end":{"line":524,"column":62}},{"start":{"line":524,"column":62},"end":{"line":524,"column":null}}],"line":524},"54":{"loc":{"start":{"line":539,"column":20},"end":{"line":539,"column":null}},"type":"cond-expr","locations":[{"start":{"line":539,"column":44},"end":{"line":539,"column":66}},{"start":{"line":539,"column":66},"end":{"line":539,"column":null}}],"line":539},"55":{"loc":{"start":{"line":540,"column":35},"end":{"line":540,"column":null}},"type":"cond-expr","locations":[{"start":{"line":540,"column":59},"end":{"line":540,"column":71}},{"start":{"line":540,"column":71},"end":{"line":540,"column":null}}],"line":540},"56":{"loc":{"start":{"line":541,"column":30},"end":{"line":541,"column":null}},"type":"cond-expr","locations":[{"start":{"line":541,"column":54},"end":{"line":541,"column":63}},{"start":{"line":541,"column":63},"end":{"line":541,"column":null}}],"line":541},"57":{"loc":{"start":{"line":542,"column":25},"end":{"line":542,"column":null}},"type":"cond-expr","locations":[{"start":{"line":542,"column":50},"end":{"line":542,"column":62}},{"start":{"line":542,"column":62},"end":{"line":542,"column":null}}],"line":542},"58":{"loc":{"start":{"line":549,"column":13},"end":{"line":552,"column":null}},"type":"binary-expr","locations":[{"start":{"line":549,"column":13},"end":{"line":549,"column":null}},{"start":{"line":550,"column":14},"end":{"line":552,"column":null}}],"line":549},"59":{"loc":{"start":{"line":555,"column":13},"end":{"line":570,"column":null}},"type":"binary-expr","locations":[{"start":{"line":555,"column":13},"end":{"line":555,"column":null}},{"start":{"line":556,"column":14},"end":{"line":570,"column":null}}],"line":555},"60":{"loc":{"start":{"line":563,"column":33},"end":{"line":563,"column":66}},"type":"cond-expr","locations":[{"start":{"line":563,"column":48},"end":{"line":563,"column":53}},{"start":{"line":563,"column":53},"end":{"line":563,"column":66}}],"line":563},"61":{"loc":{"start":{"line":581,"column":16},"end":{"line":589,"column":null}},"type":"if","locations":[{"start":{"line":581,"column":16},"end":{"line":589,"column":null}},{"start":{},"end":{}}],"line":581},"62":{"loc":{"start":{"line":582,"column":18},"end":{"line":586,"column":null}},"type":"binary-expr","locations":[{"start":{"line":582,"column":18},"end":{"line":582,"column":null}},{"start":{"line":583,"column":18},"end":{"line":583,"column":null}},{"start":{"line":584,"column":18},"end":{"line":584,"column":null}},{"start":{"line":585,"column":18},"end":{"line":585,"column":null}},{"start":{"line":586,"column":18},"end":{"line":586,"column":null}}],"line":582},"63":{"loc":{"start":{"line":596,"column":20},"end":{"line":596,"column":null}},"type":"cond-expr","locations":[{"start":{"line":596,"column":45},"end":{"line":596,"column":61}},{"start":{"line":596,"column":61},"end":{"line":596,"column":null}}],"line":596},"64":{"loc":{"start":{"line":605,"column":20},"end":{"line":605,"column":null}},"type":"cond-expr","locations":[{"start":{"line":605,"column":45},"end":{"line":605,"column":61}},{"start":{"line":605,"column":61},"end":{"line":605,"column":null}}],"line":605},"65":{"loc":{"start":{"line":612,"column":15},"end":{"line":614,"column":null}},"type":"cond-expr","locations":[{"start":{"line":613,"column":18},"end":{"line":613,"column":null}},{"start":{"line":614,"column":18},"end":{"line":614,"column":null}}],"line":612},"66":{"loc":{"start":{"line":614,"column":27},"end":{"line":614,"column":63}},"type":"cond-expr","locations":[{"start":{"line":614,"column":48},"end":{"line":614,"column":52}},{"start":{"line":614,"column":52},"end":{"line":614,"column":63}}],"line":614},"67":{"loc":{"start":{"line":620,"column":7},"end":{"line":646,"column":null}},"type":"binary-expr","locations":[{"start":{"line":620,"column":7},"end":{"line":620,"column":null}},{"start":{"line":621,"column":8},"end":{"line":646,"column":null}}],"line":620}},"s":{"0":1,"1":1,"2":1,"3":1,"4":1,"5":1,"6":1,"7":0,"8":0,"9":0,"10":0,"11":0,"12":0,"13":0,"14":1,"15":1,"16":1,"17":1,"18":1,"19":1,"20":1,"21":1,"22":1,"23":1,"24":1,"25":1,"26":1,"27":1,"28":1,"29":1,"30":1,"31":1,"32":1,"33":1,"34":1,"35":1,"36":0,"37":0,"38":1,"39":1,"40":0,"41":1,"42":1,"43":1,"44":1,"45":1,"46":1,"47":0,"48":1,"49":1,"50":1,"51":1,"52":0,"53":0,"54":0,"55":1,"56":1,"57":1,"58":0,"59":0,"60":0,"61":0,"62":0,"63":0,"64":0,"65":0,"66":0,"67":0,"68":0,"69":0,"70":0,"71":0,"72":0,"73":0,"74":1,"75":1,"76":1,"77":1,"78":1,"79":1,"80":1,"81":1,"82":1,"83":1,"84":0,"85":0,"86":0,"87":0,"88":0,"89":0,"90":0,"91":0,"92":0,"93":0,"94":0,"95":0,"96":0,"97":0,"98":0,"99":0,"100":0,"101":0,"102":0,"103":0,"104":0,"105":0,"106":0,"107":0,"108":0,"109":0,"110":0,"111":0,"112":0,"113":0,"114":0,"115":0,"116":0,"117":0,"118":0,"119":0,"120":0,"121":0,"122":0,"123":0,"124":0,"125":0,"126":0,"127":0,"128":0,"129":0,"130":0,"131":0,"132":0,"133":0,"134":0,"135":0,"136":0,"137":0,"138":0,"139":0,"140":0,"141":0,"142":0,"143":0,"144":0,"145":0,"146":0},"f":{"0":1,"1":1,"2":1,"3":1,"4":1,"5":1,"6":1,"7":0,"8":1,"9":0,"10":0,"11":0,"12":0,"13":0,"14":0,"15":0,"16":0,"17":0,"18":0,"19":0,"20":0,"21":0,"22":0,"23":0,"24":0,"25":0,"26":0,"27":0,"28":0,"29":0,"30":0},"b":{"0":[1,0],"1":[0,0],"2":[0,0],"3":[0,0],"4":[0,1],"5":[1,0,0],"6":[0,1],"7":[1,0],"8":[0,1],"9":[1,0],"10":[1,0],"11":[1,0],"12":[0,0],"13":[0,0],"14":[0,0],"15":[0,0],"16":[0,1],"17":[0,1],"18":[0,1],"19":[0,1],"20":[1,0,0],"21":[0,1],"22":[0,1],"23":[1,0],"24":[1,1],"25":[0,0],"26":[1,1],"27":[1,0],"28":[1,0],"29":[0,0],"30":[0,1],"31":[1,0],"32":[1,0],"33":[0,0],"34":[0,0],"35":[0,0],"36":[0,0],"37":[0,1],"38":[1,0],"39":[1,0],"40":[1,0,0],"41":[1,0],"42":[0,0],"43":[0,0],"44":[0,0],"45":[0,0],"46":[0,0],"47":[0,0],"48":[0,0],"49":[1,0],"50":[0,0],"51":[0,0],"52":[0,0],"53":[0,0],"54":[0,0],"55":[0,0],"56":[0,0],"57":[0,0],"58":[0,0],"59":[0,0],"60":[0,0],"61":[0,0],"62":[0,0,0,0,0],"63":[0,0],"64":[0,0],"65":[0,0],"66":[0,0],"67":[1,0]},"meta":{"lastBranch":68,"lastFunction":31,"lastStatement":147,"seen":{"f:38:9:38:29":0,"s:39:23:39:Infinity":0,"s:40:15:40:Infinity":1,"s:41:16:41:Infinity":2,"s:42:18:42:Infinity":3,"s:43:18:43:Infinity":4,"b:44:2:46:Infinity:undefined:undefined:undefined:undefined":0,"s:44:2:46:Infinity":5,"s:45:4:45:Infinity":6,"b:47:2:49:Infinity:undefined:undefined:undefined:undefined":1,"s:47:2:49:Infinity":7,"s:48:4:48:Infinity":8,"b:50:2:52:Infinity:undefined:undefined:undefined:undefined":2,"s:50:2:52:Infinity":9,"s:51:4:51:Infinity":10,"b:53:2:55:Infinity:undefined:undefined:undefined:undefined":3,"s:53:2:55:Infinity":11,"s:54:4:54:Infinity":12,"s:56:2:56:Infinity":13,"f:59:24:59:29":1,"s:86:38:86:Infinity":14,"s:87:32:87:Infinity":15,"s:88:30:88:Infinity":16,"s:89:34:89:Infinity":17,"f:89:47:89:53":2,"s:89:53:89:107":18,"s:90:32:90:Infinity":19,"s:91:38:91:Infinity":20,"s:92:36:92:Infinity":21,"s:93:30:93:Infinity":22,"s:94:44:94:Infinity":23,"s:95:30:95:Infinity":24,"s:96:34:96:Infinity":25,"s:97:38:97:Infinity":26,"s:98:48:98:Infinity":27,"s:99:48:99:Infinity":28,"s:100:52:100:Infinity":29,"s:101:46:101:Infinity":30,"s:102:32:102:Infinity":31,"s:103:8:103:Infinity":32,"s:104:44:104:Infinity":33,"s:106:2:111:Infinity":34,"f:106:12:106:18":3,"b:107:4:110:Infinity:undefined:undefined:undefined:undefined":4,"s:107:4:110:Infinity":35,"b:107:8:107:21:107:21:107:37:107:37:107:55":5,"s:108:6:108:Infinity":36,"s:109:6:109:Infinity":37,"s:113:2:135:Infinity":38,"f:113:12:113:18":4,"b:114:4:116:Infinity:undefined:undefined:undefined:undefined":6,"s:114:4:116:Infinity":39,"s:115:6:115:Infinity":40,"s:117:27:128:Infinity":41,"f:117:27:117:33":5,"s:118:27:118:Infinity":42,"s:119:6:119:Infinity":43,"b:120:6:127:Infinity:undefined:undefined:undefined:undefined":7,"s:120:6:127:Infinity":44,"s:121:8:126:Infinity":45,"f:121:20:121:21":6,"b:122:10:124:Infinity:undefined:undefined:undefined:undefined":8,"s:122:10:124:Infinity":46,"s:123:12:123:Infinity":47,"s:125:10:125:Infinity":48,"s:129:4:129:Infinity":49,"b:130:4:132:Infinity:undefined:undefined:undefined:undefined":9,"s:130:4:132:Infinity":50,"s:131:6:131:Infinity":51,"s:133:21:133:Infinity":52,"s:134:4:134:Infinity":53,"f:134:11:134:17":7,"s:134:17:134:Infinity":54,"s:137:2:167:Infinity":55,"f:137:12:137:18":8,"b:138:4:140:Infinity:undefined:undefined:undefined:undefined":10,"s:138:4:140:Infinity":56,"b:138:8:138:25:138:25:138:44":11,"s:139:6:139:Infinity":57,"s:141:19:141:Infinity":58,"s:142:26:162:Infinity":59,"f:142:26:142:38":9,"s:143:6:143:Infinity":60,"s:144:6:144:Infinity":61,"s:145:6:161:Infinity":62,"s:146:31:146:Infinity":63,"b:147:8:150:Infinity:undefined:undefined:undefined:undefined":12,"s:147:8:150:Infinity":64,"s:148:10:148:Infinity":65,"s:149:10:149:Infinity":66,"b:152:8:156:Infinity:undefined:undefined:undefined:undefined":13,"s:152:8:156:Infinity":67,"s:153:10:155:Infinity":68,"b:154:37:154:53:154:53:154:Infinity":14,"b:158:8:160:Infinity:undefined:undefined:undefined:undefined":15,"s:158:8:160:Infinity":69,"s:159:10:159:Infinity":70,"s:163:4:163:Infinity":71,"s:164:4:166:Infinity":72,"f:164:11:164:17":10,"s:165:6:165:Infinity":73,"s:170:4:174:Infinity":74,"b:171:8:171:Infinity:172:8:174:Infinity":16,"b:173:10:173:Infinity:174:10:174:Infinity":17,"s:175:19:175:Infinity":75,"s:176:18:176:Infinity":76,"s:177:16:177:Infinity":77,"s:178:21:178:Infinity":78,"b:178:35:178:41:178:41:178:Infinity":18,"s:179:20:179:Infinity":79,"b:179:34:179:40:179:40:179:Infinity":19,"s:180:25:180:Infinity":80,"b:180:25:180:48:180:48:180:73:180:73:180:Infinity":20,"s:182:4:186:Infinity":81,"b:183:8:183:Infinity:184:8:186:Infinity":21,"b:185:10:185:Infinity:186:10:186:Infinity":22,"s:187:17:223:Infinity":82,"b:192:32:192:41:192:41:192:Infinity":23,"b:220:23:220:38:220:38:220:Infinity":24,"s:225:2:648:Infinity":83,"f:262:19:262:25":11,"b:263:12:265:Infinity:undefined:undefined:undefined:undefined":25,"s:263:12:265:Infinity":84,"s:264:14:264:Infinity":85,"s:267:12:267:Infinity":86,"s:268:12:268:Infinity":87,"b:276:29:276:44:276:44:276:Infinity":26,"b:277:37:277:53:277:53:277:Infinity":27,"b:280:28:280:58:280:58:280:Infinity":28,"f:284:19:284:25":12,"b:285:12:287:Infinity:undefined:undefined:undefined:undefined":29,"s:285:12:287:Infinity":88,"s:286:14:286:Infinity":89,"s:289:12:289:Infinity":90,"s:290:12:290:Infinity":91,"b:299:41:299:49:299:49:299:Infinity":30,"b:302:37:302:53:302:53:302:Infinity":31,"b:305:27:305:56:305:56:305:Infinity":32,"f:314:19:314:31":13,"b:315:12:315:Infinity:undefined:undefined:undefined:undefined":33,"s:315:12:315:Infinity":92,"s:315:34:315:Infinity":93,"s:317:12:317:Infinity":94,"s:318:12:318:Infinity":95,"s:320:12:328:Infinity":96,"s:321:14:321:Infinity":97,"s:323:14:325:Infinity":98,"b:324:41:324:57:324:57:324:Infinity":34,"s:327:14:327:Infinity":99,"f:340:19:340:31":14,"b:341:12:341:Infinity:undefined:undefined:undefined:undefined":35,"s:341:12:341:Infinity":100,"s:341:34:341:Infinity":101,"s:343:12:343:Infinity":102,"s:344:12:344:Infinity":103,"s:346:12:354:Infinity":104,"s:347:14:347:Infinity":105,"s:349:14:351:Infinity":106,"b:350:41:350:57:350:57:350:Infinity":36,"s:353:14:353:Infinity":107,"f:364:19:364:25":15,"s:364:25:364:Infinity":108,"f:364:41:364:42":16,"s:364:59:364:72":109,"b:366:26:366:44:366:44:366:Infinity":37,"f:375:13:375:19":17,"s:376:6:376:Infinity":110,"s:378:6:380:Infinity":111,"f:378:17:378:23":18,"s:379:8:379:Infinity":112,"b:385:1:385:Infinity:386:2:413:Infinity":38,"b:418:7:418:20:418:20:418:Infinity":39,"b:420:7:420:32:420:32:420:Infinity:421:8:423:Infinity":40,"b:426:7:426:Infinity:427:8:484:Infinity":41,"f:433:24:433:25":19,"s:433:35:433:Infinity":113,"f:446:23:446:35":20,"b:447:16:447:Infinity:undefined:undefined:undefined:undefined":42,"s:447:16:447:Infinity":114,"b:447:20:447:48:447:48:447:69":43,"s:447:69:447:Infinity":115,"s:449:16:449:Infinity":116,"s:450:16:450:Infinity":117,"s:452:16:466:Infinity":118,"s:453:41:453:Infinity":119,"s:454:18:457:Infinity":120,"f:454:30:454:31":21,"s:454:51:457:19":121,"s:458:18:458:Infinity":122,"s:459:18:459:Infinity":123,"s:461:18:463:Infinity":124,"b:462:45:462:61:462:61:462:Infinity":44,"s:465:18:465:Infinity":125,"b:469:37:469:52:469:52:469:Infinity":45,"b:473:11:473:27:473:27:473:Infinity":46,"b:476:12:476:Infinity:477:14:482:Infinity":47,"b:478:12:478:Infinity:480:12:482:Infinity":48,"f:480:25:480:26":22,"s:481:14:481:Infinity":126,"b:487:7:487:Infinity:488:8:617:Infinity":49,"f:489:19:489:25":23,"s:489:25:489:Infinity":127,"f:503:21:503:22":24,"s:503:32:503:Infinity":128,"f:513:25:513:31":25,"s:513:31:513:Infinity":129,"b:521:45:521:67:521:67:521:Infinity":50,"b:522:60:522:72:522:72:522:Infinity":51,"b:523:55:523:64:523:64:523:Infinity":52,"b:524:50:524:62:524:62:524:Infinity":53,"f:531:25:531:31":26,"s:531:31:531:Infinity":130,"b:539:44:539:66:539:66:539:Infinity":54,"b:540:59:540:71:540:71:540:Infinity":55,"b:541:54:541:63:541:63:541:Infinity":56,"b:542:50:542:62:542:62:542:Infinity":57,"b:549:13:549:Infinity:550:14:552:Infinity":58,"b:555:13:555:Infinity:556:14:570:Infinity":59,"f:561:26:561:27":27,"s:562:32:562:Infinity":131,"s:563:18:563:Infinity":132,"b:563:48:563:53:563:53:563:66":60,"f:580:23:580:35":28,"b:581:16:589:Infinity:undefined:undefined:undefined:undefined":61,"s:581:16:589:Infinity":133,"b:582:18:582:Infinity:583:18:583:Infinity:584:18:584:Infinity:585:18:585:Infinity:586:18:586:Infinity":62,"s:588:18:588:Infinity":134,"s:591:16:591:Infinity":135,"s:592:16:592:Infinity":136,"s:594:16:609:Infinity":137,"s:596:20:596:Infinity":138,"b:596:45:596:61:596:61:596:Infinity":63,"s:598:18:598:Infinity":139,"s:600:18:600:Infinity":140,"s:601:18:601:Infinity":141,"s:602:18:602:Infinity":142,"s:604:18:606:Infinity":143,"b:605:45:605:61:605:61:605:Infinity":64,"s:608:18:608:Infinity":144,"b:613:18:613:Infinity:614:18:614:Infinity":65,"b:614:48:614:52:614:52:614:63":66,"b:620:7:620:Infinity:621:8:646:Infinity":67,"f:622:19:622:25":29,"s:622:25:622:Infinity":145,"f:636:21:636:22":30,"s:636:32:636:Infinity":146}}}
,"C:\\Users\\monae\\Downloads\\GrinCode-main\\src\\button.tsx": {"path":"C:\\Users\\monae\\Downloads\\GrinCode-main\\src\\button.tsx","statementMap":{"0":{"start":{"line":25,"column":4},"end":{"line":42,"column":null}}},"fnMap":{"0":{"name":"Button","decl":{"start":{"line":14,"column":24},"end":{"line":14,"column":31}},"loc":{"start":{"line":24,"column":16},"end":{"line":44,"column":null}},"line":24}},"branchMap":{"0":{"loc":{"start":{"line":20,"column":4},"end":{"line":20,"column":null}},"type":"default-arg","locations":[{"start":{"line":20,"column":12},"end":{"line":20,"column":null}}],"line":20},"1":{"loc":{"start":{"line":35,"column":26},"end":{"line":35,"column":null}},"type":"cond-expr","locations":[{"start":{"line":35,"column":38},"end":{"line":35,"column":48}},{"start":{"line":35,"column":48},"end":{"line":35,"column":null}}],"line":35}},"s":{"0":87},"f":{"0":87},"b":{"0":[87],"1":[84,3]},"meta":{"lastBranch":2,"lastFunction":1,"lastStatement":1,"seen":{"f:14:24:14:31":0,"b:20:12:20:Infinity":0,"s:25:4:42:Infinity":0,"b:35:38:35:48:35:48:35:Infinity":1}}}
,"C:\\Users\\monae\\Downloads\\GrinCode-main\\src\\components\\gambling-banner.JPG": {"path":"C:\\Users\\monae\\Downloads\\GrinCode-main\\src\\components\\gambling-banner.JPG","statementMap":{},"fnMap":{},"branchMap":{},"s":{},"f":{},"b":{},"meta":{"lastBranch":0,"lastFunction":0,"lastStatement":0,"seen":{}}}
}
